This is pdfTeX, Version 3.14159265-2.6-1.40.16 (TeX Live 2015) (preloaded format=pdflatex 2015.5.24)  27 JUN 2016 17:04
entering extended mode
 \write18 enabled.
 %&-line parsing enabled.
**chp4.tex
(./chp4.tex
LaTeX2e <2015/01/01>
Babel <3.9l> and hyphenation patterns for 79 languages loaded.
(/usr/local/texlive/2015/texmf-dist/tex/latex/beamer/beamer.cls
(/usr/local/texlive/2015/texmf-dist/tex/latex/beamer/beamerbasercs.sty
Package: beamerbasercs 2015/03/08 (rcs-revision 368aa9ba9d38)
)
Document Class: beamer 2015/01/05 3.36 A class for typesetting presentations (r
cs-revision 8a39122e1f63)
(/usr/local/texlive/2015/texmf-dist/tex/latex/beamer/beamerbasemodes.sty
Package: beamerbasemodes 2013/09/03 (rcs-revision 768f2d98ca64)
\beamer@tempbox=\box26
\beamer@tempcount=\count79
\c@beamerpauses=\count80

(/usr/local/texlive/2015/texmf-dist/tex/latex/beamer/beamerbasedecode.sty
Package: beamerbasedecode 2010/05/01 (rcs-revision efa082c6111d)
\beamer@slideinframe=\count81
\beamer@minimum=\count82
)
\beamer@commentbox=\box27
\beamer@modecount=\count83
)
(/usr/local/texlive/2015/texmf-dist/tex/generic/oberdiek/ifpdf.sty
Package: ifpdf 2011/01/30 v2.3 Provides the ifpdf switch (HO)
Package ifpdf Info: pdfTeX in PDF mode is detected.
)
\headheight=\dimen102
\headdp=\dimen103
\footheight=\dimen104
\sidebarheight=\dimen105
\beamer@tempdim=\dimen106
\beamer@finalheight=\dimen107
\beamer@animht=\dimen108
\beamer@animdp=\dimen109
\beamer@animwd=\dimen110
\beamer@leftmargin=\dimen111
\beamer@rightmargin=\dimen112
\beamer@leftsidebar=\dimen113
\beamer@rightsidebar=\dimen114
\beamer@boxsize=\dimen115
\beamer@vboxoffset=\dimen116
\beamer@descdefault=\dimen117
\beamer@descriptionwidth=\dimen118
\beamer@lastskip=\skip41
\beamer@areabox=\box28
\beamer@animcurrent=\box29
\beamer@animshowbox=\box30
\beamer@sectionbox=\box31
\beamer@logobox=\box32
\beamer@linebox=\box33
\beamer@sectioncount=\count84
\beamer@subsubsectionmax=\count85
\beamer@subsectionmax=\count86
\beamer@sectionmax=\count87
\beamer@totalheads=\count88
\beamer@headcounter=\count89
\beamer@partstartpage=\count90
\beamer@sectionstartpage=\count91
\beamer@subsectionstartpage=\count92
\beamer@animationtempa=\count93
\beamer@animationtempb=\count94
\beamer@xpos=\count95
\beamer@ypos=\count96
\beamer@showpartnumber=\count97
\beamer@currentsubsection=\count98
\beamer@coveringdepth=\count99
\beamer@sectionadjust=\count100
\beamer@tocsectionnumber=\count101

(/usr/local/texlive/2015/texmf-dist/tex/latex/beamer/beamerbaseoptions.sty
Package: beamerbaseoptions 2013/03/10 (rcs-revision 47431932db0d)

(/usr/local/texlive/2015/texmf-dist/tex/latex/graphics/keyval.sty
Package: keyval 2014/10/28 v1.15 key=value parser (DPC)
\KV@toks@=\toks14
))
\beamer@paperwidth=\skip42
\beamer@paperheight=\skip43

(/usr/local/texlive/2015/texmf-dist/tex/latex/geometry/geometry.sty
Package: geometry 2010/09/12 v5.6 Page Geometry

(/usr/local/texlive/2015/texmf-dist/tex/generic/oberdiek/ifvtex.sty
Package: ifvtex 2010/03/01 v1.5 Detect VTeX and its facilities (HO)
Package ifvtex Info: VTeX not detected.
)
(/usr/local/texlive/2015/texmf-dist/tex/generic/ifxetex/ifxetex.sty
Package: ifxetex 2010/09/12 v0.6 Provides ifxetex conditional
)
\Gm@cnth=\count102
\Gm@cntv=\count103
\c@Gm@tempcnt=\count104
\Gm@bindingoffset=\dimen119
\Gm@wd@mp=\dimen120
\Gm@odd@mp=\dimen121
\Gm@even@mp=\dimen122
\Gm@layoutwidth=\dimen123
\Gm@layoutheight=\dimen124
\Gm@layouthoffset=\dimen125
\Gm@layoutvoffset=\dimen126
\Gm@dimlist=\toks15
)

Class beamer Warning: ``slidestop'' is obsolete. Use ``t'' instead on input lin
e 348.


Class beamer Warning: ``mathserif'' is obsolete. Use font theme ``serif'' with 
option ``onlymath'' on input line 348.

(/usr/local/texlive/2015/texmf-dist/tex/latex/base/size11.clo
File: size11.clo 2014/09/29 v1.4h Standard LaTeX file (size option)
)
(/usr/local/texlive/2015/texmf-dist/tex/latex/pgf/basiclayer/pgfcore.sty
(/usr/local/texlive/2015/texmf-dist/tex/latex/graphics/graphicx.sty
Package: graphicx 2014/10/28 v1.0g Enhanced LaTeX Graphics (DPC,SPQR)

(/usr/local/texlive/2015/texmf-dist/tex/latex/graphics/graphics.sty
Package: graphics 2014/10/28 v1.0p Standard LaTeX Graphics (DPC,SPQR)

(/usr/local/texlive/2015/texmf-dist/tex/latex/graphics/trig.sty
Package: trig 1999/03/16 v1.09 sin cos tan (DPC)
)
(/usr/local/texlive/2015/texmf-dist/tex/latex/latexconfig/graphics.cfg
File: graphics.cfg 2010/04/23 v1.9 graphics configuration of TeX Live
)
Package graphics Info: Driver file: pdftex.def on input line 94.

(/usr/local/texlive/2015/texmf-dist/tex/latex/pdftex-def/pdftex.def
File: pdftex.def 2011/05/27 v0.06d Graphics/color for pdfTeX

(/usr/local/texlive/2015/texmf-dist/tex/generic/oberdiek/infwarerr.sty
Package: infwarerr 2010/04/08 v1.3 Providing info/warning/error messages (HO)
)
(/usr/local/texlive/2015/texmf-dist/tex/generic/oberdiek/ltxcmds.sty
Package: ltxcmds 2011/11/09 v1.22 LaTeX kernel commands for general use (HO)
)
\Gread@gobject=\count105
))
\Gin@req@height=\dimen127
\Gin@req@width=\dimen128
)
(/usr/local/texlive/2015/texmf-dist/tex/latex/pgf/systemlayer/pgfsys.sty
(/usr/local/texlive/2015/texmf-dist/tex/latex/pgf/utilities/pgfrcs.sty
(/usr/local/texlive/2015/texmf-dist/tex/generic/pgf/utilities/pgfutil-common.te
x
\pgfutil@everybye=\toks16
\pgfutil@tempdima=\dimen129
\pgfutil@tempdimb=\dimen130

(/usr/local/texlive/2015/texmf-dist/tex/generic/pgf/utilities/pgfutil-common-li
sts.tex))
(/usr/local/texlive/2015/texmf-dist/tex/generic/pgf/utilities/pgfutil-latex.def
\pgfutil@abb=\box34
(/usr/local/texlive/2015/texmf-dist/tex/latex/ms/everyshi.sty
Package: everyshi 2001/05/15 v3.00 EveryShipout Package (MS)
))
(/usr/local/texlive/2015/texmf-dist/tex/generic/pgf/utilities/pgfrcs.code.tex
Package: pgfrcs 2013/12/20 v3.0.0 (rcs-revision 1.28)
))
(/usr/local/texlive/2015/texmf-dist/tex/generic/pgf/systemlayer/pgfsys.code.tex
Package: pgfsys 2013/11/30 v3.0.0 (rcs-revision 1.47)
(/usr/local/texlive/2015/texmf-dist/tex/generic/pgf/utilities/pgfkeys.code.tex
\pgfkeys@pathtoks=\toks17
\pgfkeys@temptoks=\toks18

(/usr/local/texlive/2015/texmf-dist/tex/generic/pgf/utilities/pgfkeysfiltered.c
ode.tex
\pgfkeys@tmptoks=\toks19
))
\pgf@x=\dimen131
\pgf@y=\dimen132
\pgf@xa=\dimen133
\pgf@ya=\dimen134
\pgf@xb=\dimen135
\pgf@yb=\dimen136
\pgf@xc=\dimen137
\pgf@yc=\dimen138
\w@pgf@writea=\write3
\r@pgf@reada=\read1
\c@pgf@counta=\count106
\c@pgf@countb=\count107
\c@pgf@countc=\count108
\c@pgf@countd=\count109
\t@pgf@toka=\toks20
\t@pgf@tokb=\toks21
\t@pgf@tokc=\toks22

(/usr/local/texlive/2015/texmf-dist/tex/generic/pgf/systemlayer/pgf.cfg
File: pgf.cfg 2008/05/14  (rcs-revision 1.7)
)
Driver file for pgf: pgfsys-pdftex.def

(/usr/local/texlive/2015/texmf-dist/tex/generic/pgf/systemlayer/pgfsys-pdftex.d
ef
File: pgfsys-pdftex.def 2013/07/18  (rcs-revision 1.33)

(/usr/local/texlive/2015/texmf-dist/tex/generic/pgf/systemlayer/pgfsys-common-p
df.def
File: pgfsys-common-pdf.def 2013/10/10  (rcs-revision 1.13)
)))
(/usr/local/texlive/2015/texmf-dist/tex/generic/pgf/systemlayer/pgfsyssoftpath.
code.tex
File: pgfsyssoftpath.code.tex 2013/09/09  (rcs-revision 1.9)
\pgfsyssoftpath@smallbuffer@items=\count110
\pgfsyssoftpath@bigbuffer@items=\count111
)
(/usr/local/texlive/2015/texmf-dist/tex/generic/pgf/systemlayer/pgfsysprotocol.
code.tex
File: pgfsysprotocol.code.tex 2006/10/16  (rcs-revision 1.4)
)) (/usr/local/texlive/2015/texmf-dist/tex/latex/xcolor/xcolor.sty
Package: xcolor 2007/01/21 v2.11 LaTeX color extensions (UK)

(/usr/local/texlive/2015/texmf-dist/tex/latex/latexconfig/color.cfg
File: color.cfg 2007/01/18 v1.5 color configuration of teTeX/TeXLive
)
Package xcolor Info: Driver file: pdftex.def on input line 225.
Package xcolor Info: Model `cmy' substituted by `cmy0' on input line 1337.
Package xcolor Info: Model `hsb' substituted by `rgb' on input line 1341.
Package xcolor Info: Model `RGB' extended on input line 1353.
Package xcolor Info: Model `HTML' substituted by `rgb' on input line 1355.
Package xcolor Info: Model `Hsb' substituted by `hsb' on input line 1356.
Package xcolor Info: Model `tHsb' substituted by `hsb' on input line 1357.
Package xcolor Info: Model `HSB' substituted by `hsb' on input line 1358.
Package xcolor Info: Model `Gray' substituted by `gray' on input line 1359.
Package xcolor Info: Model `wave' substituted by `hsb' on input line 1360.
)
(/usr/local/texlive/2015/texmf-dist/tex/generic/pgf/basiclayer/pgfcore.code.tex
Package: pgfcore 2010/04/11 v3.0.0 (rcs-revision 1.7)
(/usr/local/texlive/2015/texmf-dist/tex/generic/pgf/math/pgfmath.code.tex
(/usr/local/texlive/2015/texmf-dist/tex/generic/pgf/math/pgfmathcalc.code.tex
(/usr/local/texlive/2015/texmf-dist/tex/generic/pgf/math/pgfmathutil.code.tex)
(/usr/local/texlive/2015/texmf-dist/tex/generic/pgf/math/pgfmathparser.code.tex
\pgfmath@dimen=\dimen139
\pgfmath@count=\count112
\pgfmath@box=\box35
\pgfmath@toks=\toks23
\pgfmath@stack@operand=\toks24
\pgfmath@stack@operation=\toks25
)
(/usr/local/texlive/2015/texmf-dist/tex/generic/pgf/math/pgfmathfunctions.code.
tex
(/usr/local/texlive/2015/texmf-dist/tex/generic/pgf/math/pgfmathfunctions.basic
.code.tex)
(/usr/local/texlive/2015/texmf-dist/tex/generic/pgf/math/pgfmathfunctions.trigo
nometric.code.tex)
(/usr/local/texlive/2015/texmf-dist/tex/generic/pgf/math/pgfmathfunctions.rando
m.code.tex)
(/usr/local/texlive/2015/texmf-dist/tex/generic/pgf/math/pgfmathfunctions.compa
rison.code.tex)
(/usr/local/texlive/2015/texmf-dist/tex/generic/pgf/math/pgfmathfunctions.base.
code.tex)
(/usr/local/texlive/2015/texmf-dist/tex/generic/pgf/math/pgfmathfunctions.round
.code.tex)
(/usr/local/texlive/2015/texmf-dist/tex/generic/pgf/math/pgfmathfunctions.misc.
code.tex)
(/usr/local/texlive/2015/texmf-dist/tex/generic/pgf/math/pgfmathfunctions.integ
erarithmetics.code.tex)))
(/usr/local/texlive/2015/texmf-dist/tex/generic/pgf/math/pgfmathfloat.code.tex
\c@pgfmathroundto@lastzeros=\count113
))
(/usr/local/texlive/2015/texmf-dist/tex/generic/pgf/basiclayer/pgfcorepoints.co
de.tex
File: pgfcorepoints.code.tex 2013/10/07  (rcs-revision 1.27)
\pgf@picminx=\dimen140
\pgf@picmaxx=\dimen141
\pgf@picminy=\dimen142
\pgf@picmaxy=\dimen143
\pgf@pathminx=\dimen144
\pgf@pathmaxx=\dimen145
\pgf@pathminy=\dimen146
\pgf@pathmaxy=\dimen147
\pgf@xx=\dimen148
\pgf@xy=\dimen149
\pgf@yx=\dimen150
\pgf@yy=\dimen151
\pgf@zx=\dimen152
\pgf@zy=\dimen153
)
(/usr/local/texlive/2015/texmf-dist/tex/generic/pgf/basiclayer/pgfcorepathconst
ruct.code.tex
File: pgfcorepathconstruct.code.tex 2013/10/07  (rcs-revision 1.29)
\pgf@path@lastx=\dimen154
\pgf@path@lasty=\dimen155
)
(/usr/local/texlive/2015/texmf-dist/tex/generic/pgf/basiclayer/pgfcorepathusage
.code.tex
File: pgfcorepathusage.code.tex 2013/12/13  (rcs-revision 1.23)
\pgf@shorten@end@additional=\dimen156
\pgf@shorten@start@additional=\dimen157
)
(/usr/local/texlive/2015/texmf-dist/tex/generic/pgf/basiclayer/pgfcorescopes.co
de.tex
File: pgfcorescopes.code.tex 2013/10/09  (rcs-revision 1.44)
\pgfpic=\box36
\pgf@hbox=\box37
\pgf@layerbox@main=\box38
\pgf@picture@serial@count=\count114
)
(/usr/local/texlive/2015/texmf-dist/tex/generic/pgf/basiclayer/pgfcoregraphicst
ate.code.tex
File: pgfcoregraphicstate.code.tex 2013/09/19  (rcs-revision 1.11)
\pgflinewidth=\dimen158
)
(/usr/local/texlive/2015/texmf-dist/tex/generic/pgf/basiclayer/pgfcoretransform
ations.code.tex
File: pgfcoretransformations.code.tex 2013/10/10  (rcs-revision 1.17)
\pgf@pt@x=\dimen159
\pgf@pt@y=\dimen160
\pgf@pt@temp=\dimen161
)
(/usr/local/texlive/2015/texmf-dist/tex/generic/pgf/basiclayer/pgfcorequick.cod
e.tex
File: pgfcorequick.code.tex 2008/10/09  (rcs-revision 1.3)
)
(/usr/local/texlive/2015/texmf-dist/tex/generic/pgf/basiclayer/pgfcoreobjects.c
ode.tex
File: pgfcoreobjects.code.tex 2006/10/11  (rcs-revision 1.2)
)
(/usr/local/texlive/2015/texmf-dist/tex/generic/pgf/basiclayer/pgfcorepathproce
ssing.code.tex
File: pgfcorepathprocessing.code.tex 2013/09/09  (rcs-revision 1.9)
)
(/usr/local/texlive/2015/texmf-dist/tex/generic/pgf/basiclayer/pgfcorearrows.co
de.tex
File: pgfcorearrows.code.tex 2013/11/07  (rcs-revision 1.40)
\pgfarrowsep=\dimen162
)
(/usr/local/texlive/2015/texmf-dist/tex/generic/pgf/basiclayer/pgfcoreshade.cod
e.tex
File: pgfcoreshade.code.tex 2013/07/15  (rcs-revision 1.15)
\pgf@max=\dimen163
\pgf@sys@shading@range@num=\count115
)
(/usr/local/texlive/2015/texmf-dist/tex/generic/pgf/basiclayer/pgfcoreimage.cod
e.tex
File: pgfcoreimage.code.tex 2013/07/15  (rcs-revision 1.18)

(/usr/local/texlive/2015/texmf-dist/tex/generic/pgf/basiclayer/pgfcoreexternal.
code.tex
File: pgfcoreexternal.code.tex 2013/07/15  (rcs-revision 1.20)
\pgfexternal@startupbox=\box39
))
(/usr/local/texlive/2015/texmf-dist/tex/generic/pgf/basiclayer/pgfcorelayers.co
de.tex
File: pgfcorelayers.code.tex 2013/07/18  (rcs-revision 1.7)
)
(/usr/local/texlive/2015/texmf-dist/tex/generic/pgf/basiclayer/pgfcoretranspare
ncy.code.tex
File: pgfcoretransparency.code.tex 2013/09/30  (rcs-revision 1.5)
)
(/usr/local/texlive/2015/texmf-dist/tex/generic/pgf/basiclayer/pgfcorepatterns.
code.tex
File: pgfcorepatterns.code.tex 2013/11/07  (rcs-revision 1.5)
)))
(/usr/local/texlive/2015/texmf-dist/tex/latex/pgf/utilities/xxcolor.sty
Package: xxcolor 2003/10/24 ver 0.1
\XC@nummixins=\count116
\XC@countmixins=\count117
)
(/usr/local/texlive/2015/texmf-dist/tex/generic/oberdiek/atbegshi.sty
Package: atbegshi 2011/10/05 v1.16 At begin shipout hook (HO)
)
(/usr/local/texlive/2015/texmf-dist/tex/latex/hyperref/hyperref.sty
Package: hyperref 2012/11/06 v6.83m Hypertext links for LaTeX

(/usr/local/texlive/2015/texmf-dist/tex/generic/oberdiek/hobsub-hyperref.sty
Package: hobsub-hyperref 2012/05/28 v1.13 Bundle oberdiek, subset hyperref (HO)


(/usr/local/texlive/2015/texmf-dist/tex/generic/oberdiek/hobsub-generic.sty
Package: hobsub-generic 2012/05/28 v1.13 Bundle oberdiek, subset generic (HO)
Package: hobsub 2012/05/28 v1.13 Construct package bundles (HO)
Package hobsub Info: Skipping package `infwarerr' (already loaded).
Package hobsub Info: Skipping package `ltxcmds' (already loaded).
Package: ifluatex 2010/03/01 v1.3 Provides the ifluatex switch (HO)
Package ifluatex Info: LuaTeX not detected.
Package hobsub Info: Skipping package `ifvtex' (already loaded).
Package: intcalc 2007/09/27 v1.1 Expandable calculations with integers (HO)
Package hobsub Info: Skipping package `ifpdf' (already loaded).
Package: etexcmds 2011/02/16 v1.5 Avoid name clashes with e-TeX commands (HO)
Package etexcmds Info: Could not find \expanded.
(etexcmds)             That can mean that you are not using pdfTeX 1.50 or
(etexcmds)             that some package has redefined \expanded.
(etexcmds)             In the latter case, load this package earlier.
Package: kvsetkeys 2012/04/25 v1.16 Key value parser (HO)
Package: kvdefinekeys 2011/04/07 v1.3 Define keys (HO)
Package: pdftexcmds 2011/11/29 v0.20 Utility functions of pdfTeX for LuaTeX (HO
)
Package pdftexcmds Info: LuaTeX not detected.
Package pdftexcmds Info: \pdf@primitive is available.
Package pdftexcmds Info: \pdf@ifprimitive is available.
Package pdftexcmds Info: \pdfdraftmode found.
Package: pdfescape 2011/11/25 v1.13 Implements pdfTeX's escape features (HO)
Package: bigintcalc 2012/04/08 v1.3 Expandable calculations on big integers (HO
)
Package: bitset 2011/01/30 v1.1 Handle bit-vector datatype (HO)
Package: uniquecounter 2011/01/30 v1.2 Provide unlimited unique counter (HO)
)
Package hobsub Info: Skipping package `hobsub' (already loaded).
Package: letltxmacro 2010/09/02 v1.4 Let assignment for LaTeX macros (HO)
Package: hopatch 2012/05/28 v1.2 Wrapper for package hooks (HO)
Package: xcolor-patch 2011/01/30 xcolor patch
Package: atveryend 2011/06/30 v1.8 Hooks at the very end of document (HO)
Package atveryend Info: \enddocument detected (standard20110627).
Package hobsub Info: Skipping package `atbegshi' (already loaded).
Package: refcount 2011/10/16 v3.4 Data extraction from label references (HO)
Package: hycolor 2011/01/30 v1.7 Color options for hyperref/bookmark (HO)
)
(/usr/local/texlive/2015/texmf-dist/tex/latex/oberdiek/auxhook.sty
Package: auxhook 2011/03/04 v1.3 Hooks for auxiliary files (HO)
)
(/usr/local/texlive/2015/texmf-dist/tex/latex/oberdiek/kvoptions.sty
Package: kvoptions 2011/06/30 v3.11 Key value format for package options (HO)
)
\@linkdim=\dimen164
\Hy@linkcounter=\count118
\Hy@pagecounter=\count119

(/usr/local/texlive/2015/texmf-dist/tex/latex/hyperref/pd1enc.def
File: pd1enc.def 2012/11/06 v6.83m Hyperref: PDFDocEncoding definition (HO)
)
\Hy@SavedSpaceFactor=\count120

(/usr/local/texlive/2015/texmf-dist/tex/latex/latexconfig/hyperref.cfg
File: hyperref.cfg 2002/06/06 v1.2 hyperref configuration of TeXLive
)
Package hyperref Info: Option `bookmarks' set `true' on input line 4319.
Package hyperref Info: Option `bookmarksopen' set `true' on input line 4319.
Package hyperref Info: Option `implicit' set `false' on input line 4319.
Package hyperref Info: Hyper figures OFF on input line 4443.
Package hyperref Info: Link nesting OFF on input line 4448.
Package hyperref Info: Hyper index ON on input line 4451.
Package hyperref Info: Plain pages OFF on input line 4458.
Package hyperref Info: Backreferencing OFF on input line 4463.
Package hyperref Info: Implicit mode OFF; no redefinition of LaTeX internals.
Package hyperref Info: Bookmarks ON on input line 4688.
\c@Hy@tempcnt=\count121

(/usr/local/texlive/2015/texmf-dist/tex/latex/url/url.sty
\Urlmuskip=\muskip10
Package: url 2013/09/16  ver 3.4  Verb mode for urls, etc.
)
LaTeX Info: Redefining \url on input line 5041.
\XeTeXLinkMargin=\dimen165
\Fld@menulength=\count122
\Field@Width=\dimen166
\Fld@charsize=\dimen167
Package hyperref Info: Hyper figures OFF on input line 6295.
Package hyperref Info: Link nesting OFF on input line 6300.
Package hyperref Info: Hyper index ON on input line 6303.
Package hyperref Info: backreferencing OFF on input line 6310.
Package hyperref Info: Link coloring OFF on input line 6315.
Package hyperref Info: Link coloring with OCG OFF on input line 6320.
Package hyperref Info: PDF/A mode OFF on input line 6325.
LaTeX Info: Redefining \ref on input line 6365.
LaTeX Info: Redefining \pageref on input line 6369.
\Hy@abspage=\count123


Package hyperref Message: Stopped early.

)

Package hyperref Message: Driver (autodetected): hpdftex.

(/usr/local/texlive/2015/texmf-dist/tex/latex/hyperref/hpdftex.def
File: hpdftex.def 2012/11/06 v6.83m Hyperref driver for pdfTeX
\Fld@listcount=\count124
\c@bookmark@seq@number=\count125

(/usr/local/texlive/2015/texmf-dist/tex/latex/oberdiek/rerunfilecheck.sty
Package: rerunfilecheck 2011/04/15 v1.7 Rerun checks for auxiliary files (HO)
Package uniquecounter Info: New unique counter `rerunfilecheck' on input line 2
82.
))
(/usr/local/texlive/2015/texmf-dist/tex/latex/beamer/beamerbaserequires.sty
Package: beamerbaserequires 2010/05/01  (rcs-revision efa082c6111d)

(/usr/local/texlive/2015/texmf-dist/tex/latex/beamer/beamerbasecompatibility.st
y
Package: beamerbasecompatibility 2012/05/01  (rcs-revision 67c48b3b652d)
) (/usr/local/texlive/2015/texmf-dist/tex/latex/beamer/beamerbasefont.sty
Package: beamerbasefont 2015/01/05  (rcs-revision b4b4bee242e2)

(/usr/local/texlive/2015/texmf-dist/tex/latex/amsfonts/amssymb.sty
Package: amssymb 2013/01/14 v3.01 AMS font symbols

(/usr/local/texlive/2015/texmf-dist/tex/latex/amsfonts/amsfonts.sty
Package: amsfonts 2013/01/14 v3.01 Basic AMSFonts support
\@emptytoks=\toks26
\symAMSa=\mathgroup4
\symAMSb=\mathgroup5
LaTeX Font Info:    Overwriting math alphabet `\mathfrak' in version `bold'
(Font)                  U/euf/m/n --> U/euf/b/n on input line 106.
)))
(/usr/local/texlive/2015/texmf-dist/tex/latex/beamer/beamerbasetranslator.sty
Package: beamerbasetranslator 2010/06/11  (rcs-revision 85fd1cc7fc42)

(/usr/local/texlive/2015/texmf-dist/tex/latex/beamer/translator/translator.sty
Package: translator 2010/06/12 ver 1.10

(/usr/local/texlive/2015/texmf-dist/tex/latex/beamer/translator/translator-lang
uage-mappings.tex)))
(/usr/local/texlive/2015/texmf-dist/tex/latex/beamer/beamerbasemisc.sty
Package: beamerbasemisc 2013/09/03  (rcs-revision a55719c41d85)
)
(/usr/local/texlive/2015/texmf-dist/tex/latex/beamer/beamerbasetwoscreens.sty
Package: beamerbasetwoscreens 2010/05/01  (rcs-revision efa082c6111d)
)
(/usr/local/texlive/2015/texmf-dist/tex/latex/beamer/beamerbaseoverlay.sty
Package: beamerbaseoverlay 2013/12/25  (rcs-revision f6bd5e3805da)
\beamer@argscount=\count126
\beamer@lastskipcover=\skip44
\beamer@trivlistdepth=\count127
)
(/usr/local/texlive/2015/texmf-dist/tex/latex/beamer/beamerbasetitle.sty
Package: beamerbasetitle 2010/09/21  (rcs-revision f0446ed0b6ae)
)
(/usr/local/texlive/2015/texmf-dist/tex/latex/beamer/beamerbasesection.sty
Package: beamerbasesection 2013/06/07  (rcs-revision 60b9fe0f342f)
\c@lecture=\count128
\c@part=\count129
\c@section=\count130
\c@subsection=\count131
\c@subsubsection=\count132
)
(/usr/local/texlive/2015/texmf-dist/tex/latex/beamer/beamerbaseframe.sty
Package: beamerbaseframe 2014/02/20  (rcs-revision 4b8ceeeff434)
\beamer@framebox=\box40
\beamer@frametitlebox=\box41
\beamer@zoombox=\box42
\beamer@zoomcount=\count133
\beamer@zoomframecount=\count134
\beamer@frametextheight=\dimen168
\c@subsectionslide=\count135
\beamer@frametopskip=\skip45
\beamer@framebottomskip=\skip46
\beamer@frametopskipautobreak=\skip47
\beamer@framebottomskipautobreak=\skip48
\beamer@envbody=\toks27
\framewidth=\dimen169
\c@framenumber=\count136
)
(/usr/local/texlive/2015/texmf-dist/tex/latex/beamer/beamerbaseverbatim.sty
Package: beamerbaseverbatim 2015/01/05  (rcs-revision 431510bb5890)
\beamer@verbatimfileout=\write4
)
(/usr/local/texlive/2015/texmf-dist/tex/latex/beamer/beamerbaseframesize.sty
Package: beamerbaseframesize 2011/09/12  (rcs-revision 70f9d8411e54)
\beamer@splitbox=\box43
\beamer@autobreakcount=\count137
\beamer@autobreaklastheight=\dimen170
\beamer@frametitletoks=\toks28
\beamer@framesubtitletoks=\toks29
)
(/usr/local/texlive/2015/texmf-dist/tex/latex/beamer/beamerbaseframecomponents.
sty
Package: beamerbaseframecomponents 2013/10/18  (rcs-revision 5cf6c5555a45)
\beamer@footins=\box44
) (/usr/local/texlive/2015/texmf-dist/tex/latex/beamer/beamerbasecolor.sty
Package: beamerbasecolor 2015/02/21  (rcs-revision d944b04ee2d5)
)
(/usr/local/texlive/2015/texmf-dist/tex/latex/beamer/beamerbasenotes.sty
Package: beamerbasenotes 2012/12/19  (rcs-revision 1686da3db3c9)
\beamer@frameboxcopy=\box45
)
(/usr/local/texlive/2015/texmf-dist/tex/latex/beamer/beamerbasetoc.sty
Package: beamerbasetoc 2015/03/08  (rcs-revision 7270298bbaae)
)
(/usr/local/texlive/2015/texmf-dist/tex/latex/beamer/beamerbasetemplates.sty
Package: beamerbasetemplates 2010/05/01  (rcs-revision efa082c6111d)
\beamer@sbttoks=\toks30

(/usr/local/texlive/2015/texmf-dist/tex/latex/beamer/beamerbaseauxtemplates.sty
Package: beamerbaseauxtemplates 2014/06/30  (rcs-revision 580088513a67)
(/usr/local/texlive/2015/texmf-dist/tex/latex/beamer/beamerbaseboxes.sty
Package: beamerbaseboxes 2012/05/13  (rcs-revision 56972908a390)
\bmb@box=\box46
\bmb@colorbox=\box47
\bmb@boxshadow=\box48
\bmb@boxshadowball=\box49
\bmb@boxshadowballlarge=\box50
\bmb@temp=\dimen171
\bmb@dima=\dimen172
\bmb@dimb=\dimen173
\bmb@prevheight=\dimen174
)
\beamer@blockheadheight=\dimen175
))
(/usr/local/texlive/2015/texmf-dist/tex/latex/beamer/beamerbaselocalstructure.s
ty
Package: beamerbaselocalstructure 2014/09/10  (rcs-revision 393f6dcff371)
 (/usr/local/texlive/2015/texmf-dist/tex/latex/tools/enumerate.sty
Package: enumerate 2014/10/28 v3.00 enumerate extensions (DPC)
\@enLab=\toks31
)
\c@figure=\count138
\c@table=\count139
\abovecaptionskip=\skip49
\belowcaptionskip=\skip50
)
(/usr/local/texlive/2015/texmf-dist/tex/latex/beamer/beamerbasenavigation.sty
Package: beamerbasenavigation 2015/02/27  (rcs-revision 923f4bf87efa)
\beamer@section@min@dim=\dimen176
)
(/usr/local/texlive/2015/texmf-dist/tex/latex/beamer/beamerbasetheorems.sty
Package: beamerbasetheorems 2010/06/06  (rcs-revision 7e7cc5e53e9d)

(/usr/local/texlive/2015/texmf-dist/tex/latex/amsmath/amsmath.sty
Package: amsmath 2013/01/14 v2.14 AMS math features
\@mathmargin=\skip51

For additional information on amsmath, use the `?' option.
(/usr/local/texlive/2015/texmf-dist/tex/latex/amsmath/amstext.sty
Package: amstext 2000/06/29 v2.01

(/usr/local/texlive/2015/texmf-dist/tex/latex/amsmath/amsgen.sty
File: amsgen.sty 1999/11/30 v2.0
\@emptytoks=\toks32
\ex@=\dimen177
))
(/usr/local/texlive/2015/texmf-dist/tex/latex/amsmath/amsbsy.sty
Package: amsbsy 1999/11/29 v1.2d
\pmbraise@=\dimen178
)
(/usr/local/texlive/2015/texmf-dist/tex/latex/amsmath/amsopn.sty
Package: amsopn 1999/12/14 v2.01 operator names
)
\inf@bad=\count140
LaTeX Info: Redefining \frac on input line 210.
\uproot@=\count141
\leftroot@=\count142
LaTeX Info: Redefining \overline on input line 306.
\classnum@=\count143
\DOTSCASE@=\count144
LaTeX Info: Redefining \ldots on input line 378.
LaTeX Info: Redefining \dots on input line 381.
LaTeX Info: Redefining \cdots on input line 466.
\Mathstrutbox@=\box51
\strutbox@=\box52
\big@size=\dimen179
LaTeX Font Info:    Redeclaring font encoding OML on input line 566.
LaTeX Font Info:    Redeclaring font encoding OMS on input line 567.
\macc@depth=\count145
\c@MaxMatrixCols=\count146
\dotsspace@=\muskip11
\c@parentequation=\count147
\dspbrk@lvl=\count148
\tag@help=\toks33
\row@=\count149
\column@=\count150
\maxfields@=\count151
\andhelp@=\toks34
\eqnshift@=\dimen180
\alignsep@=\dimen181
\tagshift@=\dimen182
\tagwidth@=\dimen183
\totwidth@=\dimen184
\lineht@=\dimen185
\@envbody=\toks35
\multlinegap=\skip52
\multlinetaggap=\skip53
\mathdisplay@stack=\toks36
LaTeX Info: Redefining \[ on input line 2665.
LaTeX Info: Redefining \] on input line 2666.
)
(/usr/local/texlive/2015/texmf-dist/tex/latex/amscls/amsthm.sty
Package: amsthm 2015/03/04 v2.20.2
\thm@style=\toks37
\thm@bodyfont=\toks38
\thm@headfont=\toks39
\thm@notefont=\toks40
\thm@headpunct=\toks41
\thm@preskip=\skip54
\thm@postskip=\skip55
\thm@headsep=\skip56
\dth@everypar=\toks42
)
\c@theorem=\count152
)
(/usr/local/texlive/2015/texmf-dist/tex/latex/beamer/beamerbasethemes.sty
Package: beamerbasethemes 2010/05/01  (rcs-revision efa082c6111d)
))
(/usr/local/texlive/2015/texmf-dist/tex/latex/beamer/themes/theme/beamerthemede
fault.sty
Package: beamerthemedefault 2010/06/17  (rcs-revision d02a7cf4d8ae)

(/usr/local/texlive/2015/texmf-dist/tex/latex/beamer/themes/font/beamerfontthem
edefault.sty
Package: beamerfontthemedefault 2012/12/19  (rcs-revision 1686da3db3c9)
)
(/usr/local/texlive/2015/texmf-dist/tex/latex/beamer/themes/color/beamercolorth
emedefault.sty
Package: beamercolorthemedefault 2012/12/19  (rcs-revision 1686da3db3c9)
)
(/usr/local/texlive/2015/texmf-dist/tex/latex/beamer/themes/inner/beamerinnerth
emedefault.sty
Package: beamerinnerthemedefault 2014/06/30  (rcs-revision 580088513a67)
\beamer@dima=\dimen186
\beamer@dimb=\dimen187
)
(/usr/local/texlive/2015/texmf-dist/tex/latex/beamer/themes/outer/beamerouterth
emedefault.sty
Package: beamerouterthemedefault 2012/12/19  (rcs-revision 1686da3db3c9)
))) (../lec_style.tex
(/Users/mine/Library/texmf/tex/latex/metropolis/beamerthememetropolis.sty
Package: beamerthememetropolis 2015/12/04 Metropolis Beamer theme

(/usr/local/texlive/2015/texmf-dist/tex/latex/etoolbox/etoolbox.sty
Package: etoolbox 2015/05/04 v2.2 e-TeX tools for LaTeX (JAW)
\etb@tempcnta=\count153
)
(/usr/local/texlive/2015/texmf-dist/tex/latex/pgfopts/pgfopts.sty
Package: pgfopts 2014/07/10 v2.1a LaTeX package options with pgfkeys

(/usr/local/texlive/2015/texmf-dist/tex/latex/pgf/utilities/pgfkeys.sty
(/usr/local/texlive/2015/texmf-dist/tex/generic/pgf/utilities/pgfkeys.code.tex)
)
\pgfopts@list@add@a@toks=\toks43
\pgfopts@list@add@b@toks=\toks44
)
(/Users/mine/Library/texmf/tex/latex/metropolis/beamerinnerthememetropolis.sty
Package: beamerinnerthememetropolis 2015/12/04 Metropolis inner theme

(/usr/local/texlive/2015/texmf-dist/tex/latex/tools/calc.sty
Package: calc 2014/10/28 v4.3 Infix arithmetic (KKT,FJ)
\calc@Acount=\count154
\calc@Bcount=\count155
\calc@Adimen=\dimen188
\calc@Bdimen=\dimen189
\calc@Askip=\skip57
\calc@Bskip=\skip58
LaTeX Info: Redefining \setlength on input line 80.
LaTeX Info: Redefining \addtolength on input line 81.
\calc@Ccount=\count156
\calc@Cskip=\skip59
)
(/usr/local/texlive/2015/texmf-dist/tex/latex/pgf/frontendlayer/tikz.sty
(/usr/local/texlive/2015/texmf-dist/tex/latex/pgf/basiclayer/pgf.sty
Package: pgf 2013/12/18 v3.0.0 (rcs-revision 1.14)

(/usr/local/texlive/2015/texmf-dist/tex/generic/pgf/modules/pgfmoduleshapes.cod
e.tex
File: pgfmoduleshapes.code.tex 2013/10/31  (rcs-revision 1.34)
\pgfnodeparttextbox=\box53
)
(/usr/local/texlive/2015/texmf-dist/tex/generic/pgf/modules/pgfmoduleplot.code.
tex
File: pgfmoduleplot.code.tex 2013/07/31  (rcs-revision 1.12)
)
(/usr/local/texlive/2015/texmf-dist/tex/latex/pgf/compatibility/pgfcomp-version
-0-65.sty
Package: pgfcomp-version-0-65 2007/07/03 v3.0.0 (rcs-revision 1.7)
\pgf@nodesepstart=\dimen190
\pgf@nodesepend=\dimen191
)
(/usr/local/texlive/2015/texmf-dist/tex/latex/pgf/compatibility/pgfcomp-version
-1-18.sty
Package: pgfcomp-version-1-18 2007/07/23 v3.0.0 (rcs-revision 1.1)
))
(/usr/local/texlive/2015/texmf-dist/tex/latex/pgf/utilities/pgffor.sty
(/usr/local/texlive/2015/texmf-dist/tex/latex/pgf/math/pgfmath.sty
(/usr/local/texlive/2015/texmf-dist/tex/generic/pgf/math/pgfmath.code.tex))
(/usr/local/texlive/2015/texmf-dist/tex/generic/pgf/utilities/pgffor.code.tex
Package: pgffor 2013/12/13 v3.0.0 (rcs-revision 1.25)

(/usr/local/texlive/2015/texmf-dist/tex/generic/pgf/math/pgfmath.code.tex)
\pgffor@iter=\dimen192
\pgffor@skip=\dimen193
\pgffor@stack=\toks45
\pgffor@toks=\toks46
))
(/usr/local/texlive/2015/texmf-dist/tex/generic/pgf/frontendlayer/tikz/tikz.cod
e.tex
Package: tikz 2013/12/13 v3.0.0 (rcs-revision 1.142)

(/usr/local/texlive/2015/texmf-dist/tex/generic/pgf/libraries/pgflibraryplothan
dlers.code.tex
File: pgflibraryplothandlers.code.tex 2013/08/31 v3.0.0 (rcs-revision 1.20)
\pgf@plot@mark@count=\count157
\pgfplotmarksize=\dimen194
)
\tikz@lastx=\dimen195
\tikz@lasty=\dimen196
\tikz@lastxsaved=\dimen197
\tikz@lastysaved=\dimen198
\tikzleveldistance=\dimen199
\tikzsiblingdistance=\dimen200
\tikz@figbox=\box54
\tikz@figbox@bg=\box55
\tikz@tempbox=\box56
\tikz@tempbox@bg=\box57
\tikztreelevel=\count158
\tikznumberofchildren=\count159
\tikznumberofcurrentchild=\count160
\tikz@fig@count=\count161

(/usr/local/texlive/2015/texmf-dist/tex/generic/pgf/modules/pgfmodulematrix.cod
e.tex
File: pgfmodulematrix.code.tex 2013/09/17  (rcs-revision 1.8)
\pgfmatrixcurrentrow=\count162
\pgfmatrixcurrentcolumn=\count163
\pgf@matrix@numberofcolumns=\count164
)
\tikz@expandcount=\count165

(/usr/local/texlive/2015/texmf-dist/tex/generic/pgf/frontendlayer/tikz/librarie
s/tikzlibrarytopaths.code.tex
File: tikzlibrarytopaths.code.tex 2008/06/17 v3.0.0 (rcs-revision 1.2)
)))
\metropolis@progressonsectionpage=\skip60
\@metropolis@blockskip=\skip61
\@metropolis@parskip=\skip62
)
(/Users/mine/Library/texmf/tex/latex/metropolis/beamerouterthememetropolis.sty
Package: beamerouterthememetropolis 2015/12/04 Metropolis outer theme
\@metropolis@frametitlestrut=\skip63
\metropolis@progressinheadfoot=\skip64
) (/Users/mine/Library/texmf/tex/latex/metropolis/beamercolorthememetropolis.st
y
Package: beamercolorthememetropolis 2015/12/04 Metropolis color theme
) (/Users/mine/Library/texmf/tex/latex/metropolis/beamerfontthememetropolis.sty
Package: beamerfontthememetropolis 2015/12/04 Metropolis font theme

Package beamerthememetropolis Warning: You need to compile with XeLaTeX or LuaL
aTeX to use the Fira fonts on input line 82.

)) (/usr/local/texlive/2015/texmf-dist/tex/latex/oberdiek/epstopdf.sty
Package: epstopdf 2010/02/09 v2.5 Conversion with epstopdf on the fly (HO)

(/usr/local/texlive/2015/texmf-dist/tex/latex/oberdiek/epstopdf-base.sty
Package: epstopdf-base 2010/02/09 v2.5 Base part for package epstopdf

(/usr/local/texlive/2015/texmf-dist/tex/latex/oberdiek/grfext.sty
Package: grfext 2010/08/19 v1.1 Manage graphics extensions (HO)
)
Package grfext Info: Graphics extension search list:
(grfext)             [.png,.pdf,.jpg,.mps,.jpeg,.jbig2,.jb2,.PNG,.PDF,.JPG,.JPE
G,.JBIG2,.JB2,.eps]
(grfext)             \AppendGraphicsExtensions on input line 452.

(/usr/local/texlive/2015/texmf-dist/tex/latex/latexconfig/epstopdf-sys.cfg
File: epstopdf-sys.cfg 2010/07/13 v1.3 Configuration of (r)epstopdf for TeX Liv
e
)))
(/usr/local/texlive/2015/texmf-dist/tex/generic/babel/babel.sty
Package: babel 2014/09/25 3.9l The Babel package

(/usr/local/texlive/2015/texmf-dist/tex/generic/babel-english/english.ldf
Language: english 2012/08/20 v3.3p English support from the babel system

(/usr/local/texlive/2015/texmf-dist/tex/generic/babel/babel.def
File: babel.def 2014/09/25 3.9l Babel common definitions
\babel@savecnt=\count166
\U@D=\dimen201
LaTeX Info: Redefining \textlatin on input line 1431.
)
\l@canadian = a dialect from \language\l@american 
\l@australian = a dialect from \language\l@british 
\l@newzealand = a dialect from \language\l@british 
))
(/usr/local/texlive/2015/texmf-dist/tex/latex/base/inputenc.sty
Package: inputenc 2015/03/17 v1.2c Input encoding file
\inpenc@prehook=\toks47
\inpenc@posthook=\toks48

(/usr/local/texlive/2015/texmf-dist/tex/latex/base/latin1.def
File: latin1.def 2015/03/17 v1.2c Input encoding file
))
(/usr/local/texlive/2015/texmf-dist/tex/latex/colortbl/colortbl.sty
Package: colortbl 2012/02/13 v1.0a Color table columns (DPC)

(/usr/local/texlive/2015/texmf-dist/tex/latex/tools/array.sty
Package: array 2014/10/28 v2.4c Tabular extension package (FMi)
\col@sep=\dimen202
\extrarowheight=\dimen203
\NC@list=\toks49
\extratabsurround=\skip65
\backup@length=\skip66
)
\everycr=\toks50
\minrowclearance=\skip67
)
(/usr/local/texlive/2015/texmf-dist/tex/latex/multirow/multirow.sty
\bigstrutjot=\dimen204
)
(/usr/local/texlive/2015/texmf-dist/tex/generic/ulem/ulem.sty
\UL@box=\box58
\UL@hyphenbox=\box59
\UL@skip=\skip68
\UL@hook=\toks51
\UL@height=\dimen205
\UL@pe=\count167
\UL@pixel=\dimen206
\ULC@box=\box60
Package: ulem 2012/05/18
\ULdepth=\dimen207
)
(/usr/local/texlive/2015/texmf-dist/tex/latex/tools/multicol.sty
Package: multicol 2015/03/31 v1.8m multicolumn formatting (FMi)
\c@tracingmulticols=\count168
\mult@box=\box61
\multicol@leftmargin=\dimen208
\c@unbalance=\count169
\c@collectmore=\count170
\doublecol@number=\count171
\multicoltolerance=\count172
\multicolpretolerance=\count173
\full@width=\dimen209
\page@free=\dimen210
\premulticols=\dimen211
\postmulticols=\dimen212
\multicolsep=\skip69
\multicolbaselineskip=\skip70
\partial@page=\box62
\last@line=\box63
\maxbalancingoverflow=\dimen213
\mult@rightbox=\box64
\mult@grightbox=\box65
\mult@gfirstbox=\box66
\mult@firstbox=\box67
\@tempa=\box68
\@tempa=\box69
\@tempa=\box70
\@tempa=\box71
\@tempa=\box72
\@tempa=\box73
\@tempa=\box74
\@tempa=\box75
\@tempa=\box76
\@tempa=\box77
\@tempa=\box78
\@tempa=\box79
\@tempa=\box80
\@tempa=\box81
\@tempa=\box82
\@tempa=\box83
\@tempa=\box84
\c@columnbadness=\count174
\c@finalcolumnbadness=\count175
\last@try=\dimen214
\multicolovershoot=\dimen215
\multicolundershoot=\dimen216
\mult@nat@firstbox=\box85
\colbreak@box=\box86
\mc@col@check@num=\count176
)
(/usr/local/texlive/2015/texmf-dist/tex/latex/base/textcomp.sty
Package: textcomp 2005/09/27 v1.99g Standard LaTeX package
Package textcomp Info: Sub-encoding information:
(textcomp)               5 = only ISO-Adobe without \textcurrency
(textcomp)               4 = 5 + \texteuro
(textcomp)               3 = 4 + \textohm
(textcomp)               2 = 3 + \textestimated + \textcurrency
(textcomp)               1 = TS1 - \textcircled - \t
(textcomp)               0 = TS1 (full)
(textcomp)             Font families with sub-encoding setting implement
(textcomp)             only a restricted character set as indicated.
(textcomp)             Family '?' is the default used for unknown fonts.
(textcomp)             See the documentation for details.
Package textcomp Info: Setting ? sub-encoding to TS1/1 on input line 79.

(/usr/local/texlive/2015/texmf-dist/tex/latex/base/ts1enc.def
File: ts1enc.def 2001/06/05 v3.0e (jk/car/fm) Standard LaTeX file
)
LaTeX Info: Redefining \oldstylenums on input line 334.
Package textcomp Info: Setting cmr sub-encoding to TS1/0 on input line 349.
Package textcomp Info: Setting cmss sub-encoding to TS1/0 on input line 350.
Package textcomp Info: Setting cmtt sub-encoding to TS1/0 on input line 351.
Package textcomp Info: Setting cmvtt sub-encoding to TS1/0 on input line 352.
Package textcomp Info: Setting cmbr sub-encoding to TS1/0 on input line 353.
Package textcomp Info: Setting cmtl sub-encoding to TS1/0 on input line 354.
Package textcomp Info: Setting ccr sub-encoding to TS1/0 on input line 355.
Package textcomp Info: Setting ptm sub-encoding to TS1/4 on input line 356.
Package textcomp Info: Setting pcr sub-encoding to TS1/4 on input line 357.
Package textcomp Info: Setting phv sub-encoding to TS1/4 on input line 358.
Package textcomp Info: Setting ppl sub-encoding to TS1/3 on input line 359.
Package textcomp Info: Setting pag sub-encoding to TS1/4 on input line 360.
Package textcomp Info: Setting pbk sub-encoding to TS1/4 on input line 361.
Package textcomp Info: Setting pnc sub-encoding to TS1/4 on input line 362.
Package textcomp Info: Setting pzc sub-encoding to TS1/4 on input line 363.
Package textcomp Info: Setting bch sub-encoding to TS1/4 on input line 364.
Package textcomp Info: Setting put sub-encoding to TS1/5 on input line 365.
Package textcomp Info: Setting uag sub-encoding to TS1/5 on input line 366.
Package textcomp Info: Setting ugq sub-encoding to TS1/5 on input line 367.
Package textcomp Info: Setting ul8 sub-encoding to TS1/4 on input line 368.
Package textcomp Info: Setting ul9 sub-encoding to TS1/4 on input line 369.
Package textcomp Info: Setting augie sub-encoding to TS1/5 on input line 370.
Package textcomp Info: Setting dayrom sub-encoding to TS1/3 on input line 371.
Package textcomp Info: Setting dayroms sub-encoding to TS1/3 on input line 372.

Package textcomp Info: Setting pxr sub-encoding to TS1/0 on input line 373.
Package textcomp Info: Setting pxss sub-encoding to TS1/0 on input line 374.
Package textcomp Info: Setting pxtt sub-encoding to TS1/0 on input line 375.
Package textcomp Info: Setting txr sub-encoding to TS1/0 on input line 376.
Package textcomp Info: Setting txss sub-encoding to TS1/0 on input line 377.
Package textcomp Info: Setting txtt sub-encoding to TS1/0 on input line 378.
Package textcomp Info: Setting lmr sub-encoding to TS1/0 on input line 379.
Package textcomp Info: Setting lmdh sub-encoding to TS1/0 on input line 380.
Package textcomp Info: Setting lmss sub-encoding to TS1/0 on input line 381.
Package textcomp Info: Setting lmssq sub-encoding to TS1/0 on input line 382.
Package textcomp Info: Setting lmvtt sub-encoding to TS1/0 on input line 383.
Package textcomp Info: Setting lmtt sub-encoding to TS1/0 on input line 384.
Package textcomp Info: Setting qhv sub-encoding to TS1/0 on input line 385.
Package textcomp Info: Setting qag sub-encoding to TS1/0 on input line 386.
Package textcomp Info: Setting qbk sub-encoding to TS1/0 on input line 387.
Package textcomp Info: Setting qcr sub-encoding to TS1/0 on input line 388.
Package textcomp Info: Setting qcs sub-encoding to TS1/0 on input line 389.
Package textcomp Info: Setting qpl sub-encoding to TS1/0 on input line 390.
Package textcomp Info: Setting qtm sub-encoding to TS1/0 on input line 391.
Package textcomp Info: Setting qzc sub-encoding to TS1/0 on input line 392.
Package textcomp Info: Setting qhvc sub-encoding to TS1/0 on input line 393.
Package textcomp Info: Setting futs sub-encoding to TS1/4 on input line 394.
Package textcomp Info: Setting futx sub-encoding to TS1/4 on input line 395.
Package textcomp Info: Setting futj sub-encoding to TS1/4 on input line 396.
Package textcomp Info: Setting hlh sub-encoding to TS1/3 on input line 397.
Package textcomp Info: Setting hls sub-encoding to TS1/3 on input line 398.
Package textcomp Info: Setting hlst sub-encoding to TS1/3 on input line 399.
Package textcomp Info: Setting hlct sub-encoding to TS1/5 on input line 400.
Package textcomp Info: Setting hlx sub-encoding to TS1/5 on input line 401.
Package textcomp Info: Setting hlce sub-encoding to TS1/5 on input line 402.
Package textcomp Info: Setting hlcn sub-encoding to TS1/5 on input line 403.
Package textcomp Info: Setting hlcw sub-encoding to TS1/5 on input line 404.
Package textcomp Info: Setting hlcf sub-encoding to TS1/5 on input line 405.
Package textcomp Info: Setting pplx sub-encoding to TS1/3 on input line 406.
Package textcomp Info: Setting pplj sub-encoding to TS1/3 on input line 407.
Package textcomp Info: Setting ptmx sub-encoding to TS1/4 on input line 408.
Package textcomp Info: Setting ptmj sub-encoding to TS1/4 on input line 409.
)
(/usr/local/texlive/2015/texmf-dist/tex/latex/txfonts/txfonts.sty
Package: txfonts 2008/01/22 v3.2.1
LaTeX Font Info:    Redeclaring symbol font `operators' on input line 21.
LaTeX Font Info:    Overwriting symbol font `operators' in version `normal'
(Font)                  OT1/cmr/m/n --> OT1/txr/m/n on input line 21.
LaTeX Font Info:    Overwriting symbol font `operators' in version `bold'
(Font)                  OT1/cmr/bx/n --> OT1/txr/m/n on input line 21.
LaTeX Font Info:    Overwriting symbol font `operators' in version `bold'
(Font)                  OT1/txr/m/n --> OT1/txr/bx/n on input line 22.
\symitalic=\mathgroup6
LaTeX Font Info:    Overwriting symbol font `italic' in version `bold'
(Font)                  OT1/txr/m/it --> OT1/txr/bx/it on input line 26.
LaTeX Font Info:    Redeclaring math alphabet \mathbf on input line 29.
LaTeX Font Info:    Overwriting math alphabet `\mathbf' in version `normal'
(Font)                  OT1/cmr/bx/n --> OT1/txr/bx/n on input line 29.
LaTeX Font Info:    Overwriting math alphabet `\mathbf' in version `bold'
(Font)                  OT1/cmr/bx/n --> OT1/txr/bx/n on input line 29.
LaTeX Font Info:    Redeclaring math alphabet \mathit on input line 30.
LaTeX Font Info:    Overwriting math alphabet `\mathit' in version `normal'
(Font)                  OT1/cmr/m/it --> OT1/txr/m/it on input line 30.
LaTeX Font Info:    Overwriting math alphabet `\mathit' in version `bold'
(Font)                  OT1/cmr/bx/it --> OT1/txr/m/it on input line 30.
LaTeX Font Info:    Overwriting math alphabet `\mathit' in version `bold'
(Font)                  OT1/txr/m/it --> OT1/txr/bx/it on input line 31.
LaTeX Font Info:    Redeclaring math alphabet \mathsf on input line 40.
LaTeX Font Info:    Overwriting math alphabet `\mathsf' in version `normal'
(Font)                  OT1/cmss/m/n --> OT1/txss/m/n on input line 40.
LaTeX Font Info:    Overwriting math alphabet `\mathsf' in version `bold'
(Font)                  OT1/cmss/bx/n --> OT1/txss/m/n on input line 40.
LaTeX Font Info:    Overwriting math alphabet `\mathsf' in version `bold'
(Font)                  OT1/txss/m/n --> OT1/txss/b/n on input line 41.
LaTeX Font Info:    Redeclaring math alphabet \mathtt on input line 50.
LaTeX Font Info:    Overwriting math alphabet `\mathtt' in version `normal'
(Font)                  OT1/cmtt/m/n --> OT1/txtt/m/n on input line 50.
LaTeX Font Info:    Overwriting math alphabet `\mathtt' in version `bold'
(Font)                  OT1/cmtt/m/n --> OT1/txtt/m/n on input line 50.
LaTeX Font Info:    Overwriting math alphabet `\mathtt' in version `bold'
(Font)                  OT1/txtt/m/n --> OT1/txtt/b/n on input line 51.
LaTeX Font Info:    Redeclaring symbol font `letters' on input line 58.
LaTeX Font Info:    Overwriting symbol font `letters' in version `normal'
(Font)                  OML/cmm/m/it --> OML/txmi/m/it on input line 58.
LaTeX Font Info:    Overwriting symbol font `letters' in version `bold'
(Font)                  OML/cmm/b/it --> OML/txmi/m/it on input line 58.
LaTeX Font Info:    Overwriting symbol font `letters' in version `bold'
(Font)                  OML/txmi/m/it --> OML/txmi/bx/it on input line 59.
\symlettersA=\mathgroup7
LaTeX Font Info:    Overwriting symbol font `lettersA' in version `bold'
(Font)                  U/txmia/m/it --> U/txmia/bx/it on input line 67.
LaTeX Font Info:    Redeclaring math alphabet \mathfrak on input line 70.
LaTeX Font Info:    Redeclaring symbol font `symbols' on input line 77.
LaTeX Font Info:    Overwriting symbol font `symbols' in version `normal'
(Font)                  OMS/cmsy/m/n --> OMS/txsy/m/n on input line 77.
LaTeX Font Info:    Overwriting symbol font `symbols' in version `bold'
(Font)                  OMS/cmsy/b/n --> OMS/txsy/m/n on input line 77.
LaTeX Font Info:    Overwriting symbol font `symbols' in version `bold'
(Font)                  OMS/txsy/m/n --> OMS/txsy/bx/n on input line 78.
LaTeX Font Info:    Redeclaring symbol font `AMSa' on input line 93.
LaTeX Font Info:    Overwriting symbol font `AMSa' in version `normal'
(Font)                  U/msa/m/n --> U/txsya/m/n on input line 93.
LaTeX Font Info:    Overwriting symbol font `AMSa' in version `bold'
(Font)                  U/msa/m/n --> U/txsya/m/n on input line 93.
LaTeX Font Info:    Overwriting symbol font `AMSa' in version `bold'
(Font)                  U/txsya/m/n --> U/txsya/bx/n on input line 94.
LaTeX Font Info:    Redeclaring symbol font `AMSb' on input line 102.
LaTeX Font Info:    Overwriting symbol font `AMSb' in version `normal'
(Font)                  U/msb/m/n --> U/txsyb/m/n on input line 102.
LaTeX Font Info:    Overwriting symbol font `AMSb' in version `bold'
(Font)                  U/msb/m/n --> U/txsyb/m/n on input line 102.
LaTeX Font Info:    Overwriting symbol font `AMSb' in version `bold'
(Font)                  U/txsyb/m/n --> U/txsyb/bx/n on input line 103.
\symsymbolsC=\mathgroup8
LaTeX Font Info:    Overwriting symbol font `symbolsC' in version `bold'
(Font)                  U/txsyc/m/n --> U/txsyc/bx/n on input line 113.
LaTeX Font Info:    Redeclaring symbol font `largesymbols' on input line 120.
LaTeX Font Info:    Overwriting symbol font `largesymbols' in version `normal'
(Font)                  OMX/cmex/m/n --> OMX/txex/m/n on input line 120.
LaTeX Font Info:    Overwriting symbol font `largesymbols' in version `bold'
(Font)                  OMX/cmex/m/n --> OMX/txex/m/n on input line 120.
LaTeX Font Info:    Overwriting symbol font `largesymbols' in version `bold'
(Font)                  OMX/txex/m/n --> OMX/txex/bx/n on input line 121.
\symlargesymbolsA=\mathgroup9
LaTeX Font Info:    Overwriting symbol font `largesymbolsA' in version `bold'
(Font)                  U/txexa/m/n --> U/txexa/bx/n on input line 129.
LaTeX Info: Redefining \not on input line 1043.
LaTeX Info: Redefining \textsquare on input line 1063.
LaTeX Info: Redefining \openbox on input line 1064.
)
(/usr/local/texlive/2015/texmf-dist/tex/latex/listings/listings.sty
\lst@mode=\count177
\lst@gtempboxa=\box87
\lst@token=\toks52
\lst@length=\count178
\lst@currlwidth=\dimen217
\lst@column=\count179
\lst@pos=\count180
\lst@lostspace=\dimen218
\lst@width=\dimen219
\lst@newlines=\count181
\lst@lineno=\count182
\lst@maxwidth=\dimen220

(/usr/local/texlive/2015/texmf-dist/tex/latex/listings/lstmisc.sty
File: lstmisc.sty 2014/09/06 1.5e (Carsten Heinz)
\c@lstnumber=\count183
\lst@skipnumbers=\count184
\lst@framebox=\box88
)
(/usr/local/texlive/2015/texmf-dist/tex/latex/listings/listings.cfg
File: listings.cfg 2014/09/06 1.5e listings configuration
))
Package: listings 2014/09/06 1.5e (Carsten Heinz)

(/usr/local/texlive/2015/texmf-dist/tex/latex/wasysym/wasysym.sty
Package: wasysym 2003/10/30 v2.0 Wasy-2 symbol support package
\symwasy=\mathgroup10
LaTeX Font Info:    Overwriting symbol font `wasy' in version `bold'
(Font)                  U/wasy/m/n --> U/wasy/b/n on input line 90.
)
(/usr/local/texlive/2015/texmf-dist/tex/latex/fancyvrb/fancyvrb.sty
Package: fancyvrb 2008/02/07

Style option: `fancyvrb' v2.7a, with DG/SPQR fixes, and firstline=lastline fix 
<2008/02/07> (tvz)
\FV@CodeLineNo=\count185
\FV@InFile=\read2
\FV@TabBox=\box89
\c@FancyVerbLine=\count186
\FV@StepNumber=\count187
\FV@OutFile=\write5
)) (./chp4.aux)
\openout1 = `chp4.aux'.

LaTeX Font Info:    Checking defaults for OML/txmi/m/it on input line 43.
LaTeX Font Info:    Try loading font information for OML+txmi on input line 43.


(/usr/local/texlive/2015/texmf-dist/tex/latex/txfonts/omltxmi.fd
File: omltxmi.fd 2000/12/15 v3.1
)
LaTeX Font Info:    ... okay on input line 43.
LaTeX Font Info:    Checking defaults for T1/cmr/m/n on input line 43.
LaTeX Font Info:    ... okay on input line 43.
LaTeX Font Info:    Checking defaults for OT1/cmr/m/n on input line 43.
LaTeX Font Info:    ... okay on input line 43.
LaTeX Font Info:    Checking defaults for OMS/txsy/m/n on input line 43.
LaTeX Font Info:    Try loading font information for OMS+txsy on input line 43.


(/usr/local/texlive/2015/texmf-dist/tex/latex/txfonts/omstxsy.fd
File: omstxsy.fd 2000/12/15 v3.1
)
LaTeX Font Info:    ... okay on input line 43.
LaTeX Font Info:    Checking defaults for OMX/txex/m/n on input line 43.
LaTeX Font Info:    Try loading font information for OMX+txex on input line 43.


(/usr/local/texlive/2015/texmf-dist/tex/latex/txfonts/omxtxex.fd
File: omxtxex.fd 2000/12/15 v3.1
)
LaTeX Font Info:    ... okay on input line 43.
LaTeX Font Info:    Checking defaults for U/txexa/m/n on input line 43.
LaTeX Font Info:    Try loading font information for U+txexa on input line 43.

(/usr/local/texlive/2015/texmf-dist/tex/latex/txfonts/utxexa.fd
File: utxexa.fd 2000/12/15 v3.1
)
LaTeX Font Info:    ... okay on input line 43.
LaTeX Font Info:    Checking defaults for PD1/pdf/m/n on input line 43.
LaTeX Font Info:    ... okay on input line 43.
LaTeX Font Info:    Checking defaults for TS1/cmr/m/n on input line 43.
LaTeX Font Info:    Try loading font information for TS1+cmr on input line 43.

(/usr/local/texlive/2015/texmf-dist/tex/latex/base/ts1cmr.fd
File: ts1cmr.fd 2014/09/29 v2.5h Standard LaTeX font definitions
)
LaTeX Font Info:    ... okay on input line 43.
LaTeX Font Info:    Try loading font information for OT1+txss on input line 43.


(/usr/local/texlive/2015/texmf-dist/tex/latex/txfonts/ot1txss.fd
File: ot1txss.fd 2000/12/15 v3.1
)
LaTeX Font Info:    Font shape `OT1/txss/m/n' will be
(Font)              scaled to size 10.40245pt on input line 43.

*geometry* driver: auto-detecting
*geometry* detected driver: pdftex
*geometry* verbose mode - [ preamble ] result:
* driver: pdftex
* paper: custom
* layout: <same size as paper>
* layoutoffset:(h,v)=(0.0pt,0.0pt)
* modes: includehead includefoot 
* h-part:(L,W,R)=(28.45274pt, 307.28987pt, 28.45274pt)
* v-part:(T,H,B)=(0.0pt, 273.14662pt, 0.0pt)
* \paperwidth=364.19536pt
* \paperheight=273.14662pt
* \textwidth=307.28987pt
* \textheight=244.6939pt
* \oddsidemargin=-43.81725pt
* \evensidemargin=-43.81725pt
* \topmargin=-72.26999pt
* \headheight=14.22636pt
* \headsep=0.0pt
* \topskip=11.0pt
* \footskip=14.22636pt
* \marginparwidth=4.0pt
* \marginparsep=10.0pt
* \columnsep=10.0pt
* \skip\footins=10.0pt plus 4.0pt minus 2.0pt
* \hoffset=0.0pt
* \voffset=0.0pt
* \mag=1000
* \@twocolumnfalse
* \@twosidefalse
* \@mparswitchfalse
* \@reversemarginfalse
* (1in=72.27pt=25.4mm, 1cm=28.453pt)

(/usr/local/texlive/2015/texmf-dist/tex/context/base/supp-pdf.mkii
[Loading MPS to PDF converter (version 2006.09.02).]
\scratchcounter=\count188
\scratchdimen=\dimen221
\scratchbox=\box90
\nofMPsegments=\count189
\nofMParguments=\count190
\everyMPshowfont=\toks53
\MPscratchCnt=\count191
\MPscratchDim=\dimen222
\MPnumerator=\count192
\makeMPintoPDFobject=\count193
\everyMPtoPDFconversion=\toks54
) ABD: EveryShipout initializing macros
\AtBeginShipoutBox=\box91
Package hyperref Info: Link coloring OFF on input line 43.

(/usr/local/texlive/2015/texmf-dist/tex/latex/hyperref/nameref.sty
Package: nameref 2012/10/27 v2.43 Cross-referencing by name of section

(/usr/local/texlive/2015/texmf-dist/tex/generic/oberdiek/gettitlestring.sty
Package: gettitlestring 2010/12/03 v1.4 Cleanup title references (HO)
)
\c@section@level=\count194
)
LaTeX Info: Redefining \ref on input line 43.
LaTeX Info: Redefining \pageref on input line 43.
LaTeX Info: Redefining \nameref on input line 43.

(./chp4.out) (./chp4.out)
\@outlinefile=\write6
\openout6 = `chp4.out'.

\symnumbers=\mathgroup11
\sympureletters=\mathgroup12
LaTeX Font Info:    Overwriting math alphabet `\mathrm' in version `normal'
(Font)                  OT1/txr/m/n --> OT1/txr/m/n on input line 43.
LaTeX Font Info:    Redeclaring math alphabet \mathbf on input line 43.
LaTeX Font Info:    Overwriting math alphabet `\mathbf' in version `normal'
(Font)                  OT1/txr/bx/n --> OT1/txr/bx/n on input line 43.
LaTeX Font Info:    Overwriting math alphabet `\mathbf' in version `bold'
(Font)                  OT1/txr/bx/n --> OT1/txr/bx/n on input line 43.
LaTeX Font Info:    Redeclaring math alphabet \mathsf on input line 43.
LaTeX Font Info:    Overwriting math alphabet `\mathsf' in version `normal'
(Font)                  OT1/txss/m/n --> OT1/txss/m/n on input line 43.
LaTeX Font Info:    Overwriting math alphabet `\mathsf' in version `bold'
(Font)                  OT1/txss/b/n --> OT1/txss/m/n on input line 43.
LaTeX Font Info:    Redeclaring math alphabet \mathit on input line 43.
LaTeX Font Info:    Overwriting math alphabet `\mathit' in version `normal'
(Font)                  OT1/txr/m/it --> OT1/txr/m/it on input line 43.
LaTeX Font Info:    Overwriting math alphabet `\mathit' in version `bold'
(Font)                  OT1/txr/bx/it --> OT1/txr/m/it on input line 43.
LaTeX Font Info:    Redeclaring math alphabet \mathtt on input line 43.
LaTeX Font Info:    Overwriting math alphabet `\mathtt' in version `normal'
(Font)                  OT1/txtt/m/n --> OT1/txtt/m/n on input line 43.
LaTeX Font Info:    Overwriting math alphabet `\mathtt' in version `bold'
(Font)                  OT1/txtt/b/n --> OT1/txtt/m/n on input line 43.
LaTeX Font Info:    Overwriting symbol font `numbers' in version `bold'
(Font)                  OT1/txr/m/n --> OT1/txr/bx/n on input line 43.
LaTeX Font Info:    Overwriting symbol font `pureletters' in version `bold'
(Font)                  OT1/txr/m/it --> OT1/txr/bx/it on input line 43.
LaTeX Font Info:    Overwriting math alphabet `\mathrm' in version `bold'
(Font)                  OT1/txr/bx/n --> OT1/txr/bx/n on input line 43.
LaTeX Font Info:    Overwriting math alphabet `\mathbf' in version `bold'
(Font)                  OT1/txr/bx/n --> OT1/txr/bx/n on input line 43.
LaTeX Font Info:    Overwriting math alphabet `\mathsf' in version `bold'
(Font)                  OT1/txss/m/n --> OT1/txss/bx/n on input line 43.
LaTeX Font Info:    Overwriting math alphabet `\mathit' in version `bold'
(Font)                  OT1/txr/m/it --> OT1/txr/bx/it on input line 43.
LaTeX Font Info:    Overwriting math alphabet `\mathtt' in version `bold'
(Font)                  OT1/txtt/m/n --> OT1/txtt/bx/n on input line 43.

(/usr/local/texlive/2015/texmf-dist/tex/latex/beamer/translator/dicts/translato
r-basic-dictionary/translator-basic-dictionary-English.dict
Dictionary: translator-basic-dictionary, Language: English 
)
(/usr/local/texlive/2015/texmf-dist/tex/latex/beamer/translator/dicts/translato
r-bibliography-dictionary/translator-bibliography-dictionary-English.dict
Dictionary: translator-bibliography-dictionary, Language: English 
)
(/usr/local/texlive/2015/texmf-dist/tex/latex/beamer/translator/dicts/translato
r-environment-dictionary/translator-environment-dictionary-English.dict
Dictionary: translator-environment-dictionary, Language: English 
)
(/usr/local/texlive/2015/texmf-dist/tex/latex/beamer/translator/dicts/translato
r-months-dictionary/translator-months-dictionary-English.dict
Dictionary: translator-months-dictionary, Language: English 
)
(/usr/local/texlive/2015/texmf-dist/tex/latex/beamer/translator/dicts/translato
r-numbers-dictionary/translator-numbers-dictionary-English.dict
Dictionary: translator-numbers-dictionary, Language: English 
)
(/usr/local/texlive/2015/texmf-dist/tex/latex/beamer/translator/dicts/translato
r-theorem-dictionary/translator-theorem-dictionary-English.dict
Dictionary: translator-theorem-dictionary, Language: English 
)
LaTeX Info: Redefining \includegraphics on input line 43.
\c@lstlisting=\count195
 (./chp4.nav)
LaTeX Font Info:    Font shape `OT1/txss/m/n' will be
(Font)              scaled to size 5.69998pt on input line 43.
LaTeX Font Info:    Font shape `OT1/txss/m/n' will be
(Font)              scaled to size 7.59998pt on input line 43.

<../oiLogo_highres.png, id=113, 472.76625pt x 144.54pt>
File: ../oiLogo_highres.png Graphic file (type png)

<use ../oiLogo_highres.png>
Package pdftex.def Info: ../oiLogo_highres.png used on input line 60.
(pdftex.def)             Requested size: 56.9055pt x 17.39697pt.
LaTeX Font Info:    Font shape `OT1/txss/m/n' will be
(Font)              scaled to size 13.67995pt on input line 60.
LaTeX Font Info:    Font shape `OT1/txss/bx/n' in size <14.4> not available
(Font)              Font shape `OT1/txss/b/n' tried instead on input line 60.
LaTeX Font Info:    Font shape `OT1/txss/b/n' will be
(Font)              scaled to size 13.67995pt on input line 60.
LaTeX Font Info:    Font shape `OT1/txss/m/n' will be
(Font)              scaled to size 9.49997pt on input line 60.
LaTeX Font Info:    Try loading font information for OT1+txr on input line 60.

(/usr/local/texlive/2015/texmf-dist/tex/latex/txfonts/ot1txr.fd
File: ot1txr.fd 2000/12/15 v3.1
)
LaTeX Font Info:    Try loading font information for U+txsya on input line 60.

(/usr/local/texlive/2015/texmf-dist/tex/latex/txfonts/utxsya.fd
File: utxsya.fd 2000/12/15 v3.1
)
LaTeX Font Info:    Try loading font information for U+txsyb on input line 60.

(/usr/local/texlive/2015/texmf-dist/tex/latex/txfonts/utxsyb.fd
File: utxsyb.fd 2000/12/15 v3.1
)
LaTeX Font Info:    Try loading font information for U+txmia on input line 60.

(/usr/local/texlive/2015/texmf-dist/tex/latex/txfonts/utxmia.fd
File: utxmia.fd 2000/12/15 v3.1
)
LaTeX Font Info:    Try loading font information for U+txsyc on input line 60.

(/usr/local/texlive/2015/texmf-dist/tex/latex/txfonts/utxsyc.fd
File: utxsyc.fd 2000/12/15 v3.1
)
LaTeX Font Info:    Try loading font information for U+wasy on input line 60.

(/usr/local/texlive/2015/texmf-dist/tex/latex/wasysym/uwasy.fd
File: uwasy.fd 2003/10/30 v2.0 Wasy-2 symbol font definitions
)
LaTeX Font Info:    Font shape `OT1/txss/m/n' will be
(Font)              scaled to size 8.54997pt on input line 60.

Overfull \vbox (76.51149pt too high) detected at line 60
 []

<../OpenIntro_Grid_4_3-01.jpg, id=116, 1027.9203pt x 770.88pt>
File: ../OpenIntro_Grid_4_3-01.jpg Graphic file (type jpg)

<use ../OpenIntro_Grid_4_3-01.jpg>
Package pdftex.def Info: ../OpenIntro_Grid_4_3-01.jpg used on input line 60.
(pdftex.def)             Requested size: 364.19536pt x 273.11736pt.
LaTeX Font Info:    Font shape `OT1/txss/m/n' will be
(Font)              scaled to size 3.79999pt on input line 60.
 [1

{/usr/local/texlive/2015/texmf-var/fonts/map/pdftex/updmap/pdftex.map} <../Open
Intro_Grid_4_3-01.jpg> <../oiLogo_highres.png>] (./4-1_var_in_est/4-1_var_in_es
t.tex [2

]
<4-1_var_in_est/figures/pew/pew1.png, id=132, 738.76pt x 104.39pt>
File: 4-1_var_in_est/figures/pew/pew1.png Graphic file (type png)

<use 4-1_var_in_est/figures/pew/pew1.png>
Package pdftex.def Info: 4-1_var_in_est/figures/pew/pew1.png used on input line
 18.
(pdftex.def)             Requested size: 291.92444pt x 41.2503pt.

<4-1_var_in_est/figures/pew/pew2.png, id=133, 728.7225pt x 117.43875pt>
File: 4-1_var_in_est/figures/pew/pew2.png Graphic file (type png)

<use 4-1_var_in_est/figures/pew/pew2.png>
Package pdftex.def Info: 4-1_var_in_est/figures/pew/pew2.png used on input line
 18.
(pdftex.def)             Requested size: 291.92444pt x 47.04454pt.

<4-1_var_in_est/figures/pew/pew3.png, id=134, 725.71124pt x 279.0425pt>
File: 4-1_var_in_est/figures/pew/pew3.png Graphic file (type png)

<use 4-1_var_in_est/figures/pew/pew3.png>
Package pdftex.def Info: 4-1_var_in_est/figures/pew/pew3.png used on input line
 18.
(pdftex.def)             Requested size: 291.92444pt x 112.24944pt.
LaTeX Font Info:    Font shape `OT1/txss/m/it' in size <6> not available
(Font)              Font shape `OT1/txss/m/sl' tried instead on input line 18.
LaTeX Font Info:    Font shape `OT1/txss/m/sl' will be
(Font)              scaled to size 5.69998pt on input line 18.

Overfull \vbox (0.76616pt too high) detected at line 18
 []

[3

 <./4-1_var_in_est/figures/pew/pew1.png> <./4-1_var_in_est/figures/pew/pew2.png
> <./4-1_var_in_est/figures/pew/pew3.png>]
<4-1_var_in_est/figures/pew/pew4.png, id=145, 731.73375pt x 251.94125pt>
File: 4-1_var_in_est/figures/pew/pew4.png Graphic file (type png)

<use 4-1_var_in_est/figures/pew/pew4.png>
Package pdftex.def Info: 4-1_var_in_est/figures/pew/pew4.png used on input line
 38.
(pdftex.def)             Requested size: 291.92444pt x 100.51329pt.
LaTeX Font Info:    Try loading font information for TS1+txss on input line 38.


(/usr/local/texlive/2015/texmf-dist/tex/latex/txfonts/ts1txss.fd
File: ts1txss.fd 2000/12/15 v3.1
)
LaTeX Font Info:    Font shape `TS1/txss/m/n' will be
(Font)              scaled to size 10.40245pt on input line 38.
LaTeX Font Info:    Font shape `OT1/txss/m/n' will be
(Font)              scaled to size 11.39996pt on input line 38.
LaTeX Font Info:    Font shape `OT1/txss/bx/n' in size <12> not available
(Font)              Font shape `OT1/txss/b/n' tried instead on input line 38.
LaTeX Font Info:    Font shape `OT1/txss/b/n' will be
(Font)              scaled to size 11.39996pt on input line 38.

Overfull \vbox (12.54099pt too high) detected at line 38
 []

[4

 <./4-1_var_in_est/figures/pew/pew4.png>]
LaTeX Font Info:    Font shape `OT1/txss/m/it' in size <10.95> not available
(Font)              Font shape `OT1/txss/m/sl' tried instead on input line 66.
LaTeX Font Info:    Font shape `OT1/txss/m/sl' will be
(Font)              scaled to size 10.40245pt on input line 66.

Overfull \vbox (48.27528pt too high) detected at line 66
 []

[5

]
Overfull \vbox (48.27528pt too high) detected at line 66
 []

[6

]
<4-1_var_in_est/figures/no_drinks_drunk/no_drinks_drunk.pdf, id=164, 289.08pt x
 289.08pt>
File: 4-1_var_in_est/figures/no_drinks_drunk/no_drinks_drunk.pdf Graphic file (
type pdf)
 <use 4-1_var_in_est/figures/no_drinks_drunk/no_drinks_drunk.pdf>
Package pdftex.def Info: 4-1_var_in_est/figures/no_drinks_drunk/no_drinks_drunk
.pdf used on input line 83.
(pdftex.def)             Requested size: 153.64493pt x 153.64394pt.

Overfull \vbox (11.89378pt too high) detected at line 83
 []

[7

 <./4-1_var_in_est/figures/no_drinks_drunk/no_drinks_drunk.pdf>]
\openout4 = `chp4.vrb'.

 (./chp4.vrb
<4-1_var_in_est/figures/no_drinks_drunk/no_drinks_drunk_clean.pdf, id=177, 670.
22803pt x 278.44977pt>
File: 4-1_var_in_est/figures/no_drinks_drunk/no_drinks_drunk_clean.pdf Graphic 
file (type pdf)

<use 4-1_var_in_est/figures/no_drinks_drunk/no_drinks_drunk_clean.pdf>
Package pdftex.def Info: 4-1_var_in_est/figures/no_drinks_drunk/no_drinks_drunk
_clean.pdf used on input line 21.
(pdftex.def)             Requested size: 245.83282pt x 102.13254pt.
)
Overfull \vbox (34.11913pt too high) detected at line 111
 []

[8

 <./4-1_var_in_est/figures/no_drinks_drunk/no_drinks_drunk_clean.pdf>]
\openout4 = `chp4.vrb'.


(./chp4.vrb
<4-1_var_in_est/figures/no_drinks_drunk/no_drinks_drunk_marked.pdf, id=199, 667
.82751pt x 276.3113pt>
File: 4-1_var_in_est/figures/no_drinks_drunk/no_drinks_drunk_marked.pdf Graphic
 file (type pdf)

<use 4-1_var_in_est/figures/no_drinks_drunk/no_drinks_drunk_marked.pdf>
Package pdftex.def Info: 4-1_var_in_est/figures/no_drinks_drunk/no_drinks_drunk
_marked.pdf used on input line 6.
(pdftex.def)             Requested size: 276.559pt x 114.42671pt.
)
[9

 <./4-1_var_in_est/figures/no_drinks_drunk/no_drinks_drunk_marked.pdf>]
(./chp4.vrb
File: 4-1_var_in_est/figures/no_drinks_drunk/no_drinks_drunk_marked.pdf Graphic
 file (type pdf)

<use 4-1_var_in_est/figures/no_drinks_drunk/no_drinks_drunk_marked.pdf>
Package pdftex.def Info: 4-1_var_in_est/figures/no_drinks_drunk/no_drinks_drunk
_marked.pdf used on input line 6.
(pdftex.def)             Requested size: 276.559pt x 114.42671pt.
)
[10

]
\openout4 = `chp4.vrb'.

 (./chp4.vrb) [11

] (./chp4.vrb) [12

] (./chp4.vrb) [13

]
LaTeX Font Info:    Font shape `TS1/txss/m/n' will be
(Font)              scaled to size 9.49997pt on input line 178.

Overfull \vbox (44.79959pt too high) detected at line 178
 []

[14

]
Overfull \vbox (32.9147pt too high) detected at line 209
 []

[15

]
Overfull \vbox (32.9147pt too high) detected at line 209
 []

[16

]) (./4-2_conf_int/4-2_conf_int.tex [17

]
<4-2_conf_int/figures/spear.jpg, id=267, 150.5625pt x 150.5625pt>
File: 4-2_conf_int/figures/spear.jpg Graphic file (type jpg)

<use 4-2_conf_int/figures/spear.jpg>
Package pdftex.def Info: 4-2_conf_int/figures/spear.jpg used on input line 41.
(pdftex.def)             Requested size: 76.82246pt x 76.8249pt.

<4-2_conf_int/figures/net.jpg, id=268, 150.5625pt x 150.5625pt>
File: 4-2_conf_int/figures/net.jpg Graphic file (type jpg)

<use 4-2_conf_int/figures/net.jpg>
Package pdftex.def Info: 4-2_conf_int/figures/net.jpg used on input line 41.
(pdftex.def)             Requested size: 76.82246pt x 76.8249pt.


Class beamer Warning: Frame text is shrunk by a factor of 23.34137 percent inst
ead of 0 percent on input line 41.

[18

 <./4-2_conf_int/figures/spear.jpg> <./4-2_conf_int/figures/net.jpg>]
Overfull \vbox (40.68645pt too high) detected at line 81
 []

[19

]
Overfull \vbox (40.68645pt too high) detected at line 81
 []

[20

]
Overfull \vbox (40.68645pt too high) detected at line 81
 []

[21

]
Overfull \vbox (40.68645pt too high) detected at line 81
 []

[22

]
Overfull \vbox (40.68645pt too high) detected at line 81
 []

[23

]
Overfull \vbox (40.68645pt too high) detected at line 81
 []

[24

]
Overfull \vbox (40.68645pt too high) detected at line 81
 []

[25

] [26

] [27

]
Overfull \vbox (33.50446pt too high) detected at line 132
 []

[28

]
Overfull \vbox (33.50446pt too high) detected at line 132
 []

[29

]
Overfull \vbox (33.50446pt too high) detected at line 132
 []

[30

]
<4-2_conf_int/figures/95PercentConfidenceInterval/95PercentConfidenceInterval.p
df, id=337, 433.62pt x 289.08pt>
File: 4-2_conf_int/figures/95PercentConfidenceInterval/95PercentConfidenceInter
val.pdf Graphic file (type pdf)

<use 4-2_conf_int/figures/95PercentConfidenceInterval/95PercentConfidenceInterv
al.pdf>
Package pdftex.def Info: 4-2_conf_int/figures/95PercentConfidenceInterval/95Per
centConfidenceInterval.pdf used on input line 163.
(pdftex.def)             Requested size: 153.64493pt x 102.42783pt.
 [31

 <./4-2_conf_int/figures/95PercentConfidenceInterval/95PercentConfidenceInterva
l.pdf>]
<4-2_conf_int/figures/garfield.png, id=348, 655.7298pt x 194.6472pt>
File: 4-2_conf_int/figures/garfield.png Graphic file (type png)

<use 4-2_conf_int/figures/garfield.png>
Package pdftex.def Info: 4-2_conf_int/figures/garfield.png used on input line 1
89.
(pdftex.def)             Requested size: 276.559pt x 82.09282pt.

Overfull \vbox (18.69238pt too high) detected at line 189
 []

[32

 <./4-2_conf_int/figures/garfield.png>]
File: 4-2_conf_int/figures/garfield.png Graphic file (type png)

<use 4-2_conf_int/figures/garfield.png>
Package pdftex.def Info: 4-2_conf_int/figures/garfield.png used on input line 1
89.
(pdftex.def)             Requested size: 276.559pt x 82.09282pt.

Overfull \vbox (18.69238pt too high) detected at line 189
 []

[33

]
File: 4-2_conf_int/figures/garfield.png Graphic file (type png)
 <use 4-2_conf_int/figures/garfield.png>
Package pdftex.def Info: 4-2_conf_int/figures/garfield.png used on input line 1
89.
(pdftex.def)             Requested size: 276.559pt x 82.09282pt.

Overfull \vbox (18.69238pt too high) detected at line 189
 []

[34

]
File: 4-2_conf_int/figures/garfield.png Graphic file (type png)
 <use 4-2_conf_int/figures/garfield.png>
Package pdftex.def Info: 4-2_conf_int/figures/garfield.png used on input line 1
89.
(pdftex.def)             Requested size: 276.559pt x 82.09282pt.

Overfull \vbox (18.69238pt too high) detected at line 189
 []

[35

]
Underfull \vbox (badness 10000) has occurred while \output is active []

 [36

]
Overfull \vbox (13.67198pt too high) has occurred while \output is active []


[37] [38

]
<4-2_conf_int/figures/middle98/middle98.pdf, id=386, 578.16pt x 361.35pt>
File: 4-2_conf_int/figures/middle98/middle98.pdf Graphic file (type pdf)

<use 4-2_conf_int/figures/middle98/middle98.pdf>
Package pdftex.def Info: 4-2_conf_int/figures/middle98/middle98.pdf used on inp
ut line 243.
(pdftex.def)             Requested size: 215.10196pt x 134.43625pt.

Overfull \vbox (32.58641pt too high) detected at line 243
 []

[39

 <./4-2_conf_int/figures/middle98/middle98.pdf>])
(./4-3_hyp_test/4-3_hyp_test.tex [40

]
LaTeX Font Info:    Font shape `OT1/txss/m/it' in size <10> not available
(Font)              Font shape `OT1/txss/m/sl' tried instead on input line 43.
LaTeX Font Info:    Font shape `OT1/txss/m/sl' will be
(Font)              scaled to size 9.49997pt on input line 43.

Overfull \vbox (56.10962pt too high) detected at line 43
 []

[41

]
Overfull \vbox (56.10962pt too high) detected at line 43
 []

[42

]
Overfull \vbox (56.10962pt too high) detected at line 43
 []

[43

]
<4-3_hyp_test/figures/discRandDotPlot/discRandDotPlot.pdf, id=422, 361.35pt x 2
16.81pt>
File: 4-3_hyp_test/figures/discRandDotPlot/discRandDotPlot.pdf Graphic file (ty
pe pdf)
 <use 4-3_hyp_test/figures/discRandDotPlot/discRandDotPlot.pdf>
Package pdftex.def Info: 4-3_hyp_test/figures/discRandDotPlot/discRandDotPlot.p
df used on input line 58.
(pdftex.def)             Requested size: 230.46739pt x 138.28152pt.

Overfull \vbox (16.09427pt too high) detected at line 58
 []

[44

 <./4-3_hyp_test/figures/discRandDotPlot/discRandDotPlot.pdf>]
File: 4-3_hyp_test/figures/discRandDotPlot/discRandDotPlot.pdf Graphic file (ty
pe pdf)

<use 4-3_hyp_test/figures/discRandDotPlot/discRandDotPlot.pdf>
Package pdftex.def Info: 4-3_hyp_test/figures/discRandDotPlot/discRandDotPlot.p
df used on input line 58.
(pdftex.def)             Requested size: 230.46739pt x 138.28152pt.

Overfull \vbox (16.09427pt too high) detected at line 58
 []

[45

]
Overfull \vbox (26.27438pt too high) detected at line 77
 []

[46

]
Overfull \vbox (26.27438pt too high) detected at line 77
 []

[47

]
Overfull \vbox (26.27438pt too high) detected at line 77
 []

[48

]
Overfull \vbox (26.27438pt too high) detected at line 77
 []

[49

]
Overfull \vbox (26.27438pt too high) detected at line 77
 []

[50

]
Overfull \vbox (46.95688pt too high) detected at line 110
 []

[51

]
Overfull \vbox (46.95688pt too high) detected at line 110
 []

[52

]
Overfull \vbox (46.95688pt too high) detected at line 110
 []

[53

]
Overfull \vbox (46.95688pt too high) detected at line 110
 []

[54

] [55

]
Overfull \vbox (24.72656pt too high) detected at line 154
 []

[56

]
Overfull \vbox (24.72656pt too high) detected at line 154
 []

[57

]
Overfull \vbox (24.72656pt too high) detected at line 154
 []

[58

]
Overfull \vbox (24.72656pt too high) detected at line 154
 []

[59

] [60

] [61

]
<4-3_hyp_test/figures/app/app_z.pdf, id=524, 505.89pt x 252.945pt>
File: 4-3_hyp_test/figures/app/app_z.pdf Graphic file (type pdf)

<use 4-3_hyp_test/figures/app/app_z.pdf>
Package pdftex.def Info: 4-3_hyp_test/figures/app/app_z.pdf used on input line 
206.
(pdftex.def)             Requested size: 169.01036pt x 84.50648pt.

Overfull \vbox (24.2823pt too high) detected at line 206
 []

[62

 <./4-3_hyp_test/figures/app/app_z.pdf>]
File: 4-3_hyp_test/figures/app/app_z.pdf Graphic file (type pdf)

<use 4-3_hyp_test/figures/app/app_z.pdf>
Package pdftex.def Info: 4-3_hyp_test/figures/app/app_z.pdf used on input line 
206.
(pdftex.def)             Requested size: 169.01036pt x 84.50648pt.

Overfull \vbox (24.2823pt too high) detected at line 206
 []

[63

]
File: 4-3_hyp_test/figures/app/app_z.pdf Graphic file (type pdf)
 <use 4-3_hyp_test/figures/app/app_z.pdf>
Package pdftex.def Info: 4-3_hyp_test/figures/app/app_z.pdf used on input line 
206.
(pdftex.def)             Requested size: 169.01036pt x 84.50648pt.

Overfull \vbox (24.2823pt too high) detected at line 206
 []

[64

]
File: 4-3_hyp_test/figures/app/app_z.pdf Graphic file (type pdf)
 <use 4-3_hyp_test/figures/app/app_z.pdf>
Package pdftex.def Info: 4-3_hyp_test/figures/app/app_z.pdf used on input line 
206.
(pdftex.def)             Requested size: 169.01036pt x 84.50648pt.

Overfull \vbox (24.2823pt too high) detected at line 206
 []

[65

]
File: 4-3_hyp_test/figures/app/app_z.pdf Graphic file (type pdf)
 <use 4-3_hyp_test/figures/app/app_z.pdf>
Package pdftex.def Info: 4-3_hyp_test/figures/app/app_z.pdf used on input line 
206.
(pdftex.def)             Requested size: 169.01036pt x 84.50648pt.

Overfull \vbox (24.2823pt too high) detected at line 206
 []

[66

]
File: 4-3_hyp_test/figures/app/app_z.pdf Graphic file (type pdf)
 <use 4-3_hyp_test/figures/app/app_z.pdf>
Package pdftex.def Info: 4-3_hyp_test/figures/app/app_z.pdf used on input line 
206.
(pdftex.def)             Requested size: 169.01036pt x 84.50648pt.

Overfull \vbox (24.2823pt too high) detected at line 206
 []

[67

] [68

] [69

] [70

]
<4-3_hyp_test/figures/app/app_pval_gr.pdf, id=578, 505.89pt x 252.945pt>
File: 4-3_hyp_test/figures/app/app_pval_gr.pdf Graphic file (type pdf)

<use 4-3_hyp_test/figures/app/app_pval_gr.pdf>
Package pdftex.def Info: 4-3_hyp_test/figures/app/app_pval_gr.pdf used on input
 line 244.
(pdftex.def)             Requested size: 169.01036pt x 84.50648pt.
 [71

 <./4-3_hyp_test/figures/app/app_pval_gr.pdf>]
File: 4-3_hyp_test/figures/app/app_pval_gr.pdf Graphic file (type pdf)
 <use 4-3_hyp_test/figures/app/app_pval_gr.pdf>
Package pdftex.def Info: 4-3_hyp_test/figures/app/app_pval_gr.pdf used on input
 line 244.
(pdftex.def)             Requested size: 169.01036pt x 84.50648pt.
 [72

]
Overfull \vbox (11.9194pt too high) detected at line 274
 []

[73

]
Overfull \vbox (11.9194pt too high) detected at line 274
 []

[74

]
Overfull \vbox (11.9194pt too high) detected at line 274
 []

[75

]
Overfull \vbox (11.9194pt too high) detected at line 274
 []

[76

]
Overfull \vbox (11.9194pt too high) detected at line 274
 []

[77

]
Overfull \vbox (11.9194pt too high) detected at line 274
 []

[78

]
LaTeX Font Info:    Font shape `OT1/txss/m/it' in size <8> not available
(Font)              Font shape `OT1/txss/m/sl' tried instead on input line 291.

LaTeX Font Info:    Font shape `OT1/txss/m/sl' will be
(Font)              scaled to size 7.59998pt on input line 291.

Overfull \vbox (37.37384pt too high) detected at line 291
 []

[79

]
Overfull \vbox (37.37384pt too high) detected at line 291
 []

[80

]
<4-3_hyp_test/figures/sleep/sleep_pval_ts.pdf, id=637, 505.89pt x 252.945pt>
File: 4-3_hyp_test/figures/sleep/sleep_pval_ts.pdf Graphic file (type pdf)

<use 4-3_hyp_test/figures/sleep/sleep_pval_ts.pdf>
Package pdftex.def Info: 4-3_hyp_test/figures/sleep/sleep_pval_ts.pdf used on i
nput line 327.
(pdftex.def)             Requested size: 169.01036pt x 84.50648pt.

Overfull \vbox (13.8264pt too high) detected at line 327
 []

[81

 <./4-3_hyp_test/figures/sleep/sleep_pval_ts.pdf>]
File: 4-3_hyp_test/figures/sleep/sleep_pval_ts.pdf Graphic file (type pdf)

<use 4-3_hyp_test/figures/sleep/sleep_pval_ts.pdf>
Package pdftex.def Info: 4-3_hyp_test/figures/sleep/sleep_pval_ts.pdf used on i
nput line 327.
(pdftex.def)             Requested size: 169.01036pt x 84.50648pt.

Overfull \vbox (13.8264pt too high) detected at line 327
 []

[82

] [83

]
LaTeX Font Info:    Font shape `OT1/txss/bx/n' in size <10.95> not available
(Font)              Font shape `OT1/txss/b/n' tried instead on input line 381.
LaTeX Font Info:    Font shape `OT1/txss/b/n' will be
(Font)              scaled to size 10.40245pt on input line 381.

Overfull \vbox (13.16478pt too high) detected at line 381
 []

[84

]
Overfull \vbox (13.16478pt too high) detected at line 381
 []

[85

]
Overfull \vbox (13.16478pt too high) detected at line 381
 []

[86

]
Overfull \vbox (13.16478pt too high) detected at line 381
 []

[87

]
Overfull \vbox (13.16478pt too high) detected at line 381
 []

[88

]
Overfull \vbox (13.16478pt too high) detected at line 381
 []

[89

]
Overfull \vbox (13.16478pt too high) detected at line 381
 []

[90

] [91

] [92

] [93

]
Overfull \vbox (20.38214pt too high) detected at line 405
 []

[94

]
Overfull \vbox (60.0534pt too high) detected at line 405
 []

[95

] [96

] [97

] [98

] [99

]
Overfull \vbox (52.07922pt too high) detected at line 454
 []

[100

] [101

] [102

]
Overfull \vbox (30.60606pt too high) detected at line 523
 []

[103

]) (./4-4_clt/4-4_clt.tex [104

]
\openout4 = `chp4.vrb'.

 (./chp4.vrb
<4-4_clt/figures/duke_games/duke_games_pop.pdf, id=773, 505.89pt x 289.08pt>
File: 4-4_clt/figures/duke_games/duke_games_pop.pdf Graphic file (type pdf)

<use 4-4_clt/figures/duke_games/duke_games_pop.pdf>
Package pdftex.def Info: 4-4_clt/figures/duke_games/duke_games_pop.pdf used on 
input line 6.
(pdftex.def)             Requested size: 245.83282pt x 140.4771pt.
) [105

 <./4-4_clt/figures/duke_games/duke_games_pop.pdf>]
\openout4 = `chp4.vrb'.

 (./chp4.vrb
<4-4_clt/figures/duke_games/duke_games_n10.pdf, id=784, 505.89pt x 289.08pt>
File: 4-4_clt/figures/duke_games/duke_games_n10.pdf Graphic file (type pdf)

<use 4-4_clt/figures/duke_games/duke_games_n10.pdf>
Package pdftex.def Info: 4-4_clt/figures/duke_games/duke_games_n10.pdf used on 
input line 17.
(pdftex.def)             Requested size: 184.3758pt x 105.35672pt.

Underfull \hbox (badness 3407) in paragraph at lines 17--17
[]\OT1/txss/m/n/10.95 Is the vari-abil-ity of the
 []


Underfull \hbox (badness 10000) in paragraph at lines 17--17
\OT1/txss/m/n/10.95 sam-pling dis-tri-bu-tion
 []

)
Overfull \vbox (24.2875pt too high) detected at line 41
 []

[106

 <./4-4_clt/figures/duke_games/duke_games_n10.pdf>] (./chp4.vrb
File: 4-4_clt/figures/duke_games/duke_games_n10.pdf Graphic file (type pdf)

<use 4-4_clt/figures/duke_games/duke_games_n10.pdf>
Package pdftex.def Info: 4-4_clt/figures/duke_games/duke_games_n10.pdf used on 
input line 17.
(pdftex.def)             Requested size: 184.3758pt x 105.35672pt.

Underfull \hbox (badness 3407) in paragraph at lines 17--17
[]\OT1/txss/m/n/10.95 Is the vari-abil-ity of the
 []


Underfull \hbox (badness 10000) in paragraph at lines 17--17
\OT1/txss/m/n/10.95 sam-pling dis-tri-bu-tion
 []

)
Overfull \vbox (24.2875pt too high) detected at line 41
 []

[107

] (./chp4.vrb
File: 4-4_clt/figures/duke_games/duke_games_n10.pdf Graphic file (type pdf)
 <use 4-4_clt/figures/duke_games/duke_games_n10.pdf>
Package pdftex.def Info: 4-4_clt/figures/duke_games/duke_games_n10.pdf used on 
input line 17.
(pdftex.def)             Requested size: 184.3758pt x 105.35672pt.

Underfull \hbox (badness 3407) in paragraph at lines 17--17
[]\OT1/txss/m/n/10.95 Is the vari-abil-ity of the
 []


Underfull \hbox (badness 10000) in paragraph at lines 17--17
\OT1/txss/m/n/10.95 sam-pling dis-tri-bu-tion
 []

)
Overfull \vbox (24.2875pt too high) detected at line 41
 []

[108

]
\openout4 = `chp4.vrb'.

 (./chp4.vrb
<4-4_clt/figures/duke_games/duke_games_n30.pdf, id=805, 505.89pt x 289.08pt>
File: 4-4_clt/figures/duke_games/duke_games_n30.pdf Graphic file (type pdf)

<use 4-4_clt/figures/duke_games/duke_games_n30.pdf>
Package pdftex.def Info: 4-4_clt/figures/duke_games/duke_games_n30.pdf used on 
input line 14.
(pdftex.def)             Requested size: 184.3758pt x 105.35672pt.
) [109

 <./4-4_clt/figures/duke_games/duke_games_n30.pdf>] (./chp4.vrb
File: 4-4_clt/figures/duke_games/duke_games_n30.pdf Graphic file (type pdf)

<use 4-4_clt/figures/duke_games/duke_games_n30.pdf>
Package pdftex.def Info: 4-4_clt/figures/duke_games/duke_games_n30.pdf used on 
input line 14.
(pdftex.def)             Requested size: 184.3758pt x 105.35672pt.
) [110

]
\openout4 = `chp4.vrb'.

 (./chp4.vrb
<4-4_clt/figures/duke_games/duke_games_n70.pdf, id=822, 505.89pt x 289.08pt>
File: 4-4_clt/figures/duke_games/duke_games_n70.pdf Graphic file (type pdf)

<use 4-4_clt/figures/duke_games/duke_games_n70.pdf>
Package pdftex.def Info: 4-4_clt/figures/duke_games/duke_games_n70.pdf used on 
input line 6.
(pdftex.def)             Requested size: 184.3758pt x 105.35672pt.
) [111

 <./4-4_clt/figures/duke_games/duke_games_n70.pdf>]
\openout4 = `chp4.vrb'.

 (./chp4.vrb) [112

] (./chp4.vrb) [113

]
<4-4_clt/figures/cltSimRS/cltSimRS_pop.pdf, id=844, 361.35pt x 252.945pt>
File: 4-4_clt/figures/cltSimRS/cltSimRS_pop.pdf Graphic file (type pdf)

<use 4-4_clt/figures/cltSimRS/cltSimRS_pop.pdf>
Package pdftex.def Info: 4-4_clt/figures/cltSimRS/cltSimRS_pop.pdf used on inpu
t line 127.
(pdftex.def)             Requested size: 122.91406pt x 86.03876pt.

<4-4_clt/figures/cltSimRS/cltSimRS_n7.pdf, id=845, 361.35pt x 216.81pt>
File: 4-4_clt/figures/cltSimRS/cltSimRS_n7.pdf Graphic file (type pdf)

<use 4-4_clt/figures/cltSimRS/cltSimRS_n7.pdf>
Package pdftex.def Info: 4-4_clt/figures/cltSimRS/cltSimRS_n7.pdf used on input
 line 127.
(pdftex.def)             Requested size: 98.335pt x 58.99931pt.

<4-4_clt/figures/cltSimRS/cltSimRS_samp.pdf, id=846, 361.35pt x 216.81pt>
File: 4-4_clt/figures/cltSimRS/cltSimRS_samp.pdf Graphic file (type pdf)

<use 4-4_clt/figures/cltSimRS/cltSimRS_samp.pdf>
Package pdftex.def Info: 4-4_clt/figures/cltSimRS/cltSimRS_samp.pdf used on inp
ut line 127.
(pdftex.def)             Requested size: 98.335pt x 58.99931pt.

<4-4_clt/figures/cltSimRS/cltSimRS_n49.pdf, id=847, 361.35pt x 216.81pt>
File: 4-4_clt/figures/cltSimRS/cltSimRS_n49.pdf Graphic file (type pdf)

<use 4-4_clt/figures/cltSimRS/cltSimRS_n49.pdf>
Package pdftex.def Info: 4-4_clt/figures/cltSimRS/cltSimRS_n49.pdf used on inpu
t line 127.
(pdftex.def)             Requested size: 98.335pt x 58.99931pt.
 [114

 <./4-4_clt/figures/cltSimRS/cltSimRS_pop.pdf> <./4-4_clt/figures/cltSimRS/cltS
imRS_n7.pdf> <./4-4_clt/figures/cltSimRS/cltSimRS_samp.pdf> <./4-4_clt/figures/
cltSimRS/cltSimRS_n49.pdf>]
File: 4-4_clt/figures/cltSimRS/cltSimRS_pop.pdf Graphic file (type pdf)
<use 4-4_clt/figures/cltSimRS/cltSimRS_pop.pdf>
Package pdftex.def Info: 4-4_clt/figures/cltSimRS/cltSimRS_pop.pdf used on inpu
t line 127.
(pdftex.def)             Requested size: 122.91406pt x 86.03876pt.
File: 4-4_clt/figures/cltSimRS/cltSimRS_n7.pdf Graphic file (type pdf)

<use 4-4_clt/figures/cltSimRS/cltSimRS_n7.pdf>
Package pdftex.def Info: 4-4_clt/figures/cltSimRS/cltSimRS_n7.pdf used on input
 line 127.
(pdftex.def)             Requested size: 98.335pt x 58.99931pt.
File: 4-4_clt/figures/cltSimRS/cltSimRS_samp.pdf Graphic file (type pdf)

<use 4-4_clt/figures/cltSimRS/cltSimRS_samp.pdf>
Package pdftex.def Info: 4-4_clt/figures/cltSimRS/cltSimRS_samp.pdf used on inp
ut line 127.
(pdftex.def)             Requested size: 98.335pt x 58.99931pt.
File: 4-4_clt/figures/cltSimRS/cltSimRS_n49.pdf Graphic file (type pdf)

<use 4-4_clt/figures/cltSimRS/cltSimRS_n49.pdf>
Package pdftex.def Info: 4-4_clt/figures/cltSimRS/cltSimRS_n49.pdf used on inpu
t line 127.
(pdftex.def)             Requested size: 98.335pt x 58.99931pt.
 [115

])
(./4-5_inf_other_est/4-5_inf_other_est.tex [116

]
Overfull \vbox (49.03188pt too high) detected at line 24
 []

[117

] [118

]
Overfull \vbox (8.96727pt too high) detected at line 66
 []

[119

]
Overfull \vbox (8.96727pt too high) detected at line 66
 []

[120

]
Overfull \vbox (9.06546pt too high) detected at line 89
 []

[121

]
Overfull \vbox (9.06546pt too high) detected at line 89
 []

[122

] [123

] [124

] [125

]
<4-5_inf_other_est/figures/bf/bf.pdf, id=932, 505.89pt x 252.945pt>
File: 4-5_inf_other_est/figures/bf/bf.pdf Graphic file (type pdf)

<use 4-5_inf_other_est/figures/bf/bf.pdf>
Package pdftex.def Info: 4-5_inf_other_est/figures/bf/bf.pdf used on input line
 131.
(pdftex.def)             Requested size: 230.46739pt x 115.23682pt.
 [126

 <./4-5_inf_other_est/figures/bf/bf.pdf>] [127

] [128

]
Overfull \vbox (17.75203pt too high) detected at line 178
 []

[129

]
Overfull \vbox (22.44073pt too high) detected at line 206
 []

[130

]
Overfull \hbox (3.20149pt too wide) in alignment at lines 238--238
 [][][] []
 []

[131

]
Overfull \hbox (3.20149pt too wide) in alignment at lines 238--238
 [][][] []
 []

[132

]
Overfull \hbox (3.20149pt too wide) in alignment at lines 238--238
 [][][] []
 []

[133

]
Overfull \hbox (3.20149pt too wide) in alignment at lines 238--238
 [][][] []
 []

[134

]
Overfull \hbox (3.20149pt too wide) in alignment at lines 238--238
 [][][] []
 []

[135

]
Overfull \hbox (3.20149pt too wide) in alignment at lines 238--238
 [][][] []
 []

[136

]
Overfull \hbox (3.20149pt too wide) in alignment at lines 238--238
 [][][] []
 []

[137

]
Overfull \hbox (3.20149pt too wide) in alignment at lines 238--238
 [][][] []
 []

[138

]
Overfull \hbox (22.05795pt too wide) in paragraph at lines 271--271
 [] 
 []

[139

]
Overfull \hbox (22.05795pt too wide) in paragraph at lines 271--271
 [] 
 []

[140

]
Overfull \hbox (22.05795pt too wide) in paragraph at lines 271--271
 [] 
 []

[141

]
Overfull \hbox (22.05795pt too wide) in paragraph at lines 271--271
 [] 
 []

[142

]
Overfull \hbox (22.05795pt too wide) in paragraph at lines 271--271
 [] 
 []

[143

]
Overfull \hbox (22.05795pt too wide) in paragraph at lines 271--271
 [] 
 []

[144

]
Overfull \hbox (22.05795pt too wide) in paragraph at lines 271--271
 [] 
 []

[145

]
Overfull \hbox (22.05795pt too wide) in paragraph at lines 271--271
 [] 
 []

[146

]
LaTeX Font Info:    Font shape `OT1/txss/m/it' in size <9> not available
(Font)              Font shape `OT1/txss/m/sl' tried instead on input line 293.

LaTeX Font Info:    Font shape `OT1/txss/m/sl' will be
(Font)              scaled to size 8.54997pt on input line 293.

Overfull \vbox (50.90843pt too high) detected at line 293
 []

[147

])
\tf@nav=\write7
\openout7 = `chp4.nav'.

\tf@toc=\write8
\openout8 = `chp4.toc'.

\tf@snm=\write9
\openout9 = `chp4.snm'.

Package atveryend Info: Empty hook `BeforeClearDocument' on input line 80.
Package atveryend Info: Empty hook `AfterLastShipout' on input line 80.
 (./chp4.aux)
Package atveryend Info: Executing hook `AtVeryEndDocument' on input line 80.
Package atveryend Info: Executing hook `AtEndAfterFileList' on input line 80.
Package rerunfilecheck Info: File `chp4.out' has not changed.
(rerunfilecheck)             Checksum: EC4D79E9FBAC8EA82C380EF4FC5EE1C7;1953.
Package atveryend Info: Empty hook `AtVeryVeryEnd' on input line 80.
 ) 
Here is how much of TeX's memory you used:
 24413 strings out of 493089
 464393 string characters out of 6134842
 531238 words of memory out of 5000000
 26875 multiletter control sequences out of 15000+600000
 73443 words of font info for 163 fonts, out of 8000000 for 9000
 1141 hyphenation exceptions out of 8191
 63i,16n,89p,1751b,713s stack positions out of 5000i,500n,10000p,200000b,80000s
{/usr/local/texlive/2015/texmf-dist/fonts/enc/dvips/base/8r.enc}</usr/local/t
exlive/2015/texmf-dist/fonts/type1/public/txfonts/rtcxss.pfb></usr/local/texliv
e/2015/texmf-dist/fonts/type1/public/txfonts/rtxmi.pfb></usr/local/texlive/2015
/texmf-dist/fonts/type1/public/txfonts/rtxr.pfb></usr/local/texlive/2015/texmf-
dist/fonts/type1/public/txfonts/txex.pfb></usr/local/texlive/2015/texmf-dist/fo
nts/type1/public/txfonts/txsy.pfb></usr/local/texlive/2015/texmf-dist/fonts/typ
e1/public/txfonts/txsya.pfb></usr/local/texlive/2015/texmf-dist/fonts/type1/pub
lic/txfonts/txsyc.pfb></usr/local/texlive/2015/texmf-dist/fonts/type1/urw/helve
tic/uhvb8a.pfb></usr/local/texlive/2015/texmf-dist/fonts/type1/urw/helvetic/uhv
r8a.pfb></usr/local/texlive/2015/texmf-dist/fonts/type1/urw/helvetic/uhvr8a.pfb
></usr/local/texlive/2015/texmf-dist/fonts/type1/urw/times/utmr8a.pfb></usr/loc
al/texlive/2015/texmf-dist/fonts/type1/urw/times/utmri8a.pfb>
Output written on chp4.pdf (147 pages, 4787472 bytes).
PDF statistics:
 1169 PDF objects out of 1200 (max. 8388607)
 937 compressed objects within 10 object streams
 320 named destinations out of 1000 (max. 500000)
 378 words of extra memory for PDF output out of 10000 (max. 10000000)

