This is pdfTeX, Version 3.1415926-2.4-1.40.13 (TeX Live 2012) (format=pdflatex 2012.9.25)  19 JAN 2014 15:24
entering extended mode
 \write18 enabled.
 %&-line parsing enabled.
**chp8.tex
(./chp8.tex
LaTeX2e <2011/06/27>
Babel <v3.8m> and hyphenation patterns for english, dumylang, nohyphenation, ge
rman-x-2012-05-30, ngerman-x-2012-05-30, afrikaans, ancientgreek, ibycus, arabi
c, armenian, basque, bulgarian, catalan, pinyin, coptic, croatian, czech, danis
h, dutch, ukenglish, usenglishmax, esperanto, estonian, ethiopic, farsi, finnis
h, french, friulan, galician, german, ngerman, swissgerman, monogreek, greek, h
ungarian, icelandic, assamese, bengali, gujarati, hindi, kannada, malayalam, ma
rathi, oriya, panjabi, tamil, telugu, indonesian, interlingua, irish, italian, 
kurmanji, latin, latvian, lithuanian, mongolian, mongolianlmc, bokmal, nynorsk,
 polish, portuguese, romanian, romansh, russian, sanskrit, serbian, serbianc, s
lovak, slovenian, spanish, swedish, turkish, turkmen, ukrainian, uppersorbian, 
welsh, loaded.
(/usr/local/texlive/2012/texmf-dist/tex/latex/beamer/beamer.cls
(/usr/local/texlive/2012/texmf-dist/tex/latex/beamer/beamerbasercs.sty
Package: beamerbasercs 2012/09/19 (rcs-revision 9cdb60d8ebed)
)
Document Class: beamer 2011/09/12 development version 3.22 A class for typesett
ing presentations (rcs-revision 70f9d8411e54)
(/usr/local/texlive/2012/texmf-dist/tex/latex/beamer/beamerbasemodes.sty
Package: beamerbasemodes 2012/04/15 (rcs-revision cc6557182d97)
\beamer@tempbox=\box26
\beamer@tempcount=\count79
\c@beamerpauses=\count80

(/usr/local/texlive/2012/texmf-dist/tex/latex/beamer/beamerbasedecode.sty
Package: beamerbasedecode 2010/05/01 (rcs-revision efa082c6111d)
\beamer@slideinframe=\count81
\beamer@minimum=\count82
)
\beamer@commentbox=\box27
\beamer@modecount=\count83
)
(/usr/local/texlive/2012/texmf-dist/tex/generic/oberdiek/ifpdf.sty
Package: ifpdf 2011/01/30 v2.3 Provides the ifpdf switch (HO)
Package ifpdf Info: pdfTeX in PDF mode is detected.
)
\headheight=\dimen102
\headdp=\dimen103
\footheight=\dimen104
\sidebarheight=\dimen105
\beamer@tempdim=\dimen106
\beamer@finalheight=\dimen107
\beamer@animht=\dimen108
\beamer@animdp=\dimen109
\beamer@animwd=\dimen110
\beamer@leftmargin=\dimen111
\beamer@rightmargin=\dimen112
\beamer@leftsidebar=\dimen113
\beamer@rightsidebar=\dimen114
\beamer@boxsize=\dimen115
\beamer@vboxoffset=\dimen116
\beamer@descdefault=\dimen117
\beamer@descriptionwidth=\dimen118
\beamer@lastskip=\skip41
\beamer@areabox=\box28
\beamer@animcurrent=\box29
\beamer@animshowbox=\box30
\beamer@sectionbox=\box31
\beamer@logobox=\box32
\beamer@linebox=\box33
\beamer@sectioncount=\count84
\beamer@subsubsectionmax=\count85
\beamer@subsectionmax=\count86
\beamer@sectionmax=\count87
\beamer@totalheads=\count88
\beamer@headcounter=\count89
\beamer@partstartpage=\count90
\beamer@sectionstartpage=\count91
\beamer@subsectionstartpage=\count92
\beamer@animationtempa=\count93
\beamer@animationtempb=\count94
\beamer@xpos=\count95
\beamer@ypos=\count96
\beamer@showpartnumber=\count97
\beamer@currentsubsection=\count98
\beamer@coveringdepth=\count99
\beamer@sectionadjust=\count100
\beamer@tocsectionnumber=\count101

(/usr/local/texlive/2012/texmf-dist/tex/latex/beamer/beamerbaseoptions.sty
Package: beamerbaseoptions 2010/04/27 (rcs-revision 982469101dd6)

(/usr/local/texlive/2012/texmf-dist/tex/latex/graphics/keyval.sty
Package: keyval 1999/03/16 v1.13 key=value parser (DPC)
\KV@toks@=\toks14
))
\beamer@paperwidth=\skip42
\beamer@paperheight=\skip43

(/usr/local/texlive/2012/texmf-dist/tex/latex/geometry/geometry.sty
Package: geometry 2010/09/12 v5.6 Page Geometry

(/usr/local/texlive/2012/texmf-dist/tex/generic/oberdiek/ifvtex.sty
Package: ifvtex 2010/03/01 v1.5 Detect VTeX and its facilities (HO)
Package ifvtex Info: VTeX not detected.
)
(/usr/local/texlive/2012/texmf-dist/tex/generic/ifxetex/ifxetex.sty
Package: ifxetex 2010/09/12 v0.6 Provides ifxetex conditional
)
\Gm@cnth=\count102
\Gm@cntv=\count103
\c@Gm@tempcnt=\count104
\Gm@bindingoffset=\dimen119
\Gm@wd@mp=\dimen120
\Gm@odd@mp=\dimen121
\Gm@even@mp=\dimen122
\Gm@layoutwidth=\dimen123
\Gm@layoutheight=\dimen124
\Gm@layouthoffset=\dimen125
\Gm@layoutvoffset=\dimen126
\Gm@dimlist=\toks15
)

Class beamer Warning: ``slidestop'' is obsolete. Use ``t'' instead on input lin
e 343.


Class beamer Warning: ``mathserif'' is obsolete. Use font theme ``serif'' with 
option ``onlymath'' on input line 343.

(/usr/local/texlive/2012/texmf-dist/tex/latex/base/size11.clo
File: size11.clo 2007/10/19 v1.4h Standard LaTeX file (size option)
)
(/usr/local/texlive/2012/texmf-dist/tex/latex/pgf/basiclayer/pgfcore.sty
(/usr/local/texlive/2012/texmf-dist/tex/latex/graphics/graphicx.sty
Package: graphicx 1999/02/16 v1.0f Enhanced LaTeX Graphics (DPC,SPQR)

(/usr/local/texlive/2012/texmf-dist/tex/latex/graphics/graphics.sty
Package: graphics 2009/02/05 v1.0o Standard LaTeX Graphics (DPC,SPQR)

(/usr/local/texlive/2012/texmf-dist/tex/latex/graphics/trig.sty
Package: trig 1999/03/16 v1.09 sin cos tan (DPC)
)
(/usr/local/texlive/2012/texmf-dist/tex/latex/latexconfig/graphics.cfg
File: graphics.cfg 2010/04/23 v1.9 graphics configuration of TeX Live
)
Package graphics Info: Driver file: pdftex.def on input line 91.

(/usr/local/texlive/2012/texmf-dist/tex/latex/pdftex-def/pdftex.def
File: pdftex.def 2011/05/27 v0.06d Graphics/color for pdfTeX

(/usr/local/texlive/2012/texmf-dist/tex/generic/oberdiek/infwarerr.sty
Package: infwarerr 2010/04/08 v1.3 Providing info/warning/error messages (HO)
)
(/usr/local/texlive/2012/texmf-dist/tex/generic/oberdiek/ltxcmds.sty
Package: ltxcmds 2011/11/09 v1.22 LaTeX kernel commands for general use (HO)
)
\Gread@gobject=\count105
))
\Gin@req@height=\dimen127
\Gin@req@width=\dimen128
)
(/usr/local/texlive/2012/texmf-dist/tex/latex/pgf/systemlayer/pgfsys.sty
(/usr/local/texlive/2012/texmf-dist/tex/latex/pgf/utilities/pgfrcs.sty
(/usr/local/texlive/2012/texmf-dist/tex/generic/pgf/utilities/pgfutil-common.te
x
\pgfutil@everybye=\toks16
)
(/usr/local/texlive/2012/texmf-dist/tex/generic/pgf/utilities/pgfutil-latex.def
\pgfutil@abb=\box34
(/usr/local/texlive/2012/texmf-dist/tex/latex/ms/everyshi.sty
Package: everyshi 2001/05/15 v3.00 EveryShipout Package (MS)
))
(/usr/local/texlive/2012/texmf-dist/tex/generic/pgf/utilities/pgfrcs.code.tex
Package: pgfrcs 2010/10/25 v2.10 (rcs-revision 1.24)
))
(/usr/local/texlive/2012/texmf-dist/tex/generic/pgf/systemlayer/pgfsys.code.tex
Package: pgfsys 2010/06/30 v2.10 (rcs-revision 1.37)
(/usr/local/texlive/2012/texmf-dist/tex/generic/pgf/utilities/pgfkeys.code.tex
\pgfkeys@pathtoks=\toks17
\pgfkeys@temptoks=\toks18

(/usr/local/texlive/2012/texmf-dist/tex/generic/pgf/utilities/pgfkeysfiltered.c
ode.tex
\pgfkeys@tmptoks=\toks19
))
\pgf@x=\dimen129
\pgf@y=\dimen130
\pgf@xa=\dimen131
\pgf@ya=\dimen132
\pgf@xb=\dimen133
\pgf@yb=\dimen134
\pgf@xc=\dimen135
\pgf@yc=\dimen136
\w@pgf@writea=\write3
\r@pgf@reada=\read1
\c@pgf@counta=\count106
\c@pgf@countb=\count107
\c@pgf@countc=\count108
\c@pgf@countd=\count109

(/usr/local/texlive/2012/texmf-dist/tex/generic/pgf/systemlayer/pgf.cfg
File: pgf.cfg 2008/05/14  (rcs-revision 1.7)
)
Package pgfsys Info: Driver file for pgf: pgfsys-pdftex.def on input line 900.

(/usr/local/texlive/2012/texmf-dist/tex/generic/pgf/systemlayer/pgfsys-pdftex.d
ef
File: pgfsys-pdftex.def 2009/05/22  (rcs-revision 1.26)

(/usr/local/texlive/2012/texmf-dist/tex/generic/pgf/systemlayer/pgfsys-common-p
df.def
File: pgfsys-common-pdf.def 2008/05/19  (rcs-revision 1.10)
)))
(/usr/local/texlive/2012/texmf-dist/tex/generic/pgf/systemlayer/pgfsyssoftpath.
code.tex
File: pgfsyssoftpath.code.tex 2008/07/18  (rcs-revision 1.7)
\pgfsyssoftpath@smallbuffer@items=\count110
\pgfsyssoftpath@bigbuffer@items=\count111
)
(/usr/local/texlive/2012/texmf-dist/tex/generic/pgf/systemlayer/pgfsysprotocol.
code.tex
File: pgfsysprotocol.code.tex 2006/10/16  (rcs-revision 1.4)
)) (/usr/local/texlive/2012/texmf-dist/tex/latex/xcolor/xcolor.sty
Package: xcolor 2007/01/21 v2.11 LaTeX color extensions (UK)

(/usr/local/texlive/2012/texmf-dist/tex/latex/latexconfig/color.cfg
File: color.cfg 2007/01/18 v1.5 color configuration of teTeX/TeXLive
)
Package xcolor Info: Driver file: pdftex.def on input line 225.
Package xcolor Info: Model `cmy' substituted by `cmy0' on input line 1337.
Package xcolor Info: Model `hsb' substituted by `rgb' on input line 1341.
Package xcolor Info: Model `RGB' extended on input line 1353.
Package xcolor Info: Model `HTML' substituted by `rgb' on input line 1355.
Package xcolor Info: Model `Hsb' substituted by `hsb' on input line 1356.
Package xcolor Info: Model `tHsb' substituted by `hsb' on input line 1357.
Package xcolor Info: Model `HSB' substituted by `hsb' on input line 1358.
Package xcolor Info: Model `Gray' substituted by `gray' on input line 1359.
Package xcolor Info: Model `wave' substituted by `hsb' on input line 1360.
)
(/usr/local/texlive/2012/texmf-dist/tex/generic/pgf/basiclayer/pgfcore.code.tex
Package: pgfcore 2010/04/11 v2.10 (rcs-revision 1.7)
(/usr/local/texlive/2012/texmf-dist/tex/generic/pgf/math/pgfmath.code.tex
(/usr/local/texlive/2012/texmf-dist/tex/generic/pgf/math/pgfmathcalc.code.tex
(/usr/local/texlive/2012/texmf-dist/tex/generic/pgf/math/pgfmathutil.code.tex)
(/usr/local/texlive/2012/texmf-dist/tex/generic/pgf/math/pgfmathparser.code.tex
\pgfmath@dimen=\dimen137
\pgfmath@count=\count112
\pgfmath@box=\box35
\pgfmath@toks=\toks20
\pgfmath@stack@operand=\toks21
\pgfmath@stack@operation=\toks22
)
(/usr/local/texlive/2012/texmf-dist/tex/generic/pgf/math/pgfmathfunctions.code.
tex
(/usr/local/texlive/2012/texmf-dist/tex/generic/pgf/math/pgfmathfunctions.basic
.code.tex)
(/usr/local/texlive/2012/texmf-dist/tex/generic/pgf/math/pgfmathfunctions.trigo
nometric.code.tex)
(/usr/local/texlive/2012/texmf-dist/tex/generic/pgf/math/pgfmathfunctions.rando
m.code.tex)
(/usr/local/texlive/2012/texmf-dist/tex/generic/pgf/math/pgfmathfunctions.compa
rison.code.tex)
(/usr/local/texlive/2012/texmf-dist/tex/generic/pgf/math/pgfmathfunctions.base.
code.tex)
(/usr/local/texlive/2012/texmf-dist/tex/generic/pgf/math/pgfmathfunctions.round
.code.tex)
(/usr/local/texlive/2012/texmf-dist/tex/generic/pgf/math/pgfmathfunctions.misc.
code.tex)))
(/usr/local/texlive/2012/texmf-dist/tex/generic/pgf/math/pgfmathfloat.code.tex
\c@pgfmathroundto@lastzeros=\count113
))
(/usr/local/texlive/2012/texmf-dist/tex/generic/pgf/basiclayer/pgfcorepoints.co
de.tex
File: pgfcorepoints.code.tex 2010/04/09  (rcs-revision 1.20)
\pgf@picminx=\dimen138
\pgf@picmaxx=\dimen139
\pgf@picminy=\dimen140
\pgf@picmaxy=\dimen141
\pgf@pathminx=\dimen142
\pgf@pathmaxx=\dimen143
\pgf@pathminy=\dimen144
\pgf@pathmaxy=\dimen145
\pgf@xx=\dimen146
\pgf@xy=\dimen147
\pgf@yx=\dimen148
\pgf@yy=\dimen149
\pgf@zx=\dimen150
\pgf@zy=\dimen151
)
(/usr/local/texlive/2012/texmf-dist/tex/generic/pgf/basiclayer/pgfcorepathconst
ruct.code.tex
File: pgfcorepathconstruct.code.tex 2010/08/03  (rcs-revision 1.24)
\pgf@path@lastx=\dimen152
\pgf@path@lasty=\dimen153
)
(/usr/local/texlive/2012/texmf-dist/tex/generic/pgf/basiclayer/pgfcorepathusage
.code.tex
File: pgfcorepathusage.code.tex 2008/04/22  (rcs-revision 1.12)
\pgf@shorten@end@additional=\dimen154
\pgf@shorten@start@additional=\dimen155
)
(/usr/local/texlive/2012/texmf-dist/tex/generic/pgf/basiclayer/pgfcorescopes.co
de.tex
File: pgfcorescopes.code.tex 2010/09/08  (rcs-revision 1.34)
\pgfpic=\box36
\pgf@hbox=\box37
\pgf@layerbox@main=\box38
\pgf@picture@serial@count=\count114
)
(/usr/local/texlive/2012/texmf-dist/tex/generic/pgf/basiclayer/pgfcoregraphicst
ate.code.tex
File: pgfcoregraphicstate.code.tex 2008/04/22  (rcs-revision 1.9)
\pgflinewidth=\dimen156
)
(/usr/local/texlive/2012/texmf-dist/tex/generic/pgf/basiclayer/pgfcoretransform
ations.code.tex
File: pgfcoretransformations.code.tex 2009/06/10  (rcs-revision 1.11)
\pgf@pt@x=\dimen157
\pgf@pt@y=\dimen158
\pgf@pt@temp=\dimen159
)
(/usr/local/texlive/2012/texmf-dist/tex/generic/pgf/basiclayer/pgfcorequick.cod
e.tex
File: pgfcorequick.code.tex 2008/10/09  (rcs-revision 1.3)
)
(/usr/local/texlive/2012/texmf-dist/tex/generic/pgf/basiclayer/pgfcoreobjects.c
ode.tex
File: pgfcoreobjects.code.tex 2006/10/11  (rcs-revision 1.2)
)
(/usr/local/texlive/2012/texmf-dist/tex/generic/pgf/basiclayer/pgfcorepathproce
ssing.code.tex
File: pgfcorepathprocessing.code.tex 2008/10/09  (rcs-revision 1.8)
)
(/usr/local/texlive/2012/texmf-dist/tex/generic/pgf/basiclayer/pgfcorearrows.co
de.tex
File: pgfcorearrows.code.tex 2008/04/23  (rcs-revision 1.11)
)
(/usr/local/texlive/2012/texmf-dist/tex/generic/pgf/basiclayer/pgfcoreshade.cod
e.tex
File: pgfcoreshade.code.tex 2008/11/23  (rcs-revision 1.13)
\pgf@max=\dimen160
\pgf@sys@shading@range@num=\count115
)
(/usr/local/texlive/2012/texmf-dist/tex/generic/pgf/basiclayer/pgfcoreimage.cod
e.tex
File: pgfcoreimage.code.tex 2010/03/25  (rcs-revision 1.16)

(/usr/local/texlive/2012/texmf-dist/tex/generic/pgf/basiclayer/pgfcoreexternal.
code.tex
File: pgfcoreexternal.code.tex 2010/09/01  (rcs-revision 1.17)
\pgfexternal@startupbox=\box39
))
(/usr/local/texlive/2012/texmf-dist/tex/generic/pgf/basiclayer/pgfcorelayers.co
de.tex
File: pgfcorelayers.code.tex 2010/08/27  (rcs-revision 1.2)
)
(/usr/local/texlive/2012/texmf-dist/tex/generic/pgf/basiclayer/pgfcoretranspare
ncy.code.tex
File: pgfcoretransparency.code.tex 2008/01/17  (rcs-revision 1.2)
)
(/usr/local/texlive/2012/texmf-dist/tex/generic/pgf/basiclayer/pgfcorepatterns.
code.tex
File: pgfcorepatterns.code.tex 2009/07/02  (rcs-revision 1.3)
)))
(/usr/local/texlive/2012/texmf-dist/tex/latex/pgf/utilities/xxcolor.sty
Package: xxcolor 2003/10/24 ver 0.1
\XC@nummixins=\count116
\XC@countmixins=\count117
)
(/usr/local/texlive/2012/texmf-dist/tex/latex/hyperref/hyperref.sty
Package: hyperref 2012/08/21 v6.83c Hypertext links for LaTeX

(/usr/local/texlive/2012/texmf-dist/tex/generic/oberdiek/hobsub-hyperref.sty
Package: hobsub-hyperref 2012/05/28 v1.13 Bundle oberdiek, subset hyperref (HO)


(/usr/local/texlive/2012/texmf-dist/tex/generic/oberdiek/hobsub-generic.sty
Package: hobsub-generic 2012/05/28 v1.13 Bundle oberdiek, subset generic (HO)
Package: hobsub 2012/05/28 v1.13 Construct package bundles (HO)
Package hobsub Info: Skipping package `infwarerr' (already loaded).
Package hobsub Info: Skipping package `ltxcmds' (already loaded).
Package: ifluatex 2010/03/01 v1.3 Provides the ifluatex switch (HO)
Package ifluatex Info: LuaTeX not detected.
Package hobsub Info: Skipping package `ifvtex' (already loaded).
Package: intcalc 2007/09/27 v1.1 Expandable calculations with integers (HO)
Package hobsub Info: Skipping package `ifpdf' (already loaded).
Package: etexcmds 2011/02/16 v1.5 Avoid name clashes with e-TeX commands (HO)
Package etexcmds Info: Could not find \expanded.
(etexcmds)             That can mean that you are not using pdfTeX 1.50 or
(etexcmds)             that some package has redefined \expanded.
(etexcmds)             In the latter case, load this package earlier.
Package: kvsetkeys 2012/04/25 v1.16 Key value parser (HO)
Package: kvdefinekeys 2011/04/07 v1.3 Define keys (HO)
Package: pdftexcmds 2011/11/29 v0.20 Utility functions of pdfTeX for LuaTeX (HO
)
Package pdftexcmds Info: LuaTeX not detected.
Package pdftexcmds Info: \pdf@primitive is available.
Package pdftexcmds Info: \pdf@ifprimitive is available.
Package pdftexcmds Info: \pdfdraftmode found.
Package: pdfescape 2011/11/25 v1.13 Implements pdfTeX's escape features (HO)
Package: bigintcalc 2012/04/08 v1.3 Expandable calculations on big integers (HO
)
Package: bitset 2011/01/30 v1.1 Handle bit-vector datatype (HO)
Package: uniquecounter 2011/01/30 v1.2 Provide unlimited unique counter (HO)
)
Package hobsub Info: Skipping package `hobsub' (already loaded).
Package: letltxmacro 2010/09/02 v1.4 Let assignment for LaTeX macros (HO)
Package: hopatch 2012/05/28 v1.2 Wrapper for package hooks (HO)
Package: xcolor-patch 2011/01/30 xcolor patch
Package: atveryend 2011/06/30 v1.8 Hooks at the very end of document (HO)
Package atveryend Info: \enddocument detected (standard20110627).
Package: atbegshi 2011/10/05 v1.16 At begin shipout hook (HO)
Package: refcount 2011/10/16 v3.4 Data extraction from label references (HO)
Package: hycolor 2011/01/30 v1.7 Color options for hyperref/bookmark (HO)
)
(/usr/local/texlive/2012/texmf-dist/tex/latex/oberdiek/auxhook.sty
Package: auxhook 2011/03/04 v1.3 Hooks for auxiliary files (HO)
)
(/usr/local/texlive/2012/texmf-dist/tex/latex/oberdiek/kvoptions.sty
Package: kvoptions 2011/06/30 v3.11 Key value format for package options (HO)
)
\@linkdim=\dimen161
\Hy@linkcounter=\count118
\Hy@pagecounter=\count119

(/usr/local/texlive/2012/texmf-dist/tex/latex/hyperref/pd1enc.def
File: pd1enc.def 2012/08/21 v6.83c Hyperref: PDFDocEncoding definition (HO)
)
\Hy@SavedSpaceFactor=\count120

(/usr/local/texlive/2012/texmf-dist/tex/latex/latexconfig/hyperref.cfg
File: hyperref.cfg 2002/06/06 v1.2 hyperref configuration of TeXLive
)
Package hyperref Info: Option `bookmarks' set `true' on input line 4139.
Package hyperref Info: Option `bookmarksopen' set `true' on input line 4139.
Package hyperref Info: Option `implicit' set `false' on input line 4139.
Package hyperref Info: Hyper figures OFF on input line 4263.
Package hyperref Info: Link nesting OFF on input line 4268.
Package hyperref Info: Hyper index ON on input line 4271.
Package hyperref Info: Plain pages OFF on input line 4278.
Package hyperref Info: Backreferencing OFF on input line 4283.
Package hyperref Info: Implicit mode OFF; no redefinition of LaTeX internals.
Package hyperref Info: Bookmarks ON on input line 4501.
\c@Hy@tempcnt=\count121

(/usr/local/texlive/2012/texmf-dist/tex/latex/url/url.sty
\Urlmuskip=\muskip10
Package: url 2006/04/12  ver 3.3  Verb mode for urls, etc.
)
LaTeX Info: Redefining \url on input line 4854.
\XeTeXLinkMargin=\dimen162
\Fld@menulength=\count122
\Field@Width=\dimen163
\Fld@charsize=\dimen164
Package hyperref Info: Hyper figures OFF on input line 6094.
Package hyperref Info: Link nesting OFF on input line 6099.
Package hyperref Info: Hyper index ON on input line 6102.
Package hyperref Info: backreferencing OFF on input line 6109.
Package hyperref Info: Link coloring OFF on input line 6114.
Package hyperref Info: Link coloring with OCG OFF on input line 6119.
Package hyperref Info: PDF/A mode OFF on input line 6124.
LaTeX Info: Redefining \ref on input line 6164.
LaTeX Info: Redefining \pageref on input line 6168.
\Hy@abspage=\count123


Package hyperref Message: Stopped early.

)

Package hyperref Message: Driver (autodetected): hpdftex.

(/usr/local/texlive/2012/texmf-dist/tex/latex/hyperref/hpdftex.def
File: hpdftex.def 2012/08/21 v6.83c Hyperref driver for pdfTeX
\Fld@listcount=\count124
\c@bookmark@seq@number=\count125

(/usr/local/texlive/2012/texmf-dist/tex/latex/oberdiek/rerunfilecheck.sty
Package: rerunfilecheck 2011/04/15 v1.7 Rerun checks for auxiliary files (HO)
Package uniquecounter Info: New unique counter `rerunfilecheck' on input line 2
82.
))
(/usr/local/texlive/2012/texmf-dist/tex/latex/beamer/beamerbaserequires.sty
Package: beamerbaserequires 2010/05/01  (rcs-revision efa082c6111d)

(/usr/local/texlive/2012/texmf-dist/tex/latex/beamer/beamerbasecompatibility.st
y
Package: beamerbasecompatibility 2012/05/01  (rcs-revision 67c48b3b652d)
) (/usr/local/texlive/2012/texmf-dist/tex/latex/beamer/beamerbasefont.sty
Package: beamerbasefont 2012/09/19  (rcs-revision 733629cd0c6c)

(/usr/local/texlive/2012/texmf-dist/tex/latex/amsfonts/amssymb.sty
Package: amssymb 2009/06/22 v3.00

(/usr/local/texlive/2012/texmf-dist/tex/latex/amsfonts/amsfonts.sty
Package: amsfonts 2009/06/22 v3.00 Basic AMSFonts support
\@emptytoks=\toks23
\symAMSa=\mathgroup4
\symAMSb=\mathgroup5
LaTeX Font Info:    Overwriting math alphabet `\mathfrak' in version `bold'
(Font)                  U/euf/m/n --> U/euf/b/n on input line 96.
)))
(/usr/local/texlive/2012/texmf-dist/tex/latex/beamer/beamerbasetranslator.sty
Package: beamerbasetranslator 2010/06/11  (rcs-revision 85fd1cc7fc42)

(/usr/local/texlive/2012/texmf-dist/tex/latex/beamer/translator/translator.sty
Package: translator 2010/06/12 ver 1.10

(/usr/local/texlive/2012/texmf-dist/tex/latex/beamer/translator/translator-lang
uage-mappings.tex)))
(/usr/local/texlive/2012/texmf-dist/tex/latex/beamer/beamerbasemisc.sty
Package: beamerbasemisc 2012/02/24  (rcs-revision 2ff5461be705)
)
(/usr/local/texlive/2012/texmf-dist/tex/latex/beamer/beamerbasetwoscreens.sty
Package: beamerbasetwoscreens 2010/05/01  (rcs-revision efa082c6111d)
)
(/usr/local/texlive/2012/texmf-dist/tex/latex/beamer/beamerbaseoverlay.sty
Package: beamerbaseoverlay 2012/04/03  (rcs-revision 45744d9ae88b)
\beamer@argscount=\count126
\beamer@lastskipcover=\skip44
\beamer@trivlistdepth=\count127
)
(/usr/local/texlive/2012/texmf-dist/tex/latex/beamer/beamerbasetitle.sty
Package: beamerbasetitle 2010/09/21  (rcs-revision f0446ed0b6ae)
)
(/usr/local/texlive/2012/texmf-dist/tex/latex/beamer/beamerbasesection.sty
Package: beamerbasesection 2012/05/30  (rcs-revision 22ff49def670)
\c@lecture=\count128
\c@part=\count129
\c@section=\count130
\c@subsection=\count131
\c@subsubsection=\count132
)
(/usr/local/texlive/2012/texmf-dist/tex/latex/beamer/beamerbaseframe.sty
Package: beamerbaseframe 2012/09/13  (rcs-revision dcd846607320)
\beamer@framebox=\box40
\beamer@frametitlebox=\box41
\beamer@zoombox=\box42
\beamer@zoomcount=\count133
\beamer@zoomframecount=\count134
\beamer@frametextheight=\dimen165
\c@subsectionslide=\count135
\beamer@frametopskip=\skip45
\beamer@framebottomskip=\skip46
\beamer@frametopskipautobreak=\skip47
\beamer@framebottomskipautobreak=\skip48
\beamer@envbody=\toks24
\framewidth=\dimen166
\c@framenumber=\count136
)
(/usr/local/texlive/2012/texmf-dist/tex/latex/beamer/beamerbaseverbatim.sty
Package: beamerbaseverbatim 2012/08/30  (rcs-revision dfdb135076b3)
\beamer@verbatimfileout=\write4
)
(/usr/local/texlive/2012/texmf-dist/tex/latex/beamer/beamerbaseframesize.sty
Package: beamerbaseframesize 2011/09/12  (rcs-revision 70f9d8411e54)
\beamer@splitbox=\box43
\beamer@autobreakcount=\count137
\beamer@autobreaklastheight=\dimen167
\beamer@frametitletoks=\toks25
\beamer@framesubtitletoks=\toks26
)
(/usr/local/texlive/2012/texmf-dist/tex/latex/beamer/beamerbaseframecomponents.
sty
Package: beamerbaseframecomponents 2012/09/13  (rcs-revision dcd846607320)
\beamer@footins=\box44
) (/usr/local/texlive/2012/texmf-dist/tex/latex/beamer/beamerbasecolor.sty
Package: beamerbasecolor 2010/06/06  (rcs-revision d1a9b48be06d)
)
(/usr/local/texlive/2012/texmf-dist/tex/latex/beamer/beamerbasenotes.sty
Package: beamerbasenotes 2010/05/01  (rcs-revision efa082c6111d)
\beamer@frameboxcopy=\box45
)
(/usr/local/texlive/2012/texmf-dist/tex/latex/beamer/beamerbasetoc.sty
Package: beamerbasetoc 2012/02/28  (rcs-revision 138681b92320)
)
(/usr/local/texlive/2012/texmf-dist/tex/latex/beamer/beamerbasetemplates.sty
Package: beamerbasetemplates 2010/05/01  (rcs-revision efa082c6111d)
\beamer@sbttoks=\toks27

(/usr/local/texlive/2012/texmf-dist/tex/latex/beamer/beamerbaseauxtemplates.sty
Package: beamerbaseauxtemplates 2012/05/01  (rcs-revision 67c48b3b652d)
(/usr/local/texlive/2012/texmf-dist/tex/latex/beamer/beamerbaseboxes.sty
Package: beamerbaseboxes 2012/05/13  (rcs-revision 56972908a390)
\bmb@box=\box46
\bmb@colorbox=\box47
\bmb@boxshadow=\box48
\bmb@boxshadowball=\box49
\bmb@boxshadowballlarge=\box50
\bmb@temp=\dimen168
\bmb@dima=\dimen169
\bmb@dimb=\dimen170
\bmb@prevheight=\dimen171
)
\beamer@blockheadheight=\dimen172
))
(/usr/local/texlive/2012/texmf-dist/tex/latex/beamer/beamerbaselocalstructure.s
ty
Package: beamerbaselocalstructure 2012/05/25  (rcs-revision 5ff5e8ed7c0e)
 (/usr/local/texlive/2012/texmf-dist/tex/latex/tools/enumerate.sty
Package: enumerate 1999/03/05 v3.00 enumerate extensions (DPC)
\@enLab=\toks28
)
\c@figure=\count138
\c@table=\count139
\abovecaptionskip=\skip49
\belowcaptionskip=\skip50
)
(/usr/local/texlive/2012/texmf-dist/tex/latex/beamer/beamerbasenavigation.sty
Package: beamerbasenavigation 2012/04/03  (rcs-revision 42a0f21a412d)
\beamer@section@min@dim=\dimen173
)
(/usr/local/texlive/2012/texmf-dist/tex/latex/beamer/beamerbasetheorems.sty
Package: beamerbasetheorems 2010/06/06  (rcs-revision 7e7cc5e53e9d)

(/usr/local/texlive/2012/texmf-dist/tex/latex/amsmath/amsmath.sty
Package: amsmath 2000/07/18 v2.13 AMS math features
\@mathmargin=\skip51

For additional information on amsmath, use the `?' option.
(/usr/local/texlive/2012/texmf-dist/tex/latex/amsmath/amstext.sty
Package: amstext 2000/06/29 v2.01

(/usr/local/texlive/2012/texmf-dist/tex/latex/amsmath/amsgen.sty
File: amsgen.sty 1999/11/30 v2.0
\@emptytoks=\toks29
\ex@=\dimen174
))
(/usr/local/texlive/2012/texmf-dist/tex/latex/amsmath/amsbsy.sty
Package: amsbsy 1999/11/29 v1.2d
\pmbraise@=\dimen175
)
(/usr/local/texlive/2012/texmf-dist/tex/latex/amsmath/amsopn.sty
Package: amsopn 1999/12/14 v2.01 operator names
)
\inf@bad=\count140
LaTeX Info: Redefining \frac on input line 211.
\uproot@=\count141
\leftroot@=\count142
LaTeX Info: Redefining \overline on input line 307.
\classnum@=\count143
\DOTSCASE@=\count144
LaTeX Info: Redefining \ldots on input line 379.
LaTeX Info: Redefining \dots on input line 382.
LaTeX Info: Redefining \cdots on input line 467.
\Mathstrutbox@=\box51
\strutbox@=\box52
\big@size=\dimen176
LaTeX Font Info:    Redeclaring font encoding OML on input line 567.
LaTeX Font Info:    Redeclaring font encoding OMS on input line 568.
\macc@depth=\count145
\c@MaxMatrixCols=\count146
\dotsspace@=\muskip11
\c@parentequation=\count147
\dspbrk@lvl=\count148
\tag@help=\toks30
\row@=\count149
\column@=\count150
\maxfields@=\count151
\andhelp@=\toks31
\eqnshift@=\dimen177
\alignsep@=\dimen178
\tagshift@=\dimen179
\tagwidth@=\dimen180
\totwidth@=\dimen181
\lineht@=\dimen182
\@envbody=\toks32
\multlinegap=\skip52
\multlinetaggap=\skip53
\mathdisplay@stack=\toks33
LaTeX Info: Redefining \[ on input line 2666.
LaTeX Info: Redefining \] on input line 2667.
)
(/usr/local/texlive/2012/texmf-dist/tex/latex/amscls/amsthm.sty
Package: amsthm 2009/07/02 v2.20.1
\thm@style=\toks34
\thm@bodyfont=\toks35
\thm@headfont=\toks36
\thm@notefont=\toks37
\thm@headpunct=\toks38
\thm@preskip=\skip54
\thm@postskip=\skip55
\thm@headsep=\skip56
\dth@everypar=\toks39
)
\c@theorem=\count152
)
(/usr/local/texlive/2012/texmf-dist/tex/latex/beamer/beamerbasethemes.sty
Package: beamerbasethemes 2010/05/01  (rcs-revision efa082c6111d)
))
(/usr/local/texlive/2012/texmf-dist/tex/latex/beamer/themes/theme/beamerthemede
fault.sty
Package: beamerthemedefault 2010/06/17  (rcs-revision d02a7cf4d8ae)

(/usr/local/texlive/2012/texmf-dist/tex/latex/beamer/themes/font/beamerfontthem
edefault.sty
Package: beamerfontthemedefault 2010/06/17  (rcs-revision d02a7cf4d8ae)
)
(/usr/local/texlive/2012/texmf-dist/tex/latex/beamer/themes/color/beamercolorth
emedefault.sty
Package: beamercolorthemedefault 2010/06/17  (rcs-revision d02a7cf4d8ae)
)
(/usr/local/texlive/2012/texmf-dist/tex/latex/beamer/themes/inner/beamerinnerth
emedefault.sty
Package: beamerinnerthemedefault 2012/05/01  (rcs-revision 67c48b3b652d)
\beamer@dima=\dimen183
\beamer@dimb=\dimen184
)
(/usr/local/texlive/2012/texmf-dist/tex/latex/beamer/themes/outer/beamerouterth
emedefault.sty
Package: beamerouterthemedefault 2010/06/17  (rcs-revision d02a7cf4d8ae)
))) (../lec_style.tex
(/usr/local/texlive/2012/texmf-dist/tex/latex/beamer/themes/theme/beamerthemeAn
nArbor.sty
Package: beamerthemeAnnArbor 2010/06/17  (rcs-revision d02a7cf4d8ae)

(/usr/local/texlive/2012/texmf-dist/tex/latex/beamer/themes/inner/beamerinnerth
emerounded.sty
Package: beamerinnerthemerounded 2010/06/17  (rcs-revision d02a7cf4d8ae)
)
(/usr/local/texlive/2012/texmf-dist/tex/latex/beamer/themes/outer/beamerouterth
emeinfolines.sty
Package: beamerouterthemeinfolines 2012/05/30  (rcs-revision cbdb60c45607)
)
(/usr/local/texlive/2012/texmf-dist/tex/latex/beamer/themes/color/beamercolorth
emewolverine.sty
Package: beamercolorthemewolverine 2010/06/17  (rcs-revision d02a7cf4d8ae)
))
(/usr/local/texlive/2012/texmf-dist/tex/latex/beamer/themes/color/beamercolorth
emeseahorse.sty
Package: beamercolorthemeseahorse 2010/06/17  (rcs-revision d02a7cf4d8ae)
)
(/usr/local/texlive/2012/texmf-dist/tex/latex/oberdiek/epstopdf.sty
Package: epstopdf 2010/02/09 v2.5 Conversion with epstopdf on the fly (HO)

(/usr/local/texlive/2012/texmf-dist/tex/latex/oberdiek/epstopdf-base.sty
Package: epstopdf-base 2010/02/09 v2.5 Base part for package epstopdf

(/usr/local/texlive/2012/texmf-dist/tex/latex/oberdiek/grfext.sty
Package: grfext 2010/08/19 v1.1 Manage graphics extensions (HO)
)
Package grfext Info: Graphics extension search list:
(grfext)             [.png,.pdf,.jpg,.mps,.jpeg,.jbig2,.jb2,.PNG,.PDF,.JPG,.JPE
G,.JBIG2,.JB2,.eps]
(grfext)             \AppendGraphicsExtensions on input line 452.

(/usr/local/texlive/2012/texmf-dist/tex/latex/latexconfig/epstopdf-sys.cfg
File: epstopdf-sys.cfg 2010/07/13 v1.3 Configuration of (r)epstopdf for TeX Liv
e
)))
(/usr/local/texlive/2012/texmf-dist/tex/generic/babel/babel.sty
Package: babel 2008/07/08 v3.8m The Babel package

(/usr/local/texlive/2012/texmf-dist/tex/generic/babel/english.ldf
Language: english 2005/03/30 v3.3o English support from the babel system

(/usr/local/texlive/2012/texmf-dist/tex/generic/babel/babel.def
File: babel.def 2008/07/08 v3.8m Babel common definitions
LaTeX Info: Redefining \textlatin on input line 82.
\babel@savecnt=\count153
\U@D=\dimen185
)
\l@canadian = a dialect from \language\l@american 
\l@australian = a dialect from \language\l@british 
\l@newzealand = a dialect from \language\l@british 
))
(/usr/local/texlive/2012/texmf-dist/tex/latex/base/inputenc.sty
Package: inputenc 2008/03/30 v1.1d Input encoding file
\inpenc@prehook=\toks40
\inpenc@posthook=\toks41

(/usr/local/texlive/2012/texmf-dist/tex/latex/base/latin1.def
File: latin1.def 2008/03/30 v1.1d Input encoding file
))
(/usr/local/texlive/2012/texmf-dist/tex/latex/colortbl/colortbl.sty
Package: colortbl 2012/02/13 v1.0a Color table columns (DPC)

(/usr/local/texlive/2012/texmf-dist/tex/latex/tools/array.sty
Package: array 2008/09/09 v2.4c Tabular extension package (FMi)
\col@sep=\dimen186
\extrarowheight=\dimen187
\NC@list=\toks42
\extratabsurround=\skip57
\backup@length=\skip58
)
\everycr=\toks43
\minrowclearance=\skip59
)
(/usr/local/texlive/2012/texmf-dist/tex/latex/multirow/multirow.sty
\bigstrutjot=\dimen188
)
(/usr/local/texlive/2012/texmf-dist/tex/latex/pgf/basiclayer/pgf.sty
Package: pgf 2008/01/15 v2.10 (rcs-revision 1.12)

(/usr/local/texlive/2012/texmf-dist/tex/generic/pgf/modules/pgfmoduleshapes.cod
e.tex
File: pgfmoduleshapes.code.tex 2010/09/09  (rcs-revision 1.13)
\pgfnodeparttextbox=\box53
)
(/usr/local/texlive/2012/texmf-dist/tex/generic/pgf/modules/pgfmoduleplot.code.
tex
File: pgfmoduleplot.code.tex 2010/10/22  (rcs-revision 1.8)
)
(/usr/local/texlive/2012/texmf-dist/tex/latex/pgf/compatibility/pgfcomp-version
-0-65.sty
Package: pgfcomp-version-0-65 2007/07/03 v2.10 (rcs-revision 1.7)
\pgf@nodesepstart=\dimen189
\pgf@nodesepend=\dimen190
)
(/usr/local/texlive/2012/texmf-dist/tex/latex/pgf/compatibility/pgfcomp-version
-1-18.sty
Package: pgfcomp-version-1-18 2007/07/23 v2.10 (rcs-revision 1.1)
)) (/usr/local/texlive/2012/texmf-dist/tex/latex/tools/calc.sty
Package: calc 2007/08/22 v4.3 Infix arithmetic (KKT,FJ)
\calc@Acount=\count154
\calc@Bcount=\count155
\calc@Adimen=\dimen191
\calc@Bdimen=\dimen192
\calc@Askip=\skip60
\calc@Bskip=\skip61
LaTeX Info: Redefining \setlength on input line 76.
LaTeX Info: Redefining \addtolength on input line 77.
\calc@Ccount=\count156
\calc@Cskip=\skip62
)
(/usr/local/texlive/2012/texmf-dist/tex/generic/ulem/ulem.sty
\UL@box=\box54
\UL@hyphenbox=\box55
\UL@skip=\skip63
\UL@hook=\toks44
\UL@height=\dimen193
\UL@pe=\count157
\UL@pixel=\dimen194
\ULC@box=\box56
Package: ulem 2012/05/18
\ULdepth=\dimen195
)
(/usr/local/texlive/2012/texmf-dist/tex/latex/tools/multicol.sty
Package: multicol 2011/06/27 v1.7a multicolumn formatting (FMi)
\c@tracingmulticols=\count158
\mult@box=\box57
\multicol@leftmargin=\dimen196
\c@unbalance=\count159
\c@collectmore=\count160
\doublecol@number=\count161
\multicoltolerance=\count162
\multicolpretolerance=\count163
\full@width=\dimen197
\page@free=\dimen198
\premulticols=\dimen199
\postmulticols=\dimen200
\multicolsep=\skip64
\multicolbaselineskip=\skip65
\partial@page=\box58
\last@line=\box59
\mult@rightbox=\box60
\mult@grightbox=\box61
\mult@gfirstbox=\box62
\mult@firstbox=\box63
\@tempa=\box64
\@tempa=\box65
\@tempa=\box66
\@tempa=\box67
\@tempa=\box68
\@tempa=\box69
\@tempa=\box70
\@tempa=\box71
\@tempa=\box72
\@tempa=\box73
\@tempa=\box74
\@tempa=\box75
\@tempa=\box76
\@tempa=\box77
\@tempa=\box78
\@tempa=\box79
\@tempa=\box80
\c@columnbadness=\count164
\c@finalcolumnbadness=\count165
\last@try=\dimen201
\multicolovershoot=\dimen202
\multicolundershoot=\dimen203
\mult@nat@firstbox=\box81
\colbreak@box=\box82
\multicol@sort@counter=\count166
)
(/usr/local/texlive/2012/texmf-dist/tex/latex/base/textcomp.sty
Package: textcomp 2005/09/27 v1.99g Standard LaTeX package
Package textcomp Info: Sub-encoding information:
(textcomp)               5 = only ISO-Adobe without \textcurrency
(textcomp)               4 = 5 + \texteuro
(textcomp)               3 = 4 + \textohm
(textcomp)               2 = 3 + \textestimated + \textcurrency
(textcomp)               1 = TS1 - \textcircled - \t
(textcomp)               0 = TS1 (full)
(textcomp)             Font families with sub-encoding setting implement
(textcomp)             only a restricted character set as indicated.
(textcomp)             Family '?' is the default used for unknown fonts.
(textcomp)             See the documentation for details.
Package textcomp Info: Setting ? sub-encoding to TS1/1 on input line 71.

(/usr/local/texlive/2012/texmf-dist/tex/latex/base/ts1enc.def
File: ts1enc.def 2001/06/05 v3.0e (jk/car/fm) Standard LaTeX file
)
LaTeX Info: Redefining \oldstylenums on input line 266.
Package textcomp Info: Setting cmr sub-encoding to TS1/0 on input line 281.
Package textcomp Info: Setting cmss sub-encoding to TS1/0 on input line 282.
Package textcomp Info: Setting cmtt sub-encoding to TS1/0 on input line 283.
Package textcomp Info: Setting cmvtt sub-encoding to TS1/0 on input line 284.
Package textcomp Info: Setting cmbr sub-encoding to TS1/0 on input line 285.
Package textcomp Info: Setting cmtl sub-encoding to TS1/0 on input line 286.
Package textcomp Info: Setting ccr sub-encoding to TS1/0 on input line 287.
Package textcomp Info: Setting ptm sub-encoding to TS1/4 on input line 288.
Package textcomp Info: Setting pcr sub-encoding to TS1/4 on input line 289.
Package textcomp Info: Setting phv sub-encoding to TS1/4 on input line 290.
Package textcomp Info: Setting ppl sub-encoding to TS1/3 on input line 291.
Package textcomp Info: Setting pag sub-encoding to TS1/4 on input line 292.
Package textcomp Info: Setting pbk sub-encoding to TS1/4 on input line 293.
Package textcomp Info: Setting pnc sub-encoding to TS1/4 on input line 294.
Package textcomp Info: Setting pzc sub-encoding to TS1/4 on input line 295.
Package textcomp Info: Setting bch sub-encoding to TS1/4 on input line 296.
Package textcomp Info: Setting put sub-encoding to TS1/5 on input line 297.
Package textcomp Info: Setting uag sub-encoding to TS1/5 on input line 298.
Package textcomp Info: Setting ugq sub-encoding to TS1/5 on input line 299.
Package textcomp Info: Setting ul8 sub-encoding to TS1/4 on input line 300.
Package textcomp Info: Setting ul9 sub-encoding to TS1/4 on input line 301.
Package textcomp Info: Setting augie sub-encoding to TS1/5 on input line 302.
Package textcomp Info: Setting dayrom sub-encoding to TS1/3 on input line 303.
Package textcomp Info: Setting dayroms sub-encoding to TS1/3 on input line 304.

Package textcomp Info: Setting pxr sub-encoding to TS1/0 on input line 305.
Package textcomp Info: Setting pxss sub-encoding to TS1/0 on input line 306.
Package textcomp Info: Setting pxtt sub-encoding to TS1/0 on input line 307.
Package textcomp Info: Setting txr sub-encoding to TS1/0 on input line 308.
Package textcomp Info: Setting txss sub-encoding to TS1/0 on input line 309.
Package textcomp Info: Setting txtt sub-encoding to TS1/0 on input line 310.
Package textcomp Info: Setting lmr sub-encoding to TS1/0 on input line 311.
Package textcomp Info: Setting lmdh sub-encoding to TS1/0 on input line 312.
Package textcomp Info: Setting lmss sub-encoding to TS1/0 on input line 313.
Package textcomp Info: Setting lmssq sub-encoding to TS1/0 on input line 314.
Package textcomp Info: Setting lmvtt sub-encoding to TS1/0 on input line 315.
Package textcomp Info: Setting qhv sub-encoding to TS1/0 on input line 316.
Package textcomp Info: Setting qag sub-encoding to TS1/0 on input line 317.
Package textcomp Info: Setting qbk sub-encoding to TS1/0 on input line 318.
Package textcomp Info: Setting qcr sub-encoding to TS1/0 on input line 319.
Package textcomp Info: Setting qcs sub-encoding to TS1/0 on input line 320.
Package textcomp Info: Setting qpl sub-encoding to TS1/0 on input line 321.
Package textcomp Info: Setting qtm sub-encoding to TS1/0 on input line 322.
Package textcomp Info: Setting qzc sub-encoding to TS1/0 on input line 323.
Package textcomp Info: Setting qhvc sub-encoding to TS1/0 on input line 324.
Package textcomp Info: Setting futs sub-encoding to TS1/4 on input line 325.
Package textcomp Info: Setting futx sub-encoding to TS1/4 on input line 326.
Package textcomp Info: Setting futj sub-encoding to TS1/4 on input line 327.
Package textcomp Info: Setting hlh sub-encoding to TS1/3 on input line 328.
Package textcomp Info: Setting hls sub-encoding to TS1/3 on input line 329.
Package textcomp Info: Setting hlst sub-encoding to TS1/3 on input line 330.
Package textcomp Info: Setting hlct sub-encoding to TS1/5 on input line 331.
Package textcomp Info: Setting hlx sub-encoding to TS1/5 on input line 332.
Package textcomp Info: Setting hlce sub-encoding to TS1/5 on input line 333.
Package textcomp Info: Setting hlcn sub-encoding to TS1/5 on input line 334.
Package textcomp Info: Setting hlcw sub-encoding to TS1/5 on input line 335.
Package textcomp Info: Setting hlcf sub-encoding to TS1/5 on input line 336.
Package textcomp Info: Setting pplx sub-encoding to TS1/3 on input line 337.
Package textcomp Info: Setting pplj sub-encoding to TS1/3 on input line 338.
Package textcomp Info: Setting ptmx sub-encoding to TS1/4 on input line 339.
Package textcomp Info: Setting ptmj sub-encoding to TS1/4 on input line 340.
)
(/usr/local/texlive/2012/texmf-dist/tex/latex/txfonts/txfonts.sty
Package: txfonts 2008/01/22 v3.2.1
LaTeX Font Info:    Redeclaring symbol font `operators' on input line 21.
LaTeX Font Info:    Overwriting symbol font `operators' in version `normal'
(Font)                  OT1/cmr/m/n --> OT1/txr/m/n on input line 21.
LaTeX Font Info:    Overwriting symbol font `operators' in version `bold'
(Font)                  OT1/cmr/bx/n --> OT1/txr/m/n on input line 21.
LaTeX Font Info:    Overwriting symbol font `operators' in version `bold'
(Font)                  OT1/txr/m/n --> OT1/txr/bx/n on input line 22.
\symitalic=\mathgroup6
LaTeX Font Info:    Overwriting symbol font `italic' in version `bold'
(Font)                  OT1/txr/m/it --> OT1/txr/bx/it on input line 26.
LaTeX Font Info:    Redeclaring math alphabet \mathbf on input line 29.
LaTeX Font Info:    Overwriting math alphabet `\mathbf' in version `normal'
(Font)                  OT1/cmr/bx/n --> OT1/txr/bx/n on input line 29.
LaTeX Font Info:    Overwriting math alphabet `\mathbf' in version `bold'
(Font)                  OT1/cmr/bx/n --> OT1/txr/bx/n on input line 29.
LaTeX Font Info:    Redeclaring math alphabet \mathit on input line 30.
LaTeX Font Info:    Overwriting math alphabet `\mathit' in version `normal'
(Font)                  OT1/cmr/m/it --> OT1/txr/m/it on input line 30.
LaTeX Font Info:    Overwriting math alphabet `\mathit' in version `bold'
(Font)                  OT1/cmr/bx/it --> OT1/txr/m/it on input line 30.
LaTeX Font Info:    Overwriting math alphabet `\mathit' in version `bold'
(Font)                  OT1/txr/m/it --> OT1/txr/bx/it on input line 31.
LaTeX Font Info:    Redeclaring math alphabet \mathsf on input line 40.
LaTeX Font Info:    Overwriting math alphabet `\mathsf' in version `normal'
(Font)                  OT1/cmss/m/n --> OT1/txss/m/n on input line 40.
LaTeX Font Info:    Overwriting math alphabet `\mathsf' in version `bold'
(Font)                  OT1/cmss/bx/n --> OT1/txss/m/n on input line 40.
LaTeX Font Info:    Overwriting math alphabet `\mathsf' in version `bold'
(Font)                  OT1/txss/m/n --> OT1/txss/b/n on input line 41.
LaTeX Font Info:    Redeclaring math alphabet \mathtt on input line 50.
LaTeX Font Info:    Overwriting math alphabet `\mathtt' in version `normal'
(Font)                  OT1/cmtt/m/n --> OT1/txtt/m/n on input line 50.
LaTeX Font Info:    Overwriting math alphabet `\mathtt' in version `bold'
(Font)                  OT1/cmtt/m/n --> OT1/txtt/m/n on input line 50.
LaTeX Font Info:    Overwriting math alphabet `\mathtt' in version `bold'
(Font)                  OT1/txtt/m/n --> OT1/txtt/b/n on input line 51.
LaTeX Font Info:    Redeclaring symbol font `letters' on input line 58.
LaTeX Font Info:    Overwriting symbol font `letters' in version `normal'
(Font)                  OML/cmm/m/it --> OML/txmi/m/it on input line 58.
LaTeX Font Info:    Overwriting symbol font `letters' in version `bold'
(Font)                  OML/cmm/b/it --> OML/txmi/m/it on input line 58.
LaTeX Font Info:    Overwriting symbol font `letters' in version `bold'
(Font)                  OML/txmi/m/it --> OML/txmi/bx/it on input line 59.
\symlettersA=\mathgroup7
LaTeX Font Info:    Overwriting symbol font `lettersA' in version `bold'
(Font)                  U/txmia/m/it --> U/txmia/bx/it on input line 67.
LaTeX Font Info:    Redeclaring math alphabet \mathfrak on input line 70.
LaTeX Font Info:    Redeclaring symbol font `symbols' on input line 77.
LaTeX Font Info:    Overwriting symbol font `symbols' in version `normal'
(Font)                  OMS/cmsy/m/n --> OMS/txsy/m/n on input line 77.
LaTeX Font Info:    Overwriting symbol font `symbols' in version `bold'
(Font)                  OMS/cmsy/b/n --> OMS/txsy/m/n on input line 77.
LaTeX Font Info:    Overwriting symbol font `symbols' in version `bold'
(Font)                  OMS/txsy/m/n --> OMS/txsy/bx/n on input line 78.
LaTeX Font Info:    Redeclaring symbol font `AMSa' on input line 93.
LaTeX Font Info:    Overwriting symbol font `AMSa' in version `normal'
(Font)                  U/msa/m/n --> U/txsya/m/n on input line 93.
LaTeX Font Info:    Overwriting symbol font `AMSa' in version `bold'
(Font)                  U/msa/m/n --> U/txsya/m/n on input line 93.
LaTeX Font Info:    Overwriting symbol font `AMSa' in version `bold'
(Font)                  U/txsya/m/n --> U/txsya/bx/n on input line 94.
LaTeX Font Info:    Redeclaring symbol font `AMSb' on input line 102.
LaTeX Font Info:    Overwriting symbol font `AMSb' in version `normal'
(Font)                  U/msb/m/n --> U/txsyb/m/n on input line 102.
LaTeX Font Info:    Overwriting symbol font `AMSb' in version `bold'
(Font)                  U/msb/m/n --> U/txsyb/m/n on input line 102.
LaTeX Font Info:    Overwriting symbol font `AMSb' in version `bold'
(Font)                  U/txsyb/m/n --> U/txsyb/bx/n on input line 103.
\symsymbolsC=\mathgroup8
LaTeX Font Info:    Overwriting symbol font `symbolsC' in version `bold'
(Font)                  U/txsyc/m/n --> U/txsyc/bx/n on input line 113.
LaTeX Font Info:    Redeclaring symbol font `largesymbols' on input line 120.
LaTeX Font Info:    Overwriting symbol font `largesymbols' in version `normal'
(Font)                  OMX/cmex/m/n --> OMX/txex/m/n on input line 120.
LaTeX Font Info:    Overwriting symbol font `largesymbols' in version `bold'
(Font)                  OMX/cmex/m/n --> OMX/txex/m/n on input line 120.
LaTeX Font Info:    Overwriting symbol font `largesymbols' in version `bold'
(Font)                  OMX/txex/m/n --> OMX/txex/bx/n on input line 121.
\symlargesymbolsA=\mathgroup9
LaTeX Font Info:    Overwriting symbol font `largesymbolsA' in version `bold'
(Font)                  U/txexa/m/n --> U/txexa/bx/n on input line 129.
LaTeX Info: Redefining \not on input line 1043.
LaTeX Info: Redefining \textsquare on input line 1063.
LaTeX Info: Redefining \openbox on input line 1064.
)
(/usr/local/texlive/2012/texmf-dist/tex/latex/listings/listings.sty
\lst@mode=\count167
\lst@gtempboxa=\box83
\lst@token=\toks45
\lst@length=\count168
\lst@currlwidth=\dimen204
\lst@column=\count169
\lst@pos=\count170
\lst@lostspace=\dimen205
\lst@width=\dimen206
\lst@newlines=\count171
\lst@lineno=\count172
\lst@maxwidth=\dimen207

(/usr/local/texlive/2012/texmf-dist/tex/latex/listings/lstmisc.sty
File: lstmisc.sty 2007/02/22 1.4 (Carsten Heinz)
\c@lstnumber=\count173
\lst@skipnumbers=\count174
\lst@framebox=\box84
)
(/usr/local/texlive/2012/texmf-dist/tex/latex/listings/listings.cfg
File: listings.cfg 2007/02/22 1.4 listings configuration
))
Package: listings 2007/02/22 1.4 (Carsten Heinz)

(/usr/local/texlive/2012/texmf-dist/tex/latex/pgf/frontendlayer/tikz.sty
(/usr/local/texlive/2012/texmf-dist/tex/latex/pgf/utilities/pgffor.sty
(/usr/local/texlive/2012/texmf-dist/tex/latex/pgf/utilities/pgfkeys.sty
(/usr/local/texlive/2012/texmf-dist/tex/generic/pgf/utilities/pgfkeys.code.tex)
) (/usr/local/texlive/2012/texmf-dist/tex/generic/pgf/utilities/pgffor.code.tex
Package: pgffor 2010/03/23 v2.10 (rcs-revision 1.18)
\pgffor@iter=\dimen208
\pgffor@skip=\dimen209
\pgffor@stack=\toks46
\pgffor@toks=\toks47
))
(/usr/local/texlive/2012/texmf-dist/tex/generic/pgf/frontendlayer/tikz/tikz.cod
e.tex
Package: tikz 2010/10/13 v2.10 (rcs-revision 1.76)

(/usr/local/texlive/2012/texmf-dist/tex/generic/pgf/libraries/pgflibraryplothan
dlers.code.tex
File: pgflibraryplothandlers.code.tex 2010/05/31 v2.10 (rcs-revision 1.15)
\pgf@plot@mark@count=\count175
\pgfplotmarksize=\dimen210
)
\tikz@lastx=\dimen211
\tikz@lasty=\dimen212
\tikz@lastxsaved=\dimen213
\tikz@lastysaved=\dimen214
\tikzleveldistance=\dimen215
\tikzsiblingdistance=\dimen216
\tikz@figbox=\box85
\tikz@tempbox=\box86
\tikztreelevel=\count176
\tikznumberofchildren=\count177
\tikznumberofcurrentchild=\count178
\tikz@fig@count=\count179

(/usr/local/texlive/2012/texmf-dist/tex/generic/pgf/modules/pgfmodulematrix.cod
e.tex
File: pgfmodulematrix.code.tex 2010/08/24  (rcs-revision 1.4)
\pgfmatrixcurrentrow=\count180
\pgfmatrixcurrentcolumn=\count181
\pgf@matrix@numberofcolumns=\count182
)
\tikz@expandcount=\count183

(/usr/local/texlive/2012/texmf-dist/tex/generic/pgf/frontendlayer/tikz/librarie
s/tikzlibrarytopaths.code.tex
File: tikzlibrarytopaths.code.tex 2008/06/17 v2.10 (rcs-revision 1.2)
)))
(/usr/local/texlive/2012/texmf-dist/tex/latex/wasysym/wasysym.sty
Package: wasysym 2003/10/30 v2.0 Wasy-2 symbol support package
\symwasy=\mathgroup10
LaTeX Font Info:    Overwriting symbol font `wasy' in version `bold'
(Font)                  U/wasy/m/n --> U/wasy/b/n on input line 90.
)) (./chp8.aux)
\openout1 = `chp8.aux'.

LaTeX Font Info:    Checking defaults for OML/txmi/m/it on input line 27.
LaTeX Font Info:    Try loading font information for OML+txmi on input line 27.

 (/usr/local/texlive/2012/texmf-dist/tex/latex/txfonts/omltxmi.fd
File: omltxmi.fd 2000/12/15 v3.1
)
LaTeX Font Info:    ... okay on input line 27.
LaTeX Font Info:    Checking defaults for T1/cmr/m/n on input line 27.
LaTeX Font Info:    ... okay on input line 27.
LaTeX Font Info:    Checking defaults for OT1/cmr/m/n on input line 27.
LaTeX Font Info:    ... okay on input line 27.
LaTeX Font Info:    Checking defaults for OMS/txsy/m/n on input line 27.
LaTeX Font Info:    Try loading font information for OMS+txsy on input line 27.


(/usr/local/texlive/2012/texmf-dist/tex/latex/txfonts/omstxsy.fd
File: omstxsy.fd 2000/12/15 v3.1
)
LaTeX Font Info:    ... okay on input line 27.
LaTeX Font Info:    Checking defaults for OMX/txex/m/n on input line 27.
LaTeX Font Info:    Try loading font information for OMX+txex on input line 27.


(/usr/local/texlive/2012/texmf-dist/tex/latex/txfonts/omxtxex.fd
File: omxtxex.fd 2000/12/15 v3.1
)
LaTeX Font Info:    ... okay on input line 27.
LaTeX Font Info:    Checking defaults for U/txexa/m/n on input line 27.
LaTeX Font Info:    Try loading font information for U+txexa on input line 27.

(/usr/local/texlive/2012/texmf-dist/tex/latex/txfonts/utxexa.fd
File: utxexa.fd 2000/12/15 v3.1
)
LaTeX Font Info:    ... okay on input line 27.
LaTeX Font Info:    Checking defaults for PD1/pdf/m/n on input line 27.
LaTeX Font Info:    ... okay on input line 27.
LaTeX Font Info:    Checking defaults for TS1/cmr/m/n on input line 27.
LaTeX Font Info:    Try loading font information for TS1+cmr on input line 27.

(/usr/local/texlive/2012/texmf-dist/tex/latex/base/ts1cmr.fd
File: ts1cmr.fd 1999/05/25 v2.5h Standard LaTeX font definitions
)
LaTeX Font Info:    ... okay on input line 27.
LaTeX Font Info:    Try loading font information for OT1+txss on input line 27.


(/usr/local/texlive/2012/texmf-dist/tex/latex/txfonts/ot1txss.fd
File: ot1txss.fd 2000/12/15 v3.1
)
LaTeX Font Info:    Font shape `OT1/txss/m/n' will be
(Font)              scaled to size 10.40245pt on input line 27.

*geometry* driver: auto-detecting
*geometry* detected driver: pdftex
*geometry* verbose mode - [ preamble ] result:
* driver: pdftex
* paper: custom
* layout: <same size as paper>
* layoutoffset:(h,v)=(0.0pt,0.0pt)
* modes: includehead includefoot 
* h-part:(L,W,R)=(21.90005pt, 320.39525pt, 21.90005pt)
* v-part:(T,H,B)=(0.0pt, 273.14662pt, 0.0pt)
* \paperwidth=364.19536pt
* \paperheight=273.14662pt
* \textwidth=320.39525pt
* \textheight=244.6939pt
* \oddsidemargin=-50.36993pt
* \evensidemargin=-50.36993pt
* \topmargin=-72.26999pt
* \headheight=14.22636pt
* \headsep=0.0pt
* \topskip=11.0pt
* \footskip=14.22636pt
* \marginparwidth=4.0pt
* \marginparsep=10.0pt
* \columnsep=10.0pt
* \skip\footins=10.0pt plus 4.0pt minus 2.0pt
* \hoffset=0.0pt
* \voffset=0.0pt
* \mag=1000
* \@twocolumnfalse
* \@twosidefalse
* \@mparswitchfalse
* \@reversemarginfalse
* (1in=72.27pt=25.4mm, 1cm=28.453pt)

(/usr/local/texlive/2012/texmf-dist/tex/context/base/supp-pdf.mkii
[Loading MPS to PDF converter (version 2006.09.02).]
\scratchcounter=\count184
\scratchdimen=\dimen217
\scratchbox=\box87
\nofMPsegments=\count185
\nofMParguments=\count186
\everyMPshowfont=\toks48
\MPscratchCnt=\count187
\MPscratchDim=\dimen218
\MPnumerator=\count188
\makeMPintoPDFobject=\count189
\everyMPtoPDFconversion=\toks49
) ABD: EveryShipout initializing macros
\AtBeginShipoutBox=\box88
Package hyperref Info: Link coloring OFF on input line 27.

(/usr/local/texlive/2012/texmf-dist/tex/latex/hyperref/nameref.sty
Package: nameref 2012/07/31 v2.42 Cross-referencing by name of section

(/usr/local/texlive/2012/texmf-dist/tex/generic/oberdiek/gettitlestring.sty
Package: gettitlestring 2010/12/03 v1.4 Cleanup title references (HO)
)
\c@section@level=\count190
)
LaTeX Info: Redefining \ref on input line 27.
LaTeX Info: Redefining \pageref on input line 27.
LaTeX Info: Redefining \nameref on input line 27.

(./chp8.out) (./chp8.out)
\@outlinefile=\write5
\openout5 = `chp8.out'.

\symnumbers=\mathgroup11
\sympureletters=\mathgroup12
LaTeX Font Info:    Overwriting math alphabet `\mathrm' in version `normal'
(Font)                  OT1/txr/m/n --> OT1/txr/m/n on input line 27.
LaTeX Font Info:    Redeclaring math alphabet \mathbf on input line 27.
LaTeX Font Info:    Overwriting math alphabet `\mathbf' in version `normal'
(Font)                  OT1/txr/bx/n --> OT1/txr/bx/n on input line 27.
LaTeX Font Info:    Overwriting math alphabet `\mathbf' in version `bold'
(Font)                  OT1/txr/bx/n --> OT1/txr/bx/n on input line 27.
LaTeX Font Info:    Redeclaring math alphabet \mathsf on input line 27.
LaTeX Font Info:    Overwriting math alphabet `\mathsf' in version `normal'
(Font)                  OT1/txss/m/n --> OT1/txss/m/n on input line 27.
LaTeX Font Info:    Overwriting math alphabet `\mathsf' in version `bold'
(Font)                  OT1/txss/b/n --> OT1/txss/m/n on input line 27.
LaTeX Font Info:    Redeclaring math alphabet \mathit on input line 27.
LaTeX Font Info:    Overwriting math alphabet `\mathit' in version `normal'
(Font)                  OT1/txr/m/it --> OT1/txr/m/it on input line 27.
LaTeX Font Info:    Overwriting math alphabet `\mathit' in version `bold'
(Font)                  OT1/txr/bx/it --> OT1/txr/m/it on input line 27.
LaTeX Font Info:    Redeclaring math alphabet \mathtt on input line 27.
LaTeX Font Info:    Overwriting math alphabet `\mathtt' in version `normal'
(Font)                  OT1/txtt/m/n --> OT1/txtt/m/n on input line 27.
LaTeX Font Info:    Overwriting math alphabet `\mathtt' in version `bold'
(Font)                  OT1/txtt/b/n --> OT1/txtt/m/n on input line 27.
LaTeX Font Info:    Overwriting symbol font `numbers' in version `bold'
(Font)                  OT1/txr/m/n --> OT1/txr/bx/n on input line 27.
LaTeX Font Info:    Overwriting symbol font `pureletters' in version `bold'
(Font)                  OT1/txr/m/it --> OT1/txr/bx/it on input line 27.
LaTeX Font Info:    Overwriting math alphabet `\mathrm' in version `bold'
(Font)                  OT1/txr/bx/n --> OT1/txr/bx/n on input line 27.
LaTeX Font Info:    Overwriting math alphabet `\mathbf' in version `bold'
(Font)                  OT1/txr/bx/n --> OT1/txr/bx/n on input line 27.
LaTeX Font Info:    Overwriting math alphabet `\mathsf' in version `bold'
(Font)                  OT1/txss/m/n --> OT1/txss/bx/n on input line 27.
LaTeX Font Info:    Overwriting math alphabet `\mathit' in version `bold'
(Font)                  OT1/txr/m/it --> OT1/txr/bx/it on input line 27.
LaTeX Font Info:    Overwriting math alphabet `\mathtt' in version `bold'
(Font)                  OT1/txtt/m/n --> OT1/txtt/bx/n on input line 27.

(/usr/local/texlive/2012/texmf-dist/tex/latex/beamer/translator/dicts/translato
r-basic-dictionary/translator-basic-dictionary-English.dict
Dictionary: translator-basic-dictionary, Language: English 
)
(/usr/local/texlive/2012/texmf-dist/tex/latex/beamer/translator/dicts/translato
r-bibliography-dictionary/translator-bibliography-dictionary-English.dict
Dictionary: translator-bibliography-dictionary, Language: English 
)
(/usr/local/texlive/2012/texmf-dist/tex/latex/beamer/translator/dicts/translato
r-environment-dictionary/translator-environment-dictionary-English.dict
Dictionary: translator-environment-dictionary, Language: English 
)
(/usr/local/texlive/2012/texmf-dist/tex/latex/beamer/translator/dicts/translato
r-months-dictionary/translator-months-dictionary-English.dict
Dictionary: translator-months-dictionary, Language: English 
)
(/usr/local/texlive/2012/texmf-dist/tex/latex/beamer/translator/dicts/translato
r-numbers-dictionary/translator-numbers-dictionary-English.dict
Dictionary: translator-numbers-dictionary, Language: English 
)
(/usr/local/texlive/2012/texmf-dist/tex/latex/beamer/translator/dicts/translato
r-theorem-dictionary/translator-theorem-dictionary-English.dict
Dictionary: translator-theorem-dictionary, Language: English 
)
LaTeX Info: Redefining \includegraphics on input line 27.
\c@lstlisting=\count191
 (./chp8.nav)
LaTeX Font Info:    Font shape `OT1/txss/m/n' will be
(Font)              scaled to size 5.69998pt on input line 27.
LaTeX Font Info:    Font shape `OT1/txss/m/n' will be
(Font)              scaled to size 13.67995pt on input line 37.
LaTeX Font Info:    Font shape `OT1/txss/m/n' will be
(Font)              scaled to size 7.59998pt on input line 37.

[1

{/usr/local/texlive/2012/texmf-var/fonts/map/pdftex/updmap/pdftex.map}]
(./8-1_intro_mlr/8-1_intro_mlr.tex (./chp8.toc
LaTeX Font Info:    Try loading font information for OT1+txr on input line 5.

(/usr/local/texlive/2012/texmf-dist/tex/latex/txfonts/ot1txr.fd
File: ot1txr.fd 2000/12/15 v3.1
)
LaTeX Font Info:    Try loading font information for U+txsya on input line 5.

(/usr/local/texlive/2012/texmf-dist/tex/latex/txfonts/utxsya.fd
File: utxsya.fd 2000/12/15 v3.1
)
LaTeX Font Info:    Try loading font information for U+txsyb on input line 5.

(/usr/local/texlive/2012/texmf-dist/tex/latex/txfonts/utxsyb.fd
File: utxsyb.fd 2000/12/15 v3.1
)
LaTeX Font Info:    Try loading font information for U+txmia on input line 5.

(/usr/local/texlive/2012/texmf-dist/tex/latex/txfonts/utxmia.fd
File: utxmia.fd 2000/12/15 v3.1
)
LaTeX Font Info:    Try loading font information for U+txsyc on input line 5.

(/usr/local/texlive/2012/texmf-dist/tex/latex/txfonts/utxsyc.fd
File: utxsyc.fd 2000/12/15 v3.1
)
LaTeX Font Info:    Try loading font information for U+wasy on input line 5.

(/usr/local/texlive/2012/texmf-dist/tex/latex/wasysym/uwasy.fd
File: uwasy.fd 2003/10/30 v2.0 Wasy-2 symbol font definitions
))
LaTeX Font Info:    Font shape `OT1/txss/m/n' will be
(Font)              scaled to size 3.79999pt on input line 1.
 [2

] [3

]
LaTeX Font Info:    Font shape `OT1/txss/m/n' will be
(Font)              scaled to size 9.49997pt on input line 61.
LaTeX Font Info:    Font shape `OT1/txss/m/n' will be
(Font)              scaled to size 6.64998pt on input line 61.
LaTeX Font Info:    Font shape `OT1/txss/m/n' will be
(Font)              scaled to size 4.74998pt on input line 61.

<8-1_intro_mlr/figures/books/book.pdf, id=117, 235.29224pt x 235.87042pt>
File: 8-1_intro_mlr/figures/books/book.pdf Graphic file (type pdf)

<use 8-1_intro_mlr/figures/books/book.pdf>
Package pdftex.def Info: 8-1_intro_mlr/figures/books/book.pdf used on input lin
e 61.
(pdftex.def)             Requested size: 89.70891pt x 89.9268pt.
 [4

 <./8-1_intro_mlr/figures/books/book.pdf>]
Underfull \hbox (badness 1127) in paragraph at lines 85--85
[]\OT1/txss/m/n/10 The scat-ter-plot shows the re-la-
 []


<8-1_intro_mlr/figures/books/weight_volume.pdf, id=146, 397.485pt x 310.15875pt
>
File: 8-1_intro_mlr/figures/books/weight_volume.pdf Graphic file (type pdf)
 <use 8-1_intro_mlr/figures/books/weight_volume.pdf>
Package pdftex.def Info: 8-1_intro_mlr/figures/books/weight_volume.pdf used on 
input line 85.
(pdftex.def)             Requested size: 144.17688pt x 112.5042pt.
LaTeX Font Info:    Font shape `OT1/txss/m/it' in size <10.95> not available
(Font)              Font shape `OT1/txss/m/sl' tried instead on input line 85.
LaTeX Font Info:    Font shape `OT1/txss/m/sl' will be
(Font)              scaled to size 10.40245pt on input line 85.

Overfull \vbox (0.35114pt too high) detected at line 85
 []

[5

 <./8-1_intro_mlr/figures/books/weight_volume.pdf>]
Underfull \hbox (badness 1127) in paragraph at lines 85--85
[]\OT1/txss/m/n/10 The scat-ter-plot shows the re-la-
 []

File: 8-1_intro_mlr/figures/books/weight_volume.pdf Graphic file (type pdf)
<use 8-1_intro_mlr/figures/books/weight_volume.pdf>
Package pdftex.def Info: 8-1_intro_mlr/figures/books/weight_volume.pdf used on 
input line 85.
(pdftex.def)             Requested size: 144.17688pt x 112.5042pt.
LaTeX Font Info:    Font shape `OT1/txss/m/it' in size <8> not available
(Font)              Font shape `OT1/txss/m/sl' tried instead on input line 85.
LaTeX Font Info:    Font shape `OT1/txss/m/sl' will be
(Font)              scaled to size 7.59998pt on input line 85.
LaTeX Font Info:    Font shape `OT1/txss/m/it' in size <6> not available
(Font)              Font shape `OT1/txss/m/sl' tried instead on input line 85.
LaTeX Font Info:    Font shape `OT1/txss/m/sl' will be
(Font)              scaled to size 5.69998pt on input line 85.

Overfull \vbox (0.35114pt too high) detected at line 85
 []

[6

]
\openout4 = `chp8.vrb'.

 (./chp8.vrb
LaTeX Font Info:    Font shape `OT1/txss/m/it' in size <10> not available
(Font)              Font shape `OT1/txss/m/sl' tried instead on input line 3.
LaTeX Font Info:    Font shape `OT1/txss/m/sl' will be
(Font)              scaled to size 9.49997pt on input line 3.
LaTeX Font Info:    Try loading font information for OT1+txtt on input line 5.

(/usr/local/texlive/2012/texmf-dist/tex/latex/txfonts/ot1txtt.fd
File: ot1txtt.fd 2000/12/15 v3.1
)) [7

]
<8-1_intro_mlr/figures/books/weight_volume_cover.pdf, id=186, 397.485pt x 310.1
5875pt>
File: 8-1_intro_mlr/figures/books/weight_volume_cover.pdf Graphic file (type pd
f)
 <use 8-1_intro_mlr/figures/books/weight_volume_cover.pdf>
Package pdftex.def Info: 8-1_intro_mlr/figures/books/weight_volume_cover.pdf us
ed on input line 121.
(pdftex.def)             Requested size: 192.23909pt x 150.01033pt.
 [8

 <./8-1_intro_mlr/figures/books/weight_volume_cover.pdf>]
File: 8-1_intro_mlr/figures/books/weight_volume_cover.pdf Graphic file (type pd
f)

<use 8-1_intro_mlr/figures/books/weight_volume_cover.pdf>
Package pdftex.def Info: 8-1_intro_mlr/figures/books/weight_volume_cover.pdf us
ed on input line 121.
(pdftex.def)             Requested size: 192.23909pt x 150.01033pt.

Overfull \vbox (8.46918pt too high) detected at line 121
 []

[9

]
\openout4 = `chp8.vrb'.

 (./chp8.vrb) [10

] [11

] [12

] [13

] [14

] [15

] [16

] [17

] [18

] [19

] [20

]
<8-1_intro_mlr/figures/books/weight_volume_cover_lines.pdf, id=304, 397.485pt x
 310.15875pt>
File: 8-1_intro_mlr/figures/books/weight_volume_cover_lines.pdf Graphic file (t
ype pdf)
 <use 8-1_intro_mlr/figures/books/weight_volume_cover_lines.pdf>
Package pdftex.def Info: 8-1_intro_mlr/figures/books/weight_volume_cover_lines.
pdf used on input line 257.
(pdftex.def)             Requested size: 256.31717pt x 200.01062pt.

[21

 <./8-1_intro_mlr/figures/books/weight_volume_cover_lines.pdf>] [22

]
[23

] [24

] [25

] [26

] [27

] [28

] [29

] [30

] [31

] [32

] [33

] [34

] [35

]

Package hyperref Warning: Token not allowed in a PDF string (PDFDocEncoding):
(hyperref)                removing `math shift' on input line 451.


Package hyperref Warning: Token not allowed in a PDF string (PDFDocEncoding):
(hyperref)                removing `superscript' on input line 451.


Package hyperref Warning: Token not allowed in a PDF string (PDFDocEncoding):
(hyperref)                removing `math shift' on input line 451.

<8-1_intro_mlr/figures/poverty/poverty.pdf, id=439, 722.7pt x 578.16pt>
File: 8-1_intro_mlr/figures/poverty/poverty.pdf Graphic file (type pdf)

<use 8-1_intro_mlr/figures/poverty/poverty.pdf>
Package pdftex.def Info: 8-1_intro_mlr/figures/poverty/poverty.pdf used on inpu
t line 464.
(pdftex.def)             Requested size: 288.35376pt x 230.67764pt.

Overfull \vbox (7.0222pt too high) detected at line 464
 []

[36

 <./8-1_intro_mlr/figures/poverty/poverty.pdf>]
\openout4 = `chp8.vrb'.

 (./chp8.vrb
<8-1_intro_mlr/figures/poverty/poverty_female_house.pdf, id=456, 397.485pt x 31
0.15875pt>
File: 8-1_intro_mlr/figures/poverty/poverty_female_house.pdf Graphic file (type
 pdf)
 <use 8-1_intro_mlr/figures/poverty/poverty_female_house.pdf>
Package pdftex.def Info: 8-1_intro_mlr/figures/poverty/poverty_female_house.pdf
 used on input line 26.
(pdftex.def)             Requested size: 160.19762pt x 125.00308pt.
)
[37

 <./8-1_intro_mlr/figures/poverty/poverty_female_house.pdf>]
\openout4 = `chp8.vrb'.

 (./chp8.vrb)
[38

] (./chp8.vrb) [39

] (./chp8.vrb) [40

] (./chp8.vrb) [41

] (./chp8.vrb)
[42

]
\openout4 = `chp8.vrb'.

 (./chp8.vrb
LaTeX Font Info:    Font shape `OT1/txss/m/it' in size <9> not available
(Font)              Font shape `OT1/txss/m/sl' tried instead on input line 24.
LaTeX Font Info:    Font shape `OT1/txss/m/sl' will be
(Font)              scaled to size 8.54997pt on input line 24.
) [43

] (./chp8.vrb) [44

] (./chp8.vrb) [45

] (./chp8.vrb)
[46

] (./chp8.vrb) [47

] [48

] [49

] [50

] [51

]
File: 8-1_intro_mlr/figures/poverty/poverty.pdf Graphic file (type pdf)

<use 8-1_intro_mlr/figures/poverty/poverty.pdf>
Package pdftex.def Info: 8-1_intro_mlr/figures/poverty/poverty.pdf used on inpu
t line 641.
(pdftex.def)             Requested size: 256.31717pt x 205.04973pt.

Overfull \vbox (7.40778pt too high) detected at line 641
 []

[52

] [53

] [54

] [55

] [56

] [57

]
\openout4 = `chp8.vrb'.

 (./chp8.vrb) [58

] (./chp8.vrb) [59

] (./chp8.vrb)
[60

] [61

] [62

] [63

] [64

] [65

] [66

]) (./8-2_model_select/8-2_model_select.tex
(./chp8.toc) [67

] [68

]
<8-2_model_select/figures/beauty/beauty_profeval.pdf, id=737, 397.485pt x 310.1
5875pt>
File: 8-2_model_select/figures/beauty/beauty_profeval.pdf Graphic file (type pd
f)
 <use 8-2_model_select/figures/beauty/beauty_profeval.pdf>
Package pdftex.def Info: 8-2_model_select/figures/beauty/beauty_profeval.pdf us
ed on input line 35.
(pdftex.def)             Requested size: 208.25494pt x 162.50449pt.

Overfull \vbox (3.27715pt too high) detected at line 35
 []

[69

 <./8-2_model_select/figures/beauty/beauty_profeval.pdf>] [70

] [71

]
<8-2_model_select/figures/beauty/beauty_profeval_gender.pdf, id=772, 397.485pt 
x 310.15875pt>
File: 8-2_model_select/figures/beauty/beauty_profeval_gender.pdf Graphic file (
type pdf)

<use 8-2_model_select/figures/beauty/beauty_profeval_gender.pdf>
Package pdftex.def Info: 8-2_model_select/figures/beauty/beauty_profeval_gender
.pdf used on input line 87.
(pdftex.def)             Requested size: 192.23909pt x 150.01033pt.
 [72

 <./8-2_model_select/figures/beauty/beauty_profeval_gender.pdf>]
File: 8-2_model_select/figures/beauty/beauty_profeval_gender.pdf Graphic file (
type pdf)

<use 8-2_model_select/figures/beauty/beauty_profeval_gender.pdf>
Package pdftex.def Info: 8-2_model_select/figures/beauty/beauty_profeval_gender
.pdf used on input line 87.
(pdftex.def)             Requested size: 192.23909pt x 150.01033pt.
 [73

]
File: 8-2_model_select/figures/beauty/beauty_profeval_gender.pdf Graphic file (
type pdf)

<use 8-2_model_select/figures/beauty/beauty_profeval_gender.pdf>
Package pdftex.def Info: 8-2_model_select/figures/beauty/beauty_profeval_gender
.pdf used on input line 87.
(pdftex.def)             Requested size: 192.23909pt x 150.01033pt.
 [74

]
\openout4 = `chp8.vrb'.


(./chp8.vrb) [75

] (./chp8.vrb) [76

]
\openout4 = `chp8.vrb'.

 (./chp8.vrb
LaTeX Font Info:    Font shape `OT1/txss/m/n' will be
(Font)              scaled to size 8.54997pt on input line 13.
) [77

] [78

] [79

] [80

]
\openout4 = `chp8.vrb'.


(./chp8.vrb) [81

] (./chp8.vrb) [82

] [83

] [84

] [85

]
LaTeX Font Info:    Font shape `OT1/txss/bx/n' in size <6> not available
(Font)              Font shape `OT1/txss/b/n' tried instead on input line 347.
LaTeX Font Info:    Font shape `OT1/txss/b/n' will be
(Font)              scaled to size 5.69998pt on input line 347.
 [86

] [87

] [88

] [89

] [90

]
\openout4 = `chp8.vrb'.


(./chp8.vrb) [91

] (./chp8.vrb) [92

]
Overfull \hbox (23.58136pt too wide) in paragraph at lines 417--417
[][] 
 []

[93

]
Overfull \hbox (23.58136pt too wide) in paragraph at lines 417--417
[][] 
 []

[94

]
Overfull \hbox (23.58136pt too wide) in paragraph at lines 417--417
[][] 
 []

[95

]
Overfull \hbox (23.58136pt too wide) in paragraph at lines 417--417
[][] 
 []

[96

]
Overfull \hbox (23.58136pt too wide) in paragraph at lines 417--417
[][] 
 []

[97

]
Overfull \hbox (23.58136pt too wide) in paragraph at lines 417--417
[][] 
 []

[98

]
Overfull \hbox (23.58136pt too wide) in paragraph at lines 417--417
[][] 
 []

[99

] [100

]
\openout4 = `chp8.vrb'.

 (./chp8.vrb) [101

]) (./8-3_model_cond/8-3_model_cond.tex (./chp8.toc) [102

] [103

]
<8-3_model_cond/figures/beauty/normal_res.pdf, id=1048, 722.7pt x 310.15875pt>
File: 8-3_model_cond/figures/beauty/normal_res.pdf Graphic file (type pdf)

<use 8-3_model_cond/figures/beauty/normal_res.pdf>
Package pdftex.def Info: 8-3_model_cond/figures/beauty/normal_res.pdf used on i
nput line 37.
(pdftex.def)             Requested size: 320.39525pt x 137.50198pt.
 [104

 <./8-3_model_cond/figures/beauty/normal_res.pdf>]
<8-3_model_cond/figures/beauty/homo_res.pdf, id=1066, 722.7pt x 310.15875pt>
File: 8-3_model_cond/figures/beauty/homo_res.pdf Graphic file (type pdf)

<use 8-3_model_cond/figures/beauty/homo_res.pdf>
Package pdftex.def Info: 8-3_model_cond/figures/beauty/homo_res.pdf used on inp
ut line 52.
(pdftex.def)             Requested size: 320.39525pt x 137.50198pt.
 [105

 <./8-3_model_cond/figures/beauty/homo_res.pdf>] [106

] [107

]
\openout4 = `chp8.vrb'.

 (./chp8.vrb
<8-3_model_cond/figures/beauty/indep_res.pdf, id=1098, 722.7pt x 310.15875pt>
File: 8-3_model_cond/figures/beauty/indep_res.pdf Graphic file (type pdf)

<use 8-3_model_cond/figures/beauty/indep_res.pdf>
Package pdftex.def Info: 8-3_model_cond/figures/beauty/indep_res.pdf used on in
put line 6.
(pdftex.def)             Requested size: 256.31717pt x 110.00064pt.
) [108

 <./8-3_model_cond/figures/beauty/indep_res.pdf>] [109

]
\openout4 = `chp8.vrb'.

 (./chp8.vrb
<8-3_model_cond/figures/beauty/linear.pdf, id=1125, 722.7pt x 310.15875pt>
File: 8-3_model_cond/figures/beauty/linear.pdf Graphic file (type pdf)

<use 8-3_model_cond/figures/beauty/linear.pdf>
Package pdftex.def Info: 8-3_model_cond/figures/beauty/linear.pdf used on input
 line 6.
(pdftex.def)             Requested size: 256.31717pt x 110.00064pt.
) [110

 <./8-3_model_cond/figures/beauty/linear.pdf>]) (./8-4_logistic_reg/8-4_logisti
c_reg.tex (./chp8.toc)
[111

] [112

] [113

] [114

] [115

] [116

] [117

]
<8-4_logistic_reg/figures/donner/status_age.pdf, id=1208, 578.16pt x 289.08pt>
File: 8-4_logistic_reg/figures/donner/status_age.pdf Graphic file (type pdf)

<use 8-4_logistic_reg/figures/donner/status_age.pdf>
Package pdftex.def Info: 8-4_logistic_reg/figures/donner/status_age.pdf used on
 input line 128.
(pdftex.def)             Requested size: 256.31717pt x 128.15718pt.

Overfull \vbox (5.35997pt too high) detected at line 128
 []

[118

 <./8-4_logistic_reg/figures/donner/status_age.pdf>]
File: 8-4_logistic_reg/figures/donner/status_age.pdf Graphic file (type pdf)

<use 8-4_logistic_reg/figures/donner/status_age.pdf>
Package pdftex.def Info: 8-4_logistic_reg/figures/donner/status_age.pdf used on
 input line 128.
(pdftex.def)             Requested size: 256.31717pt x 128.15718pt.

Overfull \vbox (5.35997pt too high) detected at line 128
 []

[119

] [120

] [121

] [122

] [123

] [124

]
Overfull \vbox (1.94742pt too high) detected at line 194
 []

[125

]
Overfull \vbox (1.94742pt too high) detected at line 194
 []

[126

] [127

] [128

]
\openout4 = `chp8.vrb'.

 (./chp8.vrb)
Overfull \vbox (4.07712pt too high) detected at line 268
 []

[129

] [130

] [131

] [132

] [133

] [134

] [135

] [136

]
<8-4_logistic_reg/figures/donner/donner_scatter.pdf, id=1370, 578.16pt x 289.08
pt>
File: 8-4_logistic_reg/figures/donner/donner_scatter.pdf Graphic file (type pdf
)
 <use 8-4_logistic_reg/figures/donner/donner_scatter.pdf>
Package pdftex.def Info: 8-4_logistic_reg/figures/donner/donner_scatter.pdf use
d on input line 355.
(pdftex.def)             Requested size: 256.31717pt x 128.15718pt.
 [137

 <./8-4_logistic_reg/figures/donner/donner_scatter.pdf>]
<8-4_logistic_reg/figures/donner/donner_scatter_pred.pdf, id=1387, 578.16pt x 2
89.08pt>
File: 8-4_logistic_reg/figures/donner/donner_scatter_pred.pdf Graphic file (typ
e pdf)
 <use 8-4_logistic_reg/figures/donner/donner_scatter_pred.pdf>
Package pdftex.def Info: 8-4_logistic_reg/figures/donner/donner_scatter_pred.pd
f used on input line 355.
(pdftex.def)             Requested size: 256.31717pt x 128.15718pt.
 [138

 <./8-4_logistic_reg/figures/donner/donner_scatter_pred.pdf>] [139

]
\openout4 = `chp8.vrb'.

 (./chp8.vrb)
[140

]
\openout4 = `chp8.vrb'.

 (./chp8.vrb)
Overfull \vbox (11.61722pt too high) detected at line 437
 []

[141

] [142

]
<8-4_logistic_reg/figures/donner/donner_scatter_both.pdf, id=1438, 578.16pt x 2
89.08pt>
File: 8-4_logistic_reg/figures/donner/donner_scatter_both.pdf Graphic file (typ
e pdf)
 <use 8-4_logistic_reg/figures/donner/donner_scatter_both.pdf>
Package pdftex.def Info: 8-4_logistic_reg/figures/donner/donner_scatter_both.pd
f used on input line 479.
(pdftex.def)             Requested size: 320.39525pt x 160.19427pt.
 [143

 <./8-4_logistic_reg/figures/donner/donner_scatter_both.pdf>]
\openout4 = `chp8.vrb'.

 (./chp8.vrb)

Class beamer Warning: Frame text is shrunk by a factor of 8.76465 percent inste
ad of 0 percent on input line 516.

[144

] (./chp8.vrb)

Class beamer Warning: Frame text is shrunk by a factor of 8.76465 percent inste
ad of 0 percent on input line 516.

[145

] [146

] [147

] [148

] [149

] [150

] [151

] [152

] [153

]
Overfull \hbox (15.24562pt too wide) in paragraph at lines 670--670
[][]  
 []


Overfull \vbox (2.30269pt too high) detected at line 670
 []

[154

] <8-4_logistic_reg/figures/birds/birds.pdf, id=1545, 578.16pt x 289.08pt>
File: 8-4_logistic_reg/figures/birds/birds.pdf Graphic file (type pdf)

<use 8-4_logistic_reg/figures/birds/birds.pdf>
Package pdftex.def Info: 8-4_logistic_reg/figures/birds/birds.pdf used on input
 line 694.
(pdftex.def)             Requested size: 256.31717pt x 128.15718pt.
 [155

 <./8-4_logistic_reg/figures/birds/birds.pdf>]
\openout4 = `chp8.vrb'.

 (./chp8.vrb)
Overfull \vbox (2.37375pt too high) detected at line 731
 []

[156

] [157

] [158

] [159

] [160

] [161

] [162

] [163

]
Overfull \hbox (4.17822pt too wide) detected at line 816
\OT1/txr/m/it/10.95 RR \OT1/txr/m/n/10.95 = \OT1/txr/m/it/10.95 P\OT1/txr/m/n/1
0.95 ([]\OMS/txsy/m/n/10.95 j[]\OT1/txr/m/n/10.95 )\OML/txmi/m/it/10.95 =\OT1/t
xr/m/it/10.95 P\OT1/txr/m/n/10.95 ([]\OMS/txsy/m/n/10.95 j[]\OT1/txr/m/n/10.95 
) = 0\OML/txmi/m/it/10.95 :\OT1/txr/m/n/10.95 171\OML/txmi/m/it/10.95 =\OT1/txr
/m/n/10.95 0\OML/txmi/m/it/10.95 :\OT1/txr/m/n/10.95 05 = 3\OML/txmi/m/it/10.95
 :\OT1/txr/m/n/10.95 41
 []

[164

]
Overfull \hbox (4.17822pt too wide) detected at line 816
\OT1/txr/m/it/10.95 RR \OT1/txr/m/n/10.95 = \OT1/txr/m/it/10.95 P\OT1/txr/m/n/1
0.95 ([]\OMS/txsy/m/n/10.95 j[]\OT1/txr/m/n/10.95 )\OML/txmi/m/it/10.95 =\OT1/t
xr/m/it/10.95 P\OT1/txr/m/n/10.95 ([]\OMS/txsy/m/n/10.95 j[]\OT1/txr/m/n/10.95 
) = 0\OML/txmi/m/it/10.95 :\OT1/txr/m/n/10.95 171\OML/txmi/m/it/10.95 =\OT1/txr
/m/n/10.95 0\OML/txmi/m/it/10.95 :\OT1/txr/m/n/10.95 05 = 3\OML/txmi/m/it/10.95
 :\OT1/txr/m/n/10.95 41
 []

[165

]
Overfull \hbox (4.17822pt too wide) detected at line 816
\OT1/txr/m/it/10.95 RR \OT1/txr/m/n/10.95 = \OT1/txr/m/it/10.95 P\OT1/txr/m/n/1
0.95 ([]\OMS/txsy/m/n/10.95 j[]\OT1/txr/m/n/10.95 )\OML/txmi/m/it/10.95 =\OT1/t
xr/m/it/10.95 P\OT1/txr/m/n/10.95 ([]\OMS/txsy/m/n/10.95 j[]\OT1/txr/m/n/10.95 
) = 0\OML/txmi/m/it/10.95 :\OT1/txr/m/n/10.95 171\OML/txmi/m/it/10.95 =\OT1/txr
/m/n/10.95 0\OML/txmi/m/it/10.95 :\OT1/txr/m/n/10.95 05 = 3\OML/txmi/m/it/10.95
 :\OT1/txr/m/n/10.95 41
 []

[166

] <8-4_logistic_reg/figures/birds/OR1.pdf, id=1654, 289.08pt x 289.08pt>
File: 8-4_logistic_reg/figures/birds/OR1.pdf Graphic file (type pdf)

<use 8-4_logistic_reg/figures/birds/OR1.pdf>
Package pdftex.def Info: 8-4_logistic_reg/figures/birds/OR1.pdf used on input l
ine 831.
(pdftex.def)             Requested size: 224.2757pt x 224.27287pt.
 [167

 <./8-4_logistic_reg/figures/birds/OR1.pdf>]
<8-4_logistic_reg/figures/birds/OR2.pdf, id=1668, 289.08pt x 289.08pt>
File: 8-4_logistic_reg/figures/birds/OR2.pdf Graphic file (type pdf)

<use 8-4_logistic_reg/figures/birds/OR2.pdf>
Package pdftex.def Info: 8-4_logistic_reg/figures/birds/OR2.pdf used on input l
ine 831.
(pdftex.def)             Requested size: 224.2757pt x 224.27287pt.
 [168

 <./8-4_logistic_reg/figures/birds/OR2.pdf>]
<8-4_logistic_reg/figures/birds/OR3.pdf, id=1683, 289.08pt x 289.08pt>
File: 8-4_logistic_reg/figures/birds/OR3.pdf Graphic file (type pdf)

<use 8-4_logistic_reg/figures/birds/OR3.pdf>
Package pdftex.def Info: 8-4_logistic_reg/figures/birds/OR3.pdf used on input l
ine 831.
(pdftex.def)             Requested size: 224.2757pt x 224.27287pt.
 [169

 <./8-4_logistic_reg/figures/birds/OR3.pdf>]
<8-4_logistic_reg/figures/all_OR.pdf, id=1699, 423.93921pt x 321.01352pt>
File: 8-4_logistic_reg/figures/all_OR.pdf Graphic file (type pdf)

<use 8-4_logistic_reg/figures/all_OR.pdf>
Package pdftex.def Info: 8-4_logistic_reg/figures/all_OR.pdf used on input line
 844.
(pdftex.def)             Requested size: 272.3379pt x 206.21696pt.
 [170

 <./8-4_logistic_reg/figures/all_OR.pdf>] [171

]
<8-4_logistic_reg/figures/tree_lupus.pdf, id=1724, 433.62pt x 216.81pt>
File: 8-4_logistic_reg/figures/tree_lupus.pdf Graphic file (type pdf)

<use 8-4_logistic_reg/figures/tree_lupus.pdf>
Package pdftex.def Info: 8-4_logistic_reg/figures/tree_lupus.pdf used on input 
line 880.
(pdftex.def)             Requested size: 256.31717pt x 128.1649pt.
 [172

 <./8-4_logistic_reg/figures/tree_lupus.pdf>] [173

] [174

] [175

] [176

]
<8-4_logistic_reg/figures/SenSpec.pdf, id=1771, 1003.75pt x 351.3125pt>
File: 8-4_logistic_reg/figures/SenSpec.pdf Graphic file (type pdf)

<use 8-4_logistic_reg/figures/SenSpec.pdf>
Package pdftex.def Info: 8-4_logistic_reg/figures/SenSpec.pdf used on input lin
e 953.
(pdftex.def)             Requested size: 320.39525pt x 112.13817pt.
 [177

 <./8-4_logistic_reg/figures/SenSpec.pdf>]
File: 8-4_logistic_reg/figures/SenSpec.pdf Graphic file (type pdf)
 <use 8-4_logistic_reg/figures/SenSpec.pdf>
Package pdftex.def Info: 8-4_logistic_reg/figures/SenSpec.pdf used on input lin
e 953.
(pdftex.def)             Requested size: 320.39525pt x 112.13817pt.
 [178

]
File: 8-4_logistic_reg/figures/SenSpec.pdf Graphic file (type pdf)

<use 8-4_logistic_reg/figures/SenSpec.pdf>
Package pdftex.def Info: 8-4_logistic_reg/figures/SenSpec.pdf used on input lin
e 953.
(pdftex.def)             Requested size: 320.39525pt x 112.13817pt.
 [179

]
File: 8-4_logistic_reg/figures/SenSpec.pdf Graphic file (type pdf)

<use 8-4_logistic_reg/figures/SenSpec.pdf>
Package pdftex.def Info: 8-4_logistic_reg/figures/SenSpec.pdf used on input lin
e 953.
(pdftex.def)             Requested size: 320.39525pt x 112.13817pt.
 [180

]
File: 8-4_logistic_reg/figures/SenSpec.pdf Graphic file (type pdf)

<use 8-4_logistic_reg/figures/SenSpec.pdf>
Package pdftex.def Info: 8-4_logistic_reg/figures/SenSpec.pdf used on input lin
e 953.
(pdftex.def)             Requested size: 320.39525pt x 112.13817pt.
 [181

]
File: 8-4_logistic_reg/figures/SenSpec.pdf Graphic file (type pdf)

<use 8-4_logistic_reg/figures/SenSpec.pdf>
Package pdftex.def Info: 8-4_logistic_reg/figures/SenSpec.pdf used on input lin
e 953.
(pdftex.def)             Requested size: 320.39525pt x 112.13817pt.
 [182

]
File: 8-4_logistic_reg/figures/SenSpec.pdf Graphic file (type pdf)

<use 8-4_logistic_reg/figures/SenSpec.pdf>
Package pdftex.def Info: 8-4_logistic_reg/figures/SenSpec.pdf used on input lin
e 953.
(pdftex.def)             Requested size: 320.39525pt x 112.13817pt.
 [183

]
File: 8-4_logistic_reg/figures/SenSpec.pdf Graphic file (type pdf)

<use 8-4_logistic_reg/figures/SenSpec.pdf>
Package pdftex.def Info: 8-4_logistic_reg/figures/SenSpec.pdf used on input lin
e 953.
(pdftex.def)             Requested size: 320.39525pt x 112.13817pt.
 [184

]
File: 8-4_logistic_reg/figures/SenSpec.pdf Graphic file (type pdf)

<use 8-4_logistic_reg/figures/SenSpec.pdf>
Package pdftex.def Info: 8-4_logistic_reg/figures/SenSpec.pdf used on input lin
e 953.
(pdftex.def)             Requested size: 320.39525pt x 112.13817pt.
 [185

]
File: 8-4_logistic_reg/figures/SenSpec.pdf Graphic file (type pdf)

<use 8-4_logistic_reg/figures/SenSpec.pdf>
Package pdftex.def Info: 8-4_logistic_reg/figures/SenSpec.pdf used on input lin
e 953.
(pdftex.def)             Requested size: 320.39525pt x 112.13817pt.

Overfull \vbox (5.89792pt too high) detected at line 953
 []

[186

] [187

] [188

] [189

]
<8-4_logistic_reg/figures/spam/spam1.pdf, id=1895, 505.89pt x 289.08pt>
File: 8-4_logistic_reg/figures/spam/spam1.pdf Graphic file (type pdf)

<use 8-4_logistic_reg/figures/spam/spam1.pdf>
Package pdftex.def Info: 8-4_logistic_reg/figures/spam/spam1.pdf used on input 
line 1010.
(pdftex.def)             Requested size: 320.39525pt x 183.08736pt.
 [190

 <./8-4_logistic_reg/figures/spam/spam1.pdf>]
File: 8-4_logistic_reg/figures/spam/spam1.pdf Graphic file (type pdf)
 <use 8-4_logistic_reg/figures/spam/spam1.pdf>
Package pdftex.def Info: 8-4_logistic_reg/figures/spam/spam1.pdf used on input 
line 1010.
(pdftex.def)             Requested size: 320.39525pt x 183.08736pt.
 [191

]
<8-4_logistic_reg/figures/spam/spam2.pdf, id=1920, 505.89pt x 289.08pt>
File: 8-4_logistic_reg/figures/spam/spam2.pdf Graphic file (type pdf)

<use 8-4_logistic_reg/figures/spam/spam2.pdf>
Package pdftex.def Info: 8-4_logistic_reg/figures/spam/spam2.pdf used on input 
line 1010.
(pdftex.def)             Requested size: 320.39525pt x 183.08736pt.
 [192

 <./8-4_logistic_reg/figures/spam/spam2.pdf>]
<8-4_logistic_reg/figures/spam/spam3.pdf, id=1937, 505.89pt x 289.08pt>
File: 8-4_logistic_reg/figures/spam/spam3.pdf Graphic file (type pdf)

<use 8-4_logistic_reg/figures/spam/spam3.pdf>
Package pdftex.def Info: 8-4_logistic_reg/figures/spam/spam3.pdf used on input 
line 1010.
(pdftex.def)             Requested size: 320.39525pt x 183.08736pt.
 [193

 <./8-4_logistic_reg/figures/spam/spam3.pdf>]
<8-4_logistic_reg/figures/spam/spam4.pdf, id=1956, 505.89pt x 289.08pt>
File: 8-4_logistic_reg/figures/spam/spam4.pdf Graphic file (type pdf)

<use 8-4_logistic_reg/figures/spam/spam4.pdf>
Package pdftex.def Info: 8-4_logistic_reg/figures/spam/spam4.pdf used on input 
line 1010.
(pdftex.def)             Requested size: 320.39525pt x 183.08736pt.
 [194

 <./8-4_logistic_reg/figures/spam/spam4.pdf>]
<8-4_logistic_reg/figures/spam/spam5.pdf, id=1973, 505.89pt x 289.08pt>
File: 8-4_logistic_reg/figures/spam/spam5.pdf Graphic file (type pdf)

<use 8-4_logistic_reg/figures/spam/spam5.pdf>
Package pdftex.def Info: 8-4_logistic_reg/figures/spam/spam5.pdf used on input 
line 1010.
(pdftex.def)             Requested size: 320.39525pt x 183.08736pt.
 [195

 <./8-4_logistic_reg/figures/spam/spam5.pdf>] [196

] [197

] [198

]
<8-4_logistic_reg/figures/spam/spam5-1.pdf, id=2014, 505.89pt x 289.08pt>
File: 8-4_logistic_reg/figures/spam/spam5-1.pdf Graphic file (type pdf)

<use 8-4_logistic_reg/figures/spam/spam5-1.pdf>
Package pdftex.def Info: 8-4_logistic_reg/figures/spam/spam5-1.pdf used on inpu
t line 1065.
(pdftex.def)             Requested size: 288.35376pt x 164.7773pt.
 [199

 <./8-4_logistic_reg/figures/spam/spam5-1.pdf>]
<8-4_logistic_reg/figures/spam/spam5-2.pdf, id=2032, 505.89pt x 289.08pt>
File: 8-4_logistic_reg/figures/spam/spam5-2.pdf Graphic file (type pdf)

<use 8-4_logistic_reg/figures/spam/spam5-2.pdf>
Package pdftex.def Info: 8-4_logistic_reg/figures/spam/spam5-2.pdf used on inpu
t line 1065.
(pdftex.def)             Requested size: 288.35376pt x 164.7773pt.
 [200

 <./8-4_logistic_reg/figures/spam/spam5-2.pdf>]
<8-4_logistic_reg/figures/spam/spam5-3.pdf, id=2049, 505.89pt x 289.08pt>
File: 8-4_logistic_reg/figures/spam/spam5-3.pdf Graphic file (type pdf)

<use 8-4_logistic_reg/figures/spam/spam5-3.pdf>
Package pdftex.def Info: 8-4_logistic_reg/figures/spam/spam5-3.pdf used on inpu
t line 1065.
(pdftex.def)             Requested size: 288.35376pt x 164.7773pt.
 [201

 <./8-4_logistic_reg/figures/spam/spam5-3.pdf>]
<8-4_logistic_reg/figures/spam/spam5-4.pdf, id=2066, 505.89pt x 289.08pt>
File: 8-4_logistic_reg/figures/spam/spam5-4.pdf Graphic file (type pdf)

<use 8-4_logistic_reg/figures/spam/spam5-4.pdf>
Package pdftex.def Info: 8-4_logistic_reg/figures/spam/spam5-4.pdf used on inpu
t line 1065.
(pdftex.def)             Requested size: 288.35376pt x 164.7773pt.
 [202

 <./8-4_logistic_reg/figures/spam/spam5-4.pdf>]
<8-4_logistic_reg/figures/spam/spam5-5.pdf, id=2084, 505.89pt x 289.08pt>
File: 8-4_logistic_reg/figures/spam/spam5-5.pdf Graphic file (type pdf)

<use 8-4_logistic_reg/figures/spam/spam5-5.pdf>
Package pdftex.def Info: 8-4_logistic_reg/figures/spam/spam5-5.pdf used on inpu
t line 1065.
(pdftex.def)             Requested size: 288.35376pt x 164.7773pt.
 [203

 <./8-4_logistic_reg/figures/spam/spam5-5.pdf>]
<8-4_logistic_reg/figures/spam/sen_vs_spec1.pdf, id=2101, 289.08pt x 289.08pt>
File: 8-4_logistic_reg/figures/spam/sen_vs_spec1.pdf Graphic file (type pdf)

<use 8-4_logistic_reg/figures/spam/sen_vs_spec1.pdf>
Package pdftex.def Info: 8-4_logistic_reg/figures/spam/sen_vs_spec1.pdf used on
 input line 1093.
(pdftex.def)             Requested size: 160.19762pt x 160.19427pt.
 [204

 <./8-4_logistic_reg/figures/spam/sen_vs_spec1.pdf>]
<8-4_logistic_reg/figures/spam/sen_vs_spec2.pdf, id=2116, 289.08pt x 289.08pt>
File: 8-4_logistic_reg/figures/spam/sen_vs_spec2.pdf Graphic file (type pdf)

<use 8-4_logistic_reg/figures/spam/sen_vs_spec2.pdf>
Package pdftex.def Info: 8-4_logistic_reg/figures/spam/sen_vs_spec2.pdf used on
 input line 1093.
(pdftex.def)             Requested size: 160.19762pt x 160.19427pt.
 [205

 <./8-4_logistic_reg/figures/spam/sen_vs_spec2.pdf>]
<8-4_logistic_reg/figures/spam/sen_vs_spec3.pdf, id=2132, 289.08pt x 289.08pt>
File: 8-4_logistic_reg/figures/spam/sen_vs_spec3.pdf Graphic file (type pdf)

<use 8-4_logistic_reg/figures/spam/sen_vs_spec3.pdf>
Package pdftex.def Info: 8-4_logistic_reg/figures/spam/sen_vs_spec3.pdf used on
 input line 1093.
(pdftex.def)             Requested size: 160.19762pt x 160.19427pt.
 [206

 <./8-4_logistic_reg/figures/spam/sen_vs_spec3.pdf>]
<8-4_logistic_reg/figures/spam/ROC.pdf, id=2147, 289.08pt x 289.08pt>
File: 8-4_logistic_reg/figures/spam/ROC.pdf Graphic file (type pdf)

<use 8-4_logistic_reg/figures/spam/ROC.pdf>
Package pdftex.def Info: 8-4_logistic_reg/figures/spam/ROC.pdf used on input li
ne 1106.
(pdftex.def)             Requested size: 224.2757pt x 224.27287pt.
 [207

 <./8-4_logistic_reg/figures/spam/ROC.pdf>] [208

]
\openout4 = `chp8.vrb'.

 (./chp8.vrb) [209

]
\openout4 = `chp8.vrb'.

 (./chp8.vrb
<8-4_logistic_reg/figures/spam/ROC_comp.pdf, id=2177, 433.62pt x 433.62pt>
File: 8-4_logistic_reg/figures/spam/ROC_comp.pdf Graphic file (type pdf)

<use 8-4_logistic_reg/figures/spam/ROC_comp.pdf>
Package pdftex.def Info: 8-4_logistic_reg/figures/spam/ROC_comp.pdf used on inp
ut line 6.
(pdftex.def)             Requested size: 224.2757pt x 224.2795pt.
) [210

 <./8-4_logistic_reg/figures/spam/ROC_comp.pdf>] [211

] [212

] [213

] [214

] [215

] [216

] [217

] [218

]
[219

] [220

]
<8-4_logistic_reg/figures/spam/utility.pdf, id=2273, 433.62pt x 289.08pt>
File: 8-4_logistic_reg/figures/spam/utility.pdf Graphic file (type pdf)

<use 8-4_logistic_reg/figures/spam/utility.pdf>
Package pdftex.def Info: 8-4_logistic_reg/figures/spam/utility.pdf used on inpu
t line 1255.
(pdftex.def)             Requested size: 320.39525pt x 213.60707pt.
 [221

 <./8-4_logistic_reg/figures/spam/utility.pdf>]
<8-4_logistic_reg/figures/spam/utility2.pdf, id=2288, 433.62pt x 289.08pt>
File: 8-4_logistic_reg/figures/spam/utility2.pdf Graphic file (type pdf)

<use 8-4_logistic_reg/figures/spam/utility2.pdf>
Package pdftex.def Info: 8-4_logistic_reg/figures/spam/utility2.pdf used on inp
ut line 1270.
(pdftex.def)             Requested size: 320.39525pt x 213.60707pt.
 [222

 <./8-4_logistic_reg/figures/spam/utility2.pdf>]
<8-4_logistic_reg/figures/spam/utility3.pdf, id=2303, 433.62pt x 289.08pt>
File: 8-4_logistic_reg/figures/spam/utility3.pdf Graphic file (type pdf)

<use 8-4_logistic_reg/figures/spam/utility3.pdf>
Package pdftex.def Info: 8-4_logistic_reg/figures/spam/utility3.pdf used on inp
ut line 1270.
(pdftex.def)             Requested size: 320.39525pt x 213.60707pt.
 [223

 <./8-4_logistic_reg/figures/spam/utility3.pdf>]
<8-4_logistic_reg/figures/spam/utility4.pdf, id=2320, 505.89pt x 289.08pt>
File: 8-4_logistic_reg/figures/spam/utility4.pdf Graphic file (type pdf)

<use 8-4_logistic_reg/figures/spam/utility4.pdf>
Package pdftex.def Info: 8-4_logistic_reg/figures/spam/utility4.pdf used on inp
ut line 1281.
(pdftex.def)             Requested size: 320.39525pt x 183.08736pt.
 [224

 <./8-4_logistic_reg/figures/spam/utility4.pdf>]
\tf@nav=\write6
\openout6 = `chp8.nav'.

\tf@toc=\write7
\openout7 = `chp8.toc'.

\tf@snm=\write8
\openout8 = `chp8.snm'.

Package atveryend Info: Empty hook `BeforeClearDocument' on input line 1284.
Package atveryend Info: Empty hook `AfterLastShipout' on input line 1284.
 (./chp8.aux)
Package atveryend Info: Executing hook `AtVeryEndDocument' on input line 1284.
Package atveryend Info: Executing hook `AtEndAfterFileList' on input line 1284.

Package rerunfilecheck Info: File `chp8.out' has not changed.
(rerunfilecheck)             Checksum: 7AF24E28B55499A63BD56D6728923B97;956.
Package atveryend Info: Empty hook `AtVeryVeryEnd' on input line 1284.
 ) ) 
Here is how much of TeX's memory you used:
 22267 strings out of 493488
 409561 string characters out of 3141326
 493944 words of memory out of 3000000
 24377 multiletter control sequences out of 15000+200000
 91192 words of font info for 197 fonts, out of 3000000 for 9000
 957 hyphenation exceptions out of 8191
 49i,18n,64p,764b,775s stack positions out of 5000i,500n,10000p,200000b,50000s
{/usr/local/texlive/2012/texmf-dist/fonts/enc/dvips/base/8r.enc}</usr/local
/texlive/2012/texmf-dist/fonts/type1/public/txfonts/rtxmi.pfb></usr/local/texli
ve/2012/texmf-dist/fonts/type1/public/txfonts/rtxr.pfb></usr/local/texlive/2012
/texmf-dist/fonts/type1/public/txfonts/txex.pfb></usr/local/texlive/2012/texmf-
dist/fonts/type1/public/txfonts/txsy.pfb></usr/local/texlive/2012/texmf-dist/fo
nts/type1/public/txfonts/txsya.pfb></usr/local/texlive/2012/texmf-dist/fonts/ty
pe1/public/txfonts/txsyb.pfb></usr/local/texlive/2012/texmf-dist/fonts/type1/pu
blic/txfonts/txsyc.pfb></usr/local/texlive/2012/texmf-dist/fonts/type1/public/t
xfonts/txtt.pfb></usr/local/texlive/2012/texmf-dist/fonts/type1/urw/helvetic/uh
vb8a.pfb></usr/local/texlive/2012/texmf-dist/fonts/type1/urw/helvetic/uhvr8a.pf
b></usr/local/texlive/2012/texmf-dist/fonts/type1/urw/helvetic/uhvr8a.pfb></usr
/local/texlive/2012/texmf-dist/fonts/type1/urw/times/utmb8a.pfb></usr/local/tex
live/2012/texmf-dist/fonts/type1/urw/times/utmr8a.pfb></usr/local/texlive/2012/
texmf-dist/fonts/type1/urw/times/utmri8a.pfb>
Output written on chp8.pdf (224 pages, 3337081 bytes).
PDF statistics:
 2490 PDF objects out of 2984 (max. 8388607)
 2122 compressed objects within 22 object streams
 462 named destinations out of 1000 (max. 500000)
 407 words of extra memory for PDF output out of 10000 (max. 10000000)

